#
# There is insufficient memory for the Java Runtime Environment to continue.
# Native memory allocation (mmap) failed to map 127926272 bytes for Failed to commit area from 0x00000000c0000000 to 0x00000000c7a00000 of length 127926272.
# Possible reasons:
#   The system is out of physical RAM or swap space
#   The process is running with CompressedOops enabled, and the Java Heap may be blocking the growth of the native heap
# Possible solutions:
#   Reduce memory load on the system
#   Increase physical memory or swap space
#   Check if swap backing store is full
#   Decrease Java heap size (-Xmx/-Xms)
#   Decrease number of Java threads
#   Decrease Java thread stack sizes (-Xss)
#   Set larger code cache with -XX:ReservedCodeCacheSize=
#   JVM is running with Unscaled Compressed Oops mode in which the Java heap is
#     placed in the first 4GB address space. The Java Heap base address is the
#     maximum limit for the native heap growth. Please use -XX:HeapBaseMinAddress
#     to set the Java Heap base and to place the Java Heap above 4GB virtual address.
# This output file may be truncated or incomplete.
#
#  Out of Memory Error (./open/src/hotspot/os/windows/os_windows.cpp:3315), pid=616, tid=8512
#
# JRE version:  (14.0.2+12) (build )
# Java VM: OpenJDK 64-Bit Server VM (14.0.2+12-46, mixed mode, sharing, tiered, compressed oops, g1 gc, windows-amd64)
# No core dump will be written. Minidumps are not enabled by default on client versions of Windows
#

---------------  S U M M A R Y ------------

Command Line: --add-modules=ALL-SYSTEM --add-opens=java.base/java.util=ALL-UNNAMED --add-opens=java.base/java.lang=ALL-UNNAMED -Declipse.application=org.eclipse.jdt.ls.core.id1 -Dosgi.bundles.defaultStartLevel=4 -Declipse.product=org.eclipse.jdt.ls.core.product -Dfile.encoding=utf8 -DwatchParentProcess=false -Xverify:none -Xmx1G -XX:+UseG1GC -XX:+UseStringDeduplication -javaagent:c:\Users\Admin\.vscode\extensions\gabrielbb.vscode-lombok-1.0.1\server\lombok.jar c:\Users\Admin\.vscode\extensions\redhat.java-0.72.0\server\plugins\org.eclipse.equinox.launcher_1.6.0.v20200915-1508.jar -configuration c:\Users\Admin\AppData\Roaming\Code\User\globalStorage\redhat.java\0.72.0\config_win -data c:\Users\Admin\AppData\Roaming\Code\User\workspaceStorage\0cc837daecbdc7f3be5503a1d35a12d6\redhat.java\jdt_ws

Host: Intel(R) Core(TM) i7-3687U CPU @ 2.10GHz, 4 cores, 7G,  Windows 10 , 64 bit Build 15063 (10.0.15063.1058)
Time: Wed Dec 16 14:25:55 2020 SE Asia Standard Time elapsed time: 0 seconds (0d 0h 0m 0s)

---------------  T H R E A D  ---------------

Current thread (0x000001db3c9df000):  JavaThread "Unknown thread" [_thread_in_vm, id=8512, stack(0x000000a087500000,0x000000a087600000)]

Stack: [0x000000a087500000,0x000000a087600000]
Native frames: (J=compiled Java code, j=interpreted, Vv=VM code, C=native code)
V  [jvm.dll+0x5f8a9a]
V  [jvm.dll+0x74247a]
V  [jvm.dll+0x743c2f]
V  [jvm.dll+0x744273]
V  [jvm.dll+0x20d288]
V  [jvm.dll+0x5f5dea]
V  [jvm.dll+0x5eac45]
V  [jvm.dll+0x2c7e9c]
V  [jvm.dll+0x2c7cd2]
V  [jvm.dll+0x2cdbbc]
V  [jvm.dll+0x313fe8]
V  [jvm.dll+0x313710]
V  [jvm.dll+0x2a092a]
V  [jvm.dll+0x2a1a79]
V  [jvm.dll+0x71fd48]
V  [jvm.dll+0x321c14]
V  [jvm.dll+0x70112c]
V  [jvm.dll+0x392def]
V  [jvm.dll+0x394e61]
C  [jli.dll+0x524b]
C  [ucrtbase.dll+0x20279]
C  [KERNEL32.DLL+0x12784]
C  [ntdll.dll+0x50c31]


---------------  P R O C E S S  ---------------

Threads class SMR info:
_java_thread_list=0x00007fff723e3038, length=0, elements={
}

Java Threads: ( => current thread )

Other Threads:
  0x000001db3ca0e800 GCTaskThread "GC Thread#0" [stack: 0x000000a087600000,0x000000a087700000] [id=10596]
  0x000001db3ca19000 ConcurrentGCThread "G1 Main Marker" [stack: 0x000000a087700000,0x000000a087800000] [id=12228]
  0x000001db3ca1a800 ConcurrentGCThread "G1 Conc#0" [stack: 0x000000a087800000,0x000000a087900000] [id=11132]

[error occurred during error reporting (printing all threads), id 0xc0000005, EXCEPTION_ACCESS_VIOLATION (0xc0000005) at pc=0x00007fff71c11257]

VM state:not at safepoint (not fully initialized)

VM Mutex/Monitor currently owned by a thread:  ([mutex/lock_event])
[0x000001db3c9db210] Heap_lock - owner thread: 0x000001db3c9df000

Heap address: 0x00000000c0000000, size: 1024 MB, Compressed Oops mode: 32-bit
Narrow klass base: 0x0000000000000000, Narrow klass shift: 0

GC Heap History (0 events):
No events

Deoptimization events (0 events):
No events

Classes unloaded (0 events):
No events

Classes redefined (0 events):
No events

Internal exceptions (0 events):
No events

Events (2 events):
Event: 0.013 Loaded shared library C:\Users\Admin\Downloads\openjdk-14.0.2_windows-x64_bin\jdk-14.0.2\bin\java.dll
Event: 0.015 Loaded shared library C:\Users\Admin\Downloads\openjdk-14.0.2_windows-x64_bin\jdk-14.0.2\bin\zip.dll


Dynamic libraries:
0x00007ff758240000 - 0x00007ff75824d000 	C:\Users\Admin\Downloads\openjdk-14.0.2_windows-x64_bin\jdk-14.0.2\bin\java.exe
0x00007fff9d1b0000 - 0x00007fff9d38b000 	C:\Windows\SYSTEM32\ntdll.dll
0x00007fff9c070000 - 0x00007fff9c11e000 	C:\Windows\System32\KERNEL32.DLL
0x00007fff99820000 - 0x00007fff99a6a000 	C:\Windows\System32\KERNELBASE.dll
0x00007fff99c20000 - 0x00007fff99d16000 	C:\Windows\System32\ucrtbase.dll
0x00007fff957b0000 - 0x00007fff957c8000 	C:\Users\Admin\Downloads\openjdk-14.0.2_windows-x64_bin\jdk-14.0.2\bin\jli.dll
0x00007fff93c30000 - 0x00007fff93c45000 	C:\Users\Admin\Downloads\openjdk-14.0.2_windows-x64_bin\jdk-14.0.2\bin\VCRUNTIME140.dll
0x00007fff9c120000 - 0x00007fff9c26a000 	C:\Windows\System32\USER32.dll
0x00007fff929e0000 - 0x00007fff92c47000 	C:\Windows\WinSxS\amd64_microsoft.windows.common-controls_6595b64144ccf1df_6.0.15063.1155_none_40c7922129a7722b\COMCTL32.dll
0x00007fff99c00000 - 0x00007fff99c1e000 	C:\Windows\System32\win32u.dll
0x00007fff9c280000 - 0x00007fff9c31d000 	C:\Windows\System32\msvcrt.dll
0x00007fff9a7d0000 - 0x00007fff9a7f7000 	C:\Windows\System32\GDI32.dll
0x00007fff99a70000 - 0x00007fff99bf8000 	C:\Windows\System32\gdi32full.dll
0x00007fff9ccf0000 - 0x00007fff9cfe9000 	C:\Windows\System32\combase.dll
0x00007fff9bf40000 - 0x00007fff9c065000 	C:\Windows\System32\RPCRT4.dll
0x00007fff99780000 - 0x00007fff9981a000 	C:\Windows\System32\msvcp_win.dll
0x00007fff99ef0000 - 0x00007fff99f5a000 	C:\Windows\System32\bcryptPrimitives.dll
0x00007fff9cc60000 - 0x00007fff9cc8d000 	C:\Windows\System32\IMM32.DLL
0x00007fff78d30000 - 0x00007fff78dcb000 	C:\Users\Admin\Downloads\openjdk-14.0.2_windows-x64_bin\jdk-14.0.2\bin\msvcp140.dll
0x00007fff71960000 - 0x00007fff7247e000 	C:\Users\Admin\Downloads\openjdk-14.0.2_windows-x64_bin\jdk-14.0.2\bin\server\jvm.dll
0x00007fff9a970000 - 0x00007fff9aa11000 	C:\Windows\System32\ADVAPI32.dll
0x00007fff9cc00000 - 0x00007fff9cc59000 	C:\Windows\System32\sechost.dll
0x00007fff9c270000 - 0x00007fff9c278000 	C:\Windows\System32\PSAPI.DLL
0x00007fff8fe00000 - 0x00007fff8fe09000 	C:\Windows\SYSTEM32\WSOCK32.dll
0x00007fff935a0000 - 0x00007fff935c3000 	C:\Windows\SYSTEM32\WINMM.dll
0x00007fff91240000 - 0x00007fff9124a000 	C:\Windows\SYSTEM32\VERSION.dll
0x00007fff93570000 - 0x00007fff9359b000 	C:\Windows\SYSTEM32\WINMMBASE.dll
0x00007fff99f60000 - 0x00007fff99fa9000 	C:\Windows\System32\cfgmgr32.dll
0x00007fff9c340000 - 0x00007fff9c3ac000 	C:\Windows\System32\WS2_32.dll
0x00007fff99660000 - 0x00007fff99671000 	C:\Windows\System32\kernel.appcore.dll
0x00007fff95dd0000 - 0x00007fff95dda000 	C:\Users\Admin\Downloads\openjdk-14.0.2_windows-x64_bin\jdk-14.0.2\bin\jimage.dll
0x00007fff75f50000 - 0x00007fff760f9000 	C:\Windows\SYSTEM32\DBGHELP.DLL
0x00007fff75cb0000 - 0x00007fff75cd9000 	C:\Windows\SYSTEM32\dbgcore.DLL
0x00007fff958e0000 - 0x00007fff958ee000 	C:\Users\Admin\Downloads\openjdk-14.0.2_windows-x64_bin\jdk-14.0.2\bin\instrument.dll
0x00007fff8e4a0000 - 0x00007fff8e4c5000 	C:\Users\Admin\Downloads\openjdk-14.0.2_windows-x64_bin\jdk-14.0.2\bin\java.dll
0x00007fff87920000 - 0x00007fff87936000 	C:\Users\Admin\Downloads\openjdk-14.0.2_windows-x64_bin\jdk-14.0.2\bin\zip.dll

dbghelp: loaded successfully - version: 4.0.5 - missing functions: none
symbol engine: initialized successfully - sym options: 0x614 - pdb path: .;C:\Users\Admin\Downloads\openjdk-14.0.2_windows-x64_bin\jdk-14.0.2\bin;C:\Windows\SYSTEM32;C:\Windows\WinSxS\amd64_microsoft.windows.common-controls_6595b64144ccf1df_6.0.15063.1155_none_40c7922129a7722b;C:\Users\Admin\Downloads\openjdk-14.0.2_windows-x64_bin\jdk-14.0.2\bin\server

VM Arguments:
jvm_args: --add-modules=ALL-SYSTEM --add-opens=java.base/java.util=ALL-UNNAMED --add-opens=java.base/java.lang=ALL-UNNAMED -Declipse.application=org.eclipse.jdt.ls.core.id1 -Dosgi.bundles.defaultStartLevel=4 -Declipse.product=org.eclipse.jdt.ls.core.product -Dfile.encoding=utf8 -DwatchParentProcess=false -Xverify:none -Xmx1G -XX:+UseG1GC -XX:+UseStringDeduplication -javaagent:c:\Users\Admin\.vscode\extensions\gabrielbb.vscode-lombok-1.0.1\server\lombok.jar 
java_command: c:\Users\Admin\.vscode\extensions\redhat.java-0.72.0\server\plugins\org.eclipse.equinox.launcher_1.6.0.v20200915-1508.jar -configuration c:\Users\Admin\AppData\Roaming\Code\User\globalStorage\redhat.java\0.72.0\config_win -data c:\Users\Admin\AppData\Roaming\Code\User\workspaceStorage\0cc837daecbdc7f3be5503a1d35a12d6\redhat.java\jdt_ws
java_class_path (initial): c:\Users\Admin\.vscode\extensions\redhat.java-0.72.0\server\plugins\org.eclipse.equinox.launcher_1.6.0.v20200915-1508.jar
Launcher Type: SUN_STANDARD

[Global flags]
     intx CICompilerCount                          = 3                                         {product} {ergonomic}
     uint ConcGCThreads                            = 1                                         {product} {ergonomic}
     uint G1ConcRefinementThreads                  = 4                                         {product} {ergonomic}
   size_t G1HeapRegionSize                         = 1048576                                   {product} {ergonomic}
    uintx GCDrainStackTargetSize                   = 64                                        {product} {ergonomic}
   size_t InitialHeapSize                          = 127926272                                 {product} {ergonomic}
   size_t MarkStackSize                            = 4194304                                   {product} {ergonomic}
   size_t MaxHeapSize                              = 1073741824                                {product} {command line}
   size_t MinHeapDeltaBytes                        = 1048576                                   {product} {ergonomic}
   size_t MinHeapSize                              = 8388608                                   {product} {ergonomic}
    uintx NonNMethodCodeHeapSize                   = 5832780                                {pd product} {ergonomic}
    uintx NonProfiledCodeHeapSize                  = 122912730                              {pd product} {ergonomic}
    uintx ProfiledCodeHeapSize                     = 122912730                              {pd product} {ergonomic}
    uintx ReservedCodeCacheSize                    = 251658240                              {pd product} {ergonomic}
     bool SegmentedCodeCache                       = true                                      {product} {ergonomic}
   size_t SoftMaxHeapSize                          = 1073741824                             {manageable} {ergonomic}
     bool UseCompressedClassPointers               = true                                 {lp64_product} {ergonomic}
     bool UseCompressedOops                        = true                                 {lp64_product} {ergonomic}
     bool UseG1GC                                  = true                                      {product} {command line}
     bool UseLargePagesIndividualAllocation        = false                                  {pd product} {ergonomic}
     bool UseStringDeduplication                   = true                                      {product} {command line}

Logging:
Log output configuration:
 #0: stdout all=warning uptime,level,tags
 #1: stderr all=off uptime,level,tags

Environment Variables:
JAVA_HOME=C:\Users\Admin\Downloads\openjdk-14.0.2_windows-x64_bin\jdk-14.0.2
CLASSPATH=.;
PATH=C:\Python27\;C:\Python27\Scripts;C:\Program Files\AdoptOpenJDK\jdk-8.0.232.09-hotspot\bin;C:\Windows\system32;C:\Windows;C:\Windows\System32\Wbem;C:\Windows\System32\WindowsPowerShell\v1.0\;E:\TPsTech\Software\nodejs\;C:\ProgramData\chocolatey\bin;E:\TPsTech\Software\Git\cmd;C:\Users\Admin\AppData\Local\Android\Sdk\platform-tools;C:\Program Files\Java\jdk1.8.0_211\bin;C:\Users\Admin\AppData\Local\Android\Sdk;C:\Program Files (x86)\Yarn\bin\;C:\Program Files\Genymobile\Genymotion\tools;C:\Program Files (x86)\PuTTY\;C:\Users\Admin\Downloads\php-7.4.9-nts-Win32-vc15-x64;C:\ProgramData\ComposerSetup\bin;C:\Program Files\Microsoft\Web Platform Installer\;C:\Ruby26-x64\bin;C:\Users\Admin\AppData\Local\Microsoft\WindowsApps;E:\TPsTech\Software\Microsoft VS Code\bin;C:\Users\Admin\AppData\Roaming\npm;C:\Users\Admin\Downloads\apache-maven-3.6.3-bin\apache-maven-3.6.3\bin;C:\Program Files\Genymobile\Genymotion\tools;C:\Users\Admin\AppData\Local\Android\Sdk\platform-tools;C:\Users\Admin\AppData\Local\Android\Sdk;C:\Users\Admin\AppData\Local\Yarn\bin;C:\Users\Admin\AppData\Local\Programs\Microsoft VS Code\bin;C:\Users\Admin\AppData\Roaming\Composer\vendor\bin
USERNAME=Admin
OS=Windows_NT
PROCESSOR_IDENTIFIER=Intel64 Family 6 Model 58 Stepping 9, GenuineIntel



---------------  S Y S T E M  ---------------

OS: Windows 10 , 64 bit Build 15063 (10.0.15063.1058)
OS uptime: 0 days 21:11 hours

CPU:total 4 (initial active 4) (2 cores per cpu, 2 threads per core) family 6 model 58 stepping 9, cmov, cx8, fxsr, mmx, sse, sse2, sse3, ssse3, sse4.1, sse4.2, popcnt, avx, clmul, erms, ht, tsc, tscinvbit, tscinv

Memory: 4k page, system-wide physical 7750M (1315M free)
TotalPageFile size 7750M (AvailPageFile size 973M)
current process WorkingSet (physical memory assigned to process): 10M, peak: 10M
current process commit charge ("private bytes"): 51M, peak: 173M

vm_info: OpenJDK 64-Bit Server VM (14.0.2+12-46) for windows-amd64 JRE (14.0.2+12-46), built on Jul  9 2020 00:31:16 by "mach5one" with MS VC++ 15.9 (VS2017)

END.
