#
# There is insufficient memory for the Java Runtime Environment to continue.
# Native memory allocation (mmap) failed to map 127926272 bytes for Failed to commit area from 0x00000000c0000000 to 0x00000000c7a00000 of length 127926272.
# Possible reasons:
#   The system is out of physical RAM or swap space
#   The process is running with CompressedOops enabled, and the Java Heap may be blocking the growth of the native heap
# Possible solutions:
#   Reduce memory load on the system
#   Increase physical memory or swap space
#   Check if swap backing store is full
#   Decrease Java heap size (-Xmx/-Xms)
#   Decrease number of Java threads
#   Decrease Java thread stack sizes (-Xss)
#   Set larger code cache with -XX:ReservedCodeCacheSize=
#   JVM is running with Unscaled Compressed Oops mode in which the Java heap is
#     placed in the first 4GB address space. The Java Heap base address is the
#     maximum limit for the native heap growth. Please use -XX:HeapBaseMinAddress
#     to set the Java Heap base and to place the Java Heap above 4GB virtual address.
# This output file may be truncated or incomplete.
#
#  Out of Memory Error (./open/src/hotspot/os/windows/os_windows.cpp:3315), pid=512, tid=14240
#
# JRE version:  (14.0.2+12) (build )
# Java VM: OpenJDK 64-Bit Server VM (14.0.2+12-46, mixed mode, sharing, tiered, compressed oops, g1 gc, windows-amd64)
# No core dump will be written. Minidumps are not enabled by default on client versions of Windows
#

---------------  S U M M A R Y ------------

Command Line: --add-modules=ALL-SYSTEM --add-opens=java.base/java.util=ALL-UNNAMED --add-opens=java.base/java.lang=ALL-UNNAMED -Declipse.application=org.eclipse.jdt.ls.core.id1 -Dosgi.bundles.defaultStartLevel=4 -Declipse.product=org.eclipse.jdt.ls.core.product -Dfile.encoding=utf8 -DwatchParentProcess=false -Xverify:none -Xmx1G -XX:+UseG1GC -XX:+UseStringDeduplication -javaagent:c:\Users\Admin\.vscode\extensions\gabrielbb.vscode-lombok-1.0.1\server\lombok.jar c:\Users\Admin\.vscode\extensions\redhat.java-0.75.0\server\plugins\org.eclipse.equinox.launcher_1.6.0.v20200915-1508.jar -configuration c:\Users\Admin\AppData\Roaming\Code\User\globalStorage\redhat.java\0.75.0\config_win -data c:\Users\Admin\AppData\Roaming\Code\User\workspaceStorage\0cc837daecbdc7f3be5503a1d35a12d6\redhat.java\jdt_ws

Host: Intel(R) Core(TM) i7-3687U CPU @ 2.10GHz, 4 cores, 7G,  Windows 10 , 64 bit Build 15063 (10.0.15063.1058)
Time: Thu Feb 18 14:10:08 2021 SE Asia Standard Time elapsed time: 0 seconds (0d 0h 0m 0s)

---------------  T H R E A D  ---------------

Current thread (0x000001fb653e0000):  JavaThread "Unknown thread" [_thread_in_vm, id=14240, stack(0x0000002a75f00000,0x0000002a76000000)]

Stack: [0x0000002a75f00000,0x0000002a76000000]
Native frames: (J=compiled Java code, j=interpreted, Vv=VM code, C=native code)
V  [jvm.dll+0x5f8a9a]
V  [jvm.dll+0x74247a]
V  [jvm.dll+0x743c2f]
V  [jvm.dll+0x744273]
V  [jvm.dll+0x20d288]
V  [jvm.dll+0x5f5dea]
V  [jvm.dll+0x5eac45]
V  [jvm.dll+0x2c7e9c]
V  [jvm.dll+0x2c7cd2]
V  [jvm.dll+0x2cdbbc]
V  [jvm.dll+0x313fe8]
V  [jvm.dll+0x313710]
V  [jvm.dll+0x2a092a]
V  [jvm.dll+0x2a1a79]
V  [jvm.dll+0x71fd48]
V  [jvm.dll+0x321c14]
V  [jvm.dll+0x70112c]
V  [jvm.dll+0x392def]
V  [jvm.dll+0x394e61]
C  [jli.dll+0x524b]
C  [ucrtbase.dll+0x20279]
C  [KERNEL32.DLL+0x12784]
C  [ntdll.dll+0x50c31]


---------------  P R O C E S S  ---------------

Threads class SMR info:
_java_thread_list=0x00007ffb6e4b3038, length=0, elements={
}

Java Threads: ( => current thread )

Other Threads:
  0x000001fb6540f000 GCTaskThread "GC Thread#0" [stack: 0x0000002a76000000,0x0000002a76100000] [id=14264]
  0x000001fb6541a000 ConcurrentGCThread "G1 Main Marker" [stack: 0x0000002a76100000,0x0000002a76200000] [id=14232]
  0x000001fb6541b800 ConcurrentGCThread "G1 Conc#0" [stack: 0x0000002a76200000,0x0000002a76300000] [id=14228]

[error occurred during error reporting (printing all threads), id 0xc0000005, EXCEPTION_ACCESS_VIOLATION (0xc0000005) at pc=0x00007ffb6dce1257]

VM state:not at safepoint (not fully initialized)

VM Mutex/Monitor currently owned by a thread:  ([mutex/lock_event])
[0x000001fb653dbad0] Heap_lock - owner thread: 0x000001fb653e0000

Heap address: 0x00000000c0000000, size: 1024 MB, Compressed Oops mode: 32-bit
Narrow klass base: 0x0000000000000000, Narrow klass shift: 0

GC Heap History (0 events):
No events

Deoptimization events (0 events):
No events

Classes unloaded (0 events):
No events

Classes redefined (0 events):
No events

Internal exceptions (0 events):
No events

Events (2 events):
Event: 0.010 Loaded shared library C:\Users\Admin\Downloads\openjdk-14.0.2_windows-x64_bin\jdk-14.0.2\bin\java.dll
Event: 0.011 Loaded shared library C:\Users\Admin\Downloads\openjdk-14.0.2_windows-x64_bin\jdk-14.0.2\bin\zip.dll


Dynamic libraries:
0x00007ff758e70000 - 0x00007ff758e7d000 	C:\Users\Admin\Downloads\openjdk-14.0.2_windows-x64_bin\jdk-14.0.2\bin\java.exe
0x00007ffb9a920000 - 0x00007ffb9aafb000 	C:\Windows\SYSTEM32\ntdll.dll
0x00007ffb99780000 - 0x00007ffb9982e000 	C:\Windows\System32\KERNEL32.DLL
0x00007ffb97c30000 - 0x00007ffb97e7a000 	C:\Windows\System32\KERNELBASE.dll
0x00007ffb97100000 - 0x00007ffb971f6000 	C:\Windows\System32\ucrtbase.dll
0x00007ffb8bec0000 - 0x00007ffb8bed8000 	C:\Users\Admin\Downloads\openjdk-14.0.2_windows-x64_bin\jdk-14.0.2\bin\jli.dll
0x00007ffb851c0000 - 0x00007ffb851d5000 	C:\Users\Admin\Downloads\openjdk-14.0.2_windows-x64_bin\jdk-14.0.2\bin\VCRUNTIME140.dll
0x00007ffb999f0000 - 0x00007ffb99b3a000 	C:\Windows\System32\USER32.dll
0x00007ffb8fd50000 - 0x00007ffb8ffb7000 	C:\Windows\WinSxS\amd64_microsoft.windows.common-controls_6595b64144ccf1df_6.0.15063.1155_none_40c7922129a7722b\COMCTL32.dll
0x00007ffb973f0000 - 0x00007ffb9740e000 	C:\Windows\System32\win32u.dll
0x00007ffb99840000 - 0x00007ffb998dd000 	C:\Windows\System32\msvcrt.dll
0x00007ffb9a260000 - 0x00007ffb9a287000 	C:\Windows\System32\GDI32.dll
0x00007ffb99480000 - 0x00007ffb99779000 	C:\Windows\System32\combase.dll
0x00007ffb97200000 - 0x00007ffb97388000 	C:\Windows\System32\gdi32full.dll
0x00007ffb9a770000 - 0x00007ffb9a895000 	C:\Windows\System32\RPCRT4.dll
0x00007ffb96e40000 - 0x00007ffb96eda000 	C:\Windows\System32\msvcp_win.dll
0x00007ffb97410000 - 0x00007ffb9747a000 	C:\Windows\System32\bcryptPrimitives.dll
0x00007ffb9a290000 - 0x00007ffb9a2bd000 	C:\Windows\System32\IMM32.DLL
0x00007ffb75b40000 - 0x00007ffb75bdb000 	C:\Users\Admin\Downloads\openjdk-14.0.2_windows-x64_bin\jdk-14.0.2\bin\msvcp140.dll
0x00007ffb6da30000 - 0x00007ffb6e54e000 	C:\Users\Admin\Downloads\openjdk-14.0.2_windows-x64_bin\jdk-14.0.2\bin\server\jvm.dll
0x00007ffb9a060000 - 0x00007ffb9a101000 	C:\Windows\System32\ADVAPI32.dll
0x00007ffb99fa0000 - 0x00007ffb99ff9000 	C:\Windows\System32\sechost.dll
0x00007ffb99830000 - 0x00007ffb99838000 	C:\Windows\System32\PSAPI.DLL
0x00007ffb8dec0000 - 0x00007ffb8dec9000 	C:\Windows\SYSTEM32\WSOCK32.dll
0x00007ffb90c20000 - 0x00007ffb90c43000 	C:\Windows\SYSTEM32\WINMM.dll
0x00007ffb8e950000 - 0x00007ffb8e95a000 	C:\Windows\SYSTEM32\VERSION.dll
0x00007ffb99410000 - 0x00007ffb9947c000 	C:\Windows\System32\WS2_32.dll
0x00007ffb90b90000 - 0x00007ffb90bbb000 	C:\Windows\SYSTEM32\WINMMBASE.dll
0x00007ffb96ee0000 - 0x00007ffb96f29000 	C:\Windows\System32\cfgmgr32.dll
0x00007ffb96e00000 - 0x00007ffb96e11000 	C:\Windows\System32\kernel.appcore.dll
0x00007ffb90450000 - 0x00007ffb9045a000 	C:\Users\Admin\Downloads\openjdk-14.0.2_windows-x64_bin\jdk-14.0.2\bin\jimage.dll
0x00007ffb84050000 - 0x00007ffb841f9000 	C:\Windows\SYSTEM32\DBGHELP.DLL
0x00007ffb84020000 - 0x00007ffb84049000 	C:\Windows\SYSTEM32\dbgcore.DLL
0x00007ffb85720000 - 0x00007ffb8572e000 	C:\Users\Admin\Downloads\openjdk-14.0.2_windows-x64_bin\jdk-14.0.2\bin\instrument.dll
0x00007ffb779f0000 - 0x00007ffb77a15000 	C:\Users\Admin\Downloads\openjdk-14.0.2_windows-x64_bin\jdk-14.0.2\bin\java.dll
0x00007ffb851a0000 - 0x00007ffb851b6000 	C:\Users\Admin\Downloads\openjdk-14.0.2_windows-x64_bin\jdk-14.0.2\bin\zip.dll

dbghelp: loaded successfully - version: 4.0.5 - missing functions: none
symbol engine: initialized successfully - sym options: 0x614 - pdb path: .;C:\Users\Admin\Downloads\openjdk-14.0.2_windows-x64_bin\jdk-14.0.2\bin;C:\Windows\SYSTEM32;C:\Windows\WinSxS\amd64_microsoft.windows.common-controls_6595b64144ccf1df_6.0.15063.1155_none_40c7922129a7722b;C:\Users\Admin\Downloads\openjdk-14.0.2_windows-x64_bin\jdk-14.0.2\bin\server

VM Arguments:
jvm_args: --add-modules=ALL-SYSTEM --add-opens=java.base/java.util=ALL-UNNAMED --add-opens=java.base/java.lang=ALL-UNNAMED -Declipse.application=org.eclipse.jdt.ls.core.id1 -Dosgi.bundles.defaultStartLevel=4 -Declipse.product=org.eclipse.jdt.ls.core.product -Dfile.encoding=utf8 -DwatchParentProcess=false -Xverify:none -Xmx1G -XX:+UseG1GC -XX:+UseStringDeduplication -javaagent:c:\Users\Admin\.vscode\extensions\gabrielbb.vscode-lombok-1.0.1\server\lombok.jar 
java_command: c:\Users\Admin\.vscode\extensions\redhat.java-0.75.0\server\plugins\org.eclipse.equinox.launcher_1.6.0.v20200915-1508.jar -configuration c:\Users\Admin\AppData\Roaming\Code\User\globalStorage\redhat.java\0.75.0\config_win -data c:\Users\Admin\AppData\Roaming\Code\User\workspaceStorage\0cc837daecbdc7f3be5503a1d35a12d6\redhat.java\jdt_ws
java_class_path (initial): c:\Users\Admin\.vscode\extensions\redhat.java-0.75.0\server\plugins\org.eclipse.equinox.launcher_1.6.0.v20200915-1508.jar
Launcher Type: SUN_STANDARD

[Global flags]
     intx CICompilerCount                          = 3                                         {product} {ergonomic}
     uint ConcGCThreads                            = 1                                         {product} {ergonomic}
     uint G1ConcRefinementThreads                  = 4                                         {product} {ergonomic}
   size_t G1HeapRegionSize                         = 1048576                                   {product} {ergonomic}
    uintx GCDrainStackTargetSize                   = 64                                        {product} {ergonomic}
   size_t InitialHeapSize                          = 127926272                                 {product} {ergonomic}
   size_t MarkStackSize                            = 4194304                                   {product} {ergonomic}
   size_t MaxHeapSize                              = 1073741824                                {product} {command line}
   size_t MinHeapDeltaBytes                        = 1048576                                   {product} {ergonomic}
   size_t MinHeapSize                              = 8388608                                   {product} {ergonomic}
    uintx NonNMethodCodeHeapSize                   = 5832780                                {pd product} {ergonomic}
    uintx NonProfiledCodeHeapSize                  = 122912730                              {pd product} {ergonomic}
    uintx ProfiledCodeHeapSize                     = 122912730                              {pd product} {ergonomic}
    uintx ReservedCodeCacheSize                    = 251658240                              {pd product} {ergonomic}
     bool SegmentedCodeCache                       = true                                      {product} {ergonomic}
   size_t SoftMaxHeapSize                          = 1073741824                             {manageable} {ergonomic}
     bool UseCompressedClassPointers               = true                                 {lp64_product} {ergonomic}
     bool UseCompressedOops                        = true                                 {lp64_product} {ergonomic}
     bool UseG1GC                                  = true                                      {product} {command line}
     bool UseLargePagesIndividualAllocation        = false                                  {pd product} {ergonomic}
     bool UseStringDeduplication                   = true                                      {product} {command line}

Logging:
Log output configuration:
 #0: stdout all=warning uptime,level,tags
 #1: stderr all=off uptime,level,tags

Environment Variables:
JAVA_HOME=C:\Users\Admin\Downloads\openjdk-14.0.2_windows-x64_bin\jdk-14.0.2
CLASSPATH=.;
PATH=C:\Python27\;C:\Python27\Scripts;C:\Program Files\AdoptOpenJDK\jdk-8.0.232.09-hotspot\bin;C:\Windows\system32;C:\Windows;C:\Windows\System32\Wbem;C:\Windows\System32\WindowsPowerShell\v1.0\;E:\TPsTech\Software\nodejs\;C:\ProgramData\chocolatey\bin;E:\TPsTech\Software\Git\cmd;C:\Users\Admin\AppData\Local\Android\Sdk\platform-tools;C:\Program Files\Java\jdk1.8.0_211\bin;C:\Users\Admin\AppData\Local\Android\Sdk;C:\Program Files (x86)\Yarn\bin\;C:\Program Files\Genymobile\Genymotion\tools;C:\Program Files (x86)\PuTTY\;C:\Users\Admin\Downloads\php-7.4.9-nts-Win32-vc15-x64;C:\ProgramData\ComposerSetup\bin;C:\Program Files\Microsoft\Web Platform Installer\;C:\Ruby26-x64\bin;C:\Users\Admin\AppData\Local\Microsoft\WindowsApps;E:\TPsTech\Software\Microsoft VS Code\bin;C:\Users\Admin\AppData\Roaming\npm;C:\Users\Admin\Downloads\apache-maven-3.6.3-bin\apache-maven-3.6.3\bin;C:\Program Files\Genymobile\Genymotion\tools;C:\Users\Admin\AppData\Local\Android\Sdk\platform-tools;C:\Users\Admin\AppData\Local\Android\Sdk;C:\Users\Admin\AppData\Local\Yarn\bin;C:\Users\Admin\AppData\Local\Programs\Microsoft VS Code\bin;C:\Users\Admin\AppData\Roaming\Composer\vendor\bin
USERNAME=Admin
OS=Windows_NT
PROCESSOR_IDENTIFIER=Intel64 Family 6 Model 58 Stepping 9, GenuineIntel



---------------  S Y S T E M  ---------------

OS: Windows 10 , 64 bit Build 15063 (10.0.15063.1058)
OS uptime: 13 days 6:09 hours

CPU:total 4 (initial active 4) (2 cores per cpu, 2 threads per core) family 6 model 58 stepping 9, cmov, cx8, fxsr, mmx, sse, sse2, sse3, ssse3, sse4.1, sse4.2, popcnt, avx, clmul, erms, ht, tsc, tscinvbit, tscinv

Memory: 4k page, system-wide physical 7750M (1563M free)
TotalPageFile size 7750M (AvailPageFile size 789M)
current process WorkingSet (physical memory assigned to process): 10M, peak: 10M
current process commit charge ("private bytes"): 52M, peak: 173M

vm_info: OpenJDK 64-Bit Server VM (14.0.2+12-46) for windows-amd64 JRE (14.0.2+12-46), built on Jul  9 2020 00:31:16 by "mach5one" with MS VC++ 15.9 (VS2017)

END.
