#
# There is insufficient memory for the Java Runtime Environment to continue.
# Native memory allocation (malloc) failed to allocate 65552 bytes for Chunk::new
# Possible reasons:
#   The system is out of physical RAM or swap space
#   The process is running with CompressedOops enabled, and the Java Heap may be blocking the growth of the native heap
# Possible solutions:
#   Reduce memory load on the system
#   Increase physical memory or swap space
#   Check if swap backing store is full
#   Decrease Java heap size (-Xmx/-Xms)
#   Decrease number of Java threads
#   Decrease Java thread stack sizes (-Xss)
#   Set larger code cache with -XX:ReservedCodeCacheSize=
#   JVM is running with Unscaled Compressed Oops mode in which the Java heap is
#     placed in the first 4GB address space. The Java Heap base address is the
#     maximum limit for the native heap growth. Please use -XX:HeapBaseMinAddress
#     to set the Java Heap base and to place the Java Heap above 4GB virtual address.
# This output file may be truncated or incomplete.
#
#  Out of Memory Error (allocation.cpp:389), pid=12308, tid=0x0000000000002768
#
# JRE version: Java(TM) SE Runtime Environment (8.0_211-b12) (build 1.8.0_211-b12)
# Java VM: Java HotSpot(TM) 64-Bit Server VM (25.211-b12 mixed mode windows-amd64 compressed oops)
# Failed to write core dump. Minidumps are not enabled by default on client versions of Windows
#

---------------  T H R E A D  ---------------

Current thread (0x000000001882e000):  JavaThread "C2 CompilerThread0" daemon [_thread_in_native, id=10088, stack(0x0000000019250000,0x0000000019350000)]

Stack: [0x0000000019250000,0x0000000019350000]
[error occurred during error reporting (printing stack bounds), id 0xc0000005]

Native frames: (J=compiled Java code, j=interpreted, Vv=VM code, C=native code)


Current CompileTask:
C2:  42759 11008   !   4       java.net.URL::<init> (543 bytes)


---------------  P R O C E S S  ---------------

Java Threads: ( => current thread )
  0x000000001ea9b000 JavaThread "Keep-Alive-Timer" daemon [_thread_blocked, id=4828, stack(0x000000002a470000,0x000000002a570000)]
  0x000000001ea9a000 JavaThread "DestroyJavaVM" [_thread_blocked, id=6120, stack(0x0000000002680000,0x0000000002780000)]
  0x000000001ea92800 JavaThread "http-nio-5000-Acceptor" daemon [_thread_in_native, id=1684, stack(0x000000002a070000,0x000000002a170000)]
  0x000000001ea99800 JavaThread "http-nio-5000-ClientPoller" daemon [_thread_in_native, id=1664, stack(0x0000000029f70000,0x000000002a070000)]
  0x000000001ea92000 JavaThread "http-nio-5000-exec-10" daemon [_thread_in_vm, id=4104, stack(0x0000000029e70000,0x0000000029f70000)]
  0x000000001ea98800 JavaThread "http-nio-5000-exec-9" daemon [_thread_blocked, id=8640, stack(0x0000000029d70000,0x0000000029e70000)]
  0x000000001ea91000 JavaThread "http-nio-5000-exec-8" daemon [_thread_blocked, id=1716, stack(0x0000000029c70000,0x0000000029d70000)]
  0x000000001ea98000 JavaThread "http-nio-5000-exec-7" daemon [_thread_blocked, id=5028, stack(0x0000000029b70000,0x0000000029c70000)]
  0x000000001ea96800 JavaThread "http-nio-5000-exec-6" daemon [_thread_blocked, id=10580, stack(0x0000000029a70000,0x0000000029b70000)]
  0x000000001ea95800 JavaThread "http-nio-5000-exec-5" daemon [_thread_blocked, id=228, stack(0x0000000029970000,0x0000000029a70000)]
  0x000000001ea94000 JavaThread "http-nio-5000-exec-4" daemon [_thread_blocked, id=9276, stack(0x0000000029870000,0x0000000029970000)]
  0x000000001ea93800 JavaThread "http-nio-5000-exec-3" daemon [_thread_blocked, id=11808, stack(0x0000000029520000,0x0000000029620000)]
  0x000000001ea90800 JavaThread "http-nio-5000-exec-2" daemon [_thread_blocked, id=2508, stack(0x0000000029420000,0x0000000029520000)]
  0x000000001ea97000 JavaThread "http-nio-5000-exec-1" daemon [_thread_blocked, id=1500, stack(0x0000000028d00000,0x0000000028e00000)]
  0x000000001ea95000 JavaThread "http-nio-5000-BlockPoller" daemon [_thread_in_native, id=5976, stack(0x0000000028c00000,0x0000000028d00000)]
  0x000000001f910800 JavaThread "File Watcher" daemon [_thread_blocked, id=10604, stack(0x0000000025ee0000,0x0000000025fe0000)]
  0x000000001f90f800 JavaThread "MessageBroker-1" [_thread_blocked, id=32, stack(0x00000000249b0000,0x0000000024ab0000)]
  0x000000001f90f000 JavaThread "Live Reload Server" daemon [_thread_in_native, id=11784, stack(0x00000000246a0000,0x00000000247a0000)]
  0x000000001f90c800 JavaThread "container-0" [_thread_blocked, id=12168, stack(0x00000000244a0000,0x00000000245a0000)]
  0x000000001f90d800 JavaThread "Catalina-utility-2" [_thread_blocked, id=8100, stack(0x00000000243a0000,0x00000000244a0000)]
  0x000000001f90c000 JavaThread "Catalina-utility-1" [_thread_blocked, id=13084, stack(0x00000000242a0000,0x00000000243a0000)]
  0x000000001f911000 JavaThread "HikariPool-1 housekeeper" daemon [_thread_blocked, id=6104, stack(0x00000000237c0000,0x00000000238c0000)]
  0x000000001f912800 JavaThread "PostgreSQL-JDBC-SharedTimer-1" daemon [_thread_blocked, id=9592, stack(0x00000000236c0000,0x00000000237c0000)]
  0x0000000018899800 JavaThread "Service Thread" daemon [_thread_blocked, id=9356, stack(0x0000000019550000,0x0000000019650000)]
  0x0000000018830800 JavaThread "C1 CompilerThread2" daemon [_thread_blocked, id=5004, stack(0x0000000019450000,0x0000000019550000)]
  0x000000001882f800 JavaThread "C2 CompilerThread1" daemon [_thread_blocked, id=12792, stack(0x0000000019350000,0x0000000019450000)]
=>0x000000001882e000 JavaThread "C2 CompilerThread0" daemon [_thread_in_native, id=10088, stack(0x0000000019250000,0x0000000019350000)]
  0x0000000018816000 JavaThread "JDWP Command Reader" daemon [_thread_in_native, id=11908, stack(0x0000000019150000,0x0000000019250000)]
  0x0000000018812800 JavaThread "JDWP Event Helper Thread" daemon [_thread_blocked, id=2536, stack(0x0000000019050000,0x0000000019150000)]
  0x00000000171d1800 JavaThread "JDWP Transport Listener: dt_socket" daemon [_thread_blocked, id=6280, stack(0x0000000018f50000,0x0000000019050000)]
  0x0000000017215800 JavaThread "Attach Listener" daemon [_thread_blocked, id=8912, stack(0x0000000018710000,0x0000000018810000)]
  0x00000000171bd000 JavaThread "Signal Dispatcher" daemon [_thread_blocked, id=5948, stack(0x0000000018610000,0x0000000018710000)]
  0x00000000028ac800 JavaThread "Finalizer" daemon [_thread_blocked, id=10880, stack(0x0000000018420000,0x0000000018520000)]
  0x00000000171aa000 JavaThread "Reference Handler" daemon [_thread_blocked, id=8532, stack(0x0000000018320000,0x0000000018420000)]

Other Threads:
  0x0000000017188000 VMThread [stack: 0x0000000018220000,0x0000000018320000] [id=6864]
  0x00000000188db000 WatcherThread [stack: 0x0000000019650000,0x0000000019750000] [id=12152]

VM state:not at safepoint (normal execution)

VM Mutex/Monitor currently owned by a thread: None

heap address: 0x0000000086e00000, size: 1938 MB, Compressed Oops mode: 32-bit
Narrow klass base: 0x0000000000000000, Narrow klass shift: 3
Compressed class space size: 1073741824 Address: 0x0000000100000000

Heap:
 PSYoungGen      total 305664K, used 93168K [0x00000000d7a00000, 0x00000000ef700000, 0x0000000100000000)
  eden space 289792K, 26% used [0x00000000d7a00000,0x00000000dc583e00,0x00000000e9500000)
  from space 15872K, 99% used [0x00000000e9500000,0x00000000ea4784f0,0x00000000ea480000)
  to   space 22016K, 0% used [0x00000000ee180000,0x00000000ee180000,0x00000000ef700000)
 ParOldGen       total 112128K, used 39981K [0x0000000086e00000, 0x000000008db80000, 0x00000000d7a00000)
  object space 112128K, 35% used [0x0000000086e00000,0x000000008950b7d8,0x000000008db80000)
 Metaspace       used 78600K, capacity 83120K, committed 83348K, reserved 1122304K
  class space    used 10410K, capacity 11103K, committed 11196K, reserved 1048576K

Card table byte_map: [0x0000000011d60000,0x0000000012130000] byte_map_base: 0x0000000011929000

Marking Bits: (ParMarkBitMap*) 0x0000000072a35ce0
 Begin Bits: [0x00000000127c0000, 0x0000000014608000)
 End Bits:   [0x0000000014608000, 0x0000000016450000)

Polling page: 0x0000000000e30000

CodeCache: size=245760Kb used=28070Kb max_used=28084Kb free=217689Kb
 bounds [0x00000000029a0000, 0x0000000004530000, 0x00000000119a0000]
 total_blobs=10110 nmethods=9511 adapters=517
 compilation: enabled

Compilation events (10 events):
Event: 42.704 Thread 0x000000001882e000 11004       4       java.util.BitSet::checkInvariants (111 bytes)
Event: 42.704 Thread 0x000000001882e000 nmethod 11004 0x0000000002c65ad0 code [0x0000000002c65c00, 0x0000000002c65c58]
Event: 42.704 Thread 0x000000001882f800 nmethod 11000 0x000000000452ab90 code [0x000000000452ade0, 0x000000000452cdc0]
Event: 42.704 Thread 0x0000000018830800 11005       1       org.springframework.context.event.SimpleApplicationEventMulticaster::getErrorHandler (5 bytes)
Event: 42.704 Thread 0x0000000018830800 nmethod 11005 0x0000000004522810 code [0x0000000004522960, 0x0000000004522a70]
Event: 42.727 Thread 0x000000001882f800 11006       4       sun.nio.cs.UTF_8$Encoder::encode (359 bytes)
Event: 42.727 Thread 0x0000000018830800 11007       3       java.util.Collections$UnmodifiableCollection::size (10 bytes)
Event: 42.727 Thread 0x0000000018830800 nmethod 11007 0x00000000045223d0 code [0x0000000004522540, 0x0000000004522768]
Event: 42.729 Thread 0x000000001882e000 11008   !   4       java.net.URL::<init> (543 bytes)
Event: 42.743 Thread 0x000000001882f800 nmethod 11006 0x0000000004527ad0 code [0x0000000004527c40, 0x0000000004528598]

GC Heap History (10 events):
Event: 12.989 GC heap before
{Heap before GC invocations=12 (full 2):
 PSYoungGen      total 180736K, used 168448K [0x00000000d7a00000, 0x00000000e7400000, 0x0000000100000000)
  eden space 168448K, 100% used [0x00000000d7a00000,0x00000000e1e80000,0x00000000e1e80000)
  from space 12288K, 0% used [0x00000000e1e80000,0x00000000e1e80000,0x00000000e2a80000)
  to   space 11776K, 0% used [0x00000000e6880000,0x00000000e6880000,0x00000000e7400000)
 ParOldGen       total 76288K, used 13690K [0x0000000086e00000, 0x000000008b880000, 0x00000000d7a00000)
  object space 76288K, 17% used [0x0000000086e00000,0x0000000087b5e828,0x000000008b880000)
 Metaspace       used 45742K, capacity 47794K, committed 47960K, reserved 1091584K
  class space    used 6112K, capacity 6482K, committed 6528K, reserved 1048576K
Event: 13.018 GC heap after
Heap after GC invocations=12 (full 2):
 PSYoungGen      total 236032K, used 11745K [0x00000000d7a00000, 0x00000000e7400000, 0x0000000100000000)
  eden space 224256K, 0% used [0x00000000d7a00000,0x00000000d7a00000,0x00000000e5500000)
  from space 11776K, 99% used [0x00000000e6880000,0x00000000e73f87b0,0x00000000e7400000)
  to   space 13824K, 0% used [0x00000000e5900000,0x00000000e5900000,0x00000000e6680000)
 ParOldGen       total 76288K, used 15932K [0x0000000086e00000, 0x000000008b880000, 0x00000000d7a00000)
  object space 76288K, 20% used [0x0000000086e00000,0x0000000087d8f278,0x000000008b880000)
 Metaspace       used 45742K, capacity 47794K, committed 47960K, reserved 1091584K
  class space    used 6112K, capacity 6482K, committed 6528K, reserved 1048576K
}
Event: 16.479 GC heap before
{Heap before GC invocations=13 (full 2):
 PSYoungGen      total 236032K, used 193355K [0x00000000d7a00000, 0x00000000e7400000, 0x0000000100000000)
  eden space 224256K, 80% used [0x00000000d7a00000,0x00000000e2b5a488,0x00000000e5500000)
  from space 11776K, 99% used [0x00000000e6880000,0x00000000e73f87b0,0x00000000e7400000)
  to   space 13824K, 0% used [0x00000000e5900000,0x00000000e5900000,0x00000000e6680000)
 ParOldGen       total 76288K, used 15932K [0x0000000086e00000, 0x000000008b880000, 0x00000000d7a00000)
  object space 76288K, 20% used [0x0000000086e00000,0x0000000087d8f278,0x000000008b880000)
 Metaspace       used 56143K, capacity 58928K, committed 59028K, reserved 1099776K
  class space    used 7609K, capacity 8075K, committed 8124K, reserved 1048576K
Event: 16.514 GC heap after
Heap after GC invocations=13 (full 2):
 PSYoungGen      total 242176K, used 11940K [0x00000000d7a00000, 0x00000000eb680000, 0x0000000100000000)
  eden space 228352K, 0% used [0x00000000d7a00000,0x00000000d7a00000,0x00000000e5900000)
  from space 13824K, 86% used [0x00000000e5900000,0x00000000e64a9018,0x00000000e6680000)
  to   space 14848K, 0% used [0x00000000ea800000,0x00000000ea800000,0x00000000eb680000)
 ParOldGen       total 76288K, used 20536K [0x0000000086e00000, 0x000000008b880000, 0x00000000d7a00000)
  object space 76288K, 26% used [0x0000000086e00000,0x000000008820e0f0,0x000000008b880000)
 Metaspace       used 56143K, capacity 58928K, committed 59028K, reserved 1099776K
  class space    used 7609K, capacity 8075K, committed 8124K, reserved 1048576K
}
Event: 16.515 GC heap before
{Heap before GC invocations=14 (full 3):
 PSYoungGen      total 242176K, used 11940K [0x00000000d7a00000, 0x00000000eb680000, 0x0000000100000000)
  eden space 228352K, 0% used [0x00000000d7a00000,0x00000000d7a00000,0x00000000e5900000)
  from space 13824K, 86% used [0x00000000e5900000,0x00000000e64a9018,0x00000000e6680000)
  to   space 14848K, 0% used [0x00000000ea800000,0x00000000ea800000,0x00000000eb680000)
 ParOldGen       total 76288K, used 20536K [0x0000000086e00000, 0x000000008b880000, 0x00000000d7a00000)
  object space 76288K, 26% used [0x0000000086e00000,0x000000008820e0f0,0x000000008b880000)
 Metaspace       used 56143K, capacity 58928K, committed 59028K, reserved 1099776K
  class space    used 7609K, capacity 8075K, committed 8124K, reserved 1048576K
Event: 16.781 GC heap after
Heap after GC invocations=14 (full 3):
 PSYoungGen      total 242176K, used 0K [0x00000000d7a00000, 0x00000000eb680000, 0x0000000100000000)
  eden space 228352K, 0% used [0x00000000d7a00000,0x00000000d7a00000,0x00000000e5900000)
  from space 13824K, 0% used [0x00000000e5900000,0x00000000e5900000,0x00000000e6680000)
  to   space 14848K, 0% used [0x00000000ea800000,0x00000000ea800000,0x00000000eb680000)
 ParOldGen       total 112128K, used 28918K [0x0000000086e00000, 0x000000008db80000, 0x00000000d7a00000)
  object space 112128K, 25% used [0x0000000086e00000,0x0000000088a3d8d0,0x000000008db80000)
 Metaspace       used 56143K, capacity 58928K, committed 59028K, reserved 1099776K
  class space    used 7609K, capacity 8075K, committed 8124K, reserved 1048576K
}
Event: 20.021 GC heap before
{Heap before GC invocations=15 (full 3):
 PSYoungGen      total 242176K, used 228352K [0x00000000d7a00000, 0x00000000eb680000, 0x0000000100000000)
  eden space 228352K, 100% used [0x00000000d7a00000,0x00000000e5900000,0x00000000e5900000)
  from space 13824K, 0% used [0x00000000e5900000,0x00000000e5900000,0x00000000e6680000)
  to   space 14848K, 0% used [0x00000000ea800000,0x00000000ea800000,0x00000000eb680000)
 ParOldGen       total 112128K, used 28918K [0x0000000086e00000, 0x000000008db80000, 0x00000000d7a00000)
  object space 112128K, 25% used [0x0000000086e00000,0x0000000088a3d8d0,0x000000008db80000)
 Metaspace       used 62808K, capacity 66344K, committed 66580K, reserved 1107968K
  class space    used 8398K, capacity 8985K, committed 9020K, reserved 1048576K
Event: 20.052 GC heap after
Heap after GC invocations=15 (full 3):
 PSYoungGen      total 296960K, used 12268K [0x00000000d7a00000, 0x00000000eb400000, 0x0000000100000000)
  eden space 284672K, 0% used [0x00000000d7a00000,0x00000000d7a00000,0x00000000e9000000)
  from space 12288K, 99% used [0x00000000ea800000,0x00000000eb3fb2b0,0x00000000eb400000)
  to   space 15872K, 0% used [0x00000000e9500000,0x00000000e9500000,0x00000000ea480000)
 ParOldGen       total 112128K, used 28918K [0x0000000086e00000, 0x000000008db80000, 0x00000000d7a00000)
  object space 112128K, 25% used [0x0000000086e00000,0x0000000088a3d8d0,0x000000008db80000)
 Metaspace       used 62808K, capacity 66344K, committed 66580K, reserved 1107968K
  class space    used 8398K, capacity 8985K, committed 9020K, reserved 1048576K
}
Event: 34.500 GC heap before
{Heap before GC invocations=16 (full 3):
 PSYoungGen      total 296960K, used 296940K [0x00000000d7a00000, 0x00000000eb400000, 0x0000000100000000)
  eden space 284672K, 100% used [0x00000000d7a00000,0x00000000e9000000,0x00000000e9000000)
  from space 12288K, 99% used [0x00000000ea800000,0x00000000eb3fb2b0,0x00000000eb400000)
  to   space 15872K, 0% used [0x00000000e9500000,0x00000000e9500000,0x00000000ea480000)
 ParOldGen       total 112128K, used 28918K [0x0000000086e00000, 0x000000008db80000, 0x00000000d7a00000)
  object space 112128K, 25% used [0x0000000086e00000,0x0000000088a3d8d0,0x000000008db80000)
 Metaspace       used 77421K, capacity 81672K, committed 81940K, reserved 1120256K
  class space    used 10317K, capacity 11003K, committed 11068K, reserved 1048576K
Event: 34.546 GC heap after
Heap after GC invocations=16 (full 3):
 PSYoungGen      total 305664K, used 15841K [0x00000000d7a00000, 0x00000000ef700000, 0x0000000100000000)
  eden space 289792K, 0% used [0x00000000d7a00000,0x00000000d7a00000,0x00000000e9500000)
  from space 15872K, 99% used [0x00000000e9500000,0x00000000ea4784f0,0x00000000ea480000)
  to   space 22016K, 0% used [0x00000000ee180000,0x00000000ee180000,0x00000000ef700000)
 ParOldGen       total 112128K, used 39981K [0x0000000086e00000, 0x000000008db80000, 0x00000000d7a00000)
  object space 112128K, 35% used [0x0000000086e00000,0x000000008950b7d8,0x000000008db80000)
 Metaspace       used 77421K, capacity 81672K, committed 81940K, reserved 1120256K
  class space    used 10317K, capacity 11003K, committed 11068K, reserved 1048576K
}

Deoptimization events (10 events):
Event: 34.716 Thread 0x000000001ea97000 Uncommon trap: reason=unstable_if action=reinterpret pc=0x0000000002cead20 method=java.lang.String.indexOf([CII[CIII)I @ 27
Event: 34.765 Thread 0x000000001ea97000 Uncommon trap: reason=bimorphic action=maybe_recompile pc=0x000000000335c0b8 method=java.io.InputStream.read([B)I @ 5
Event: 34.775 Thread 0x000000001ea92000 Uncommon trap: reason=bimorphic action=maybe_recompile pc=0x000000000335c0b8 method=java.io.InputStream.read([B)I @ 5
Event: 34.849 Thread 0x000000001ea93800 Uncommon trap: reason=bimorphic action=maybe_recompile pc=0x0000000003700a20 method=java.net.URLStreamHandler.parseURL(Ljava/net/URL;Ljava/lang/String;II)V @ 1189
Event: 34.931 Thread 0x000000001ea93800 Uncommon trap: reason=bimorphic action=maybe_recompile pc=0x000000000335c0b8 method=java.io.InputStream.read([B)I @ 5
Event: 35.156 Thread 0x000000001ea95800 Uncommon trap: reason=unstable_if action=reinterpret pc=0x0000000002e497d0 method=java.net.URL.set(Ljava/lang/String;Ljava/lang/String;ILjava/lang/String;Ljava/lang/String;Ljava/lang/String;Ljava/lang/String;Ljava/lang/String;)V @ 23
Event: 35.169 Thread 0x000000001ea98800 Uncommon trap: reason=unstable_if action=reinterpret pc=0x0000000002b4639c method=org.postgresql.core.UTF8Encoding.decode([BII)Ljava/lang/String; @ 59
Event: 35.521 Thread 0x000000001ea90800 Uncommon trap: reason=unstable_if action=reinterpret pc=0x0000000002b009f4 method=sun.nio.cs.UTF_8$Encoder.encode([CII[B)I @ 33
Event: 39.530 Thread 0x000000001ea96800 Uncommon trap: reason=unstable_if action=reinterpret pc=0x0000000003644b00 method=java.util.concurrent.ConcurrentHashMap.addCount(JI)V @ 34
Event: 42.704 Thread 0x000000001ea92000 Uncommon trap: reason=bimorphic action=maybe_recompile pc=0x0000000003401bbc method=java.util.regex.Pattern$SliceI.match(Ljava/util/regex/Matcher;ILjava/lang/CharSequence;)Z @ 92

Classes redefined (0 events):
No events

Internal exceptions (10 events):
Event: 34.844 Thread 0x000000001ea97000 Exception <a 'java/lang/reflect/InvocationTargetException'> (0x00000000d8397d50) thrown at [C:\re\workspace\8-2-build-windows-amd64-cygwin\jdk8u211\12973\hotspot\src\share\vm\runtime\reflection.cpp, line 1092]
Event: 35.158 Thread 0x000000001ea93800 Exception <a 'java/lang/reflect/InvocationTargetException'> (0x00000000d8b66d68) thrown at [C:\re\workspace\8-2-build-windows-amd64-cygwin\jdk8u211\12973\hotspot\src\share\vm\runtime\reflection.cpp, line 1092]
Event: 35.284 Thread 0x000000001ea95800 Exception <a 'java/lang/reflect/InvocationTargetException'> (0x00000000d98930f8) thrown at [C:\re\workspace\8-2-build-windows-amd64-cygwin\jdk8u211\12973\hotspot\src\share\vm\runtime\reflection.cpp, line 1092]
Event: 35.313 Thread 0x000000001ea96800 Exception <a 'java/lang/reflect/InvocationTargetException'> (0x00000000d9981008) thrown at [C:\re\workspace\8-2-build-windows-amd64-cygwin\jdk8u211\12973\hotspot\src\share\vm\runtime\reflection.cpp, line 1092]
Event: 35.718 Thread 0x000000001ea98000 Exception <a 'java/lang/ClassNotFoundException': java/lang/ObjectCustomizer> (0x00000000d9aa7bb8) thrown at [C:\re\workspace\8-2-build-windows-amd64-cygwin\jdk8u211\12973\hotspot\src\share\vm\classfile\systemDictionary.cpp, line 210]
Event: 35.722 Thread 0x000000001ea98000 Exception <a 'java/lang/ClassNotFoundException': vn/tpsc/it4u/model/audit/DateAuditCustomizer> (0x00000000d9acf5d0) thrown at [C:\re\workspace\8-2-build-windows-amd64-cygwin\jdk8u211\12973\hotspot\src\share\vm\classfile\systemDictionary.cpp, line 210]
Event: 35.724 Thread 0x000000001ea98000 Exception <a 'java/lang/ClassNotFoundException': vn/tpsc/it4u/model/audit/UserDateAuditCustomizer> (0x00000000d9af9f10) thrown at [C:\re\workspace\8-2-build-windows-amd64-cygwin\jdk8u211\12973\hotspot\src\share\vm\classfile\systemDictionary.cpp, line 210]
Event: 35.727 Thread 0x000000001ea98000 Exception <a 'java/lang/ClassNotFoundException': vn/tpsc/it4u/model/ConfigTokenCustomizer> (0x00000000d9b21a00) thrown at [C:\re\workspace\8-2-build-windows-amd64-cygwin\jdk8u211\12973\hotspot\src\share\vm\classfile\systemDictionary.cpp, line 210]
Event: 37.210 Thread 0x000000001ea97000 Exception <a 'java/lang/NullPointerException'> (0x00000000d83e2f08) thrown at [C:\re\workspace\8-2-build-windows-amd64-cygwin\jdk8u211\12973\hotspot\src\share\vm\interpreter\linkResolver.cpp, line 1185]
Event: 37.210 Thread 0x000000001ea97000 Exception <a 'java/lang/reflect/InvocationTargetException'> (0x00000000d83e34e0) thrown at [C:\re\workspace\8-2-build-windows-amd64-cygwin\jdk8u211\12973\hotspot\src\share\vm\runtime\reflection.cpp, line 1092]

Events (10 events):
Event: 42.731 Thread 0x000000001ea92000 DEOPT PACKING pc=0x0000000003598f08 sp=0x0000000029f69a70
Event: 42.731 Thread 0x000000001ea92000 DEOPT UNPACKING pc=0x00000000029e7890 sp=0x0000000029f69790 mode 1
Event: 42.731 Thread 0x000000001ea92000 DEOPT PACKING pc=0x0000000002ea4b94 sp=0x0000000029f6a380
Event: 42.731 Thread 0x000000001ea92000 DEOPT UNPACKING pc=0x00000000029e7890 sp=0x0000000029f6a098 mode 1
Event: 42.732 loading class org/hibernate/loader/custom/sql/SQLQueryReturnProcessor
Event: 42.732 loading class org/hibernate/loader/custom/sql/SQLQueryReturnProcessor done
Event: 42.732 Thread 0x000000001ea92000 DEOPT PACKING pc=0x00000000037d5cc4 sp=0x0000000029f69a80
Event: 42.732 Thread 0x000000001ea92000 DEOPT UNPACKING pc=0x00000000029e7890 sp=0x0000000029f69750 mode 1
Event: 42.744 loading class org/hibernate/loader/custom/sql/SQLQueryReturnProcessor$QueryReturnVisitor
Event: 42.744 loading class org/hibernate/loader/custom/sql/SQLQueryReturnProcessor$QueryReturnVisitor done


Dynamic libraries:
0x00007ff72a4a0000 - 0x00007ff72a4d7000 	C:\Program Files\Java\jdk1.8.0_211\bin\java.exe
0x00007fff9d1b0000 - 0x00007fff9d38b000 	C:\Windows\SYSTEM32\ntdll.dll
0x00007fff9c070000 - 0x00007fff9c11e000 	C:\Windows\System32\KERNEL32.DLL
0x00007fff99820000 - 0x00007fff99a6a000 	C:\Windows\System32\KERNELBASE.dll
0x00007fff9a970000 - 0x00007fff9aa11000 	C:\Windows\System32\ADVAPI32.dll
0x00007fff9c280000 - 0x00007fff9c31d000 	C:\Windows\System32\msvcrt.dll
0x00007fff9cc00000 - 0x00007fff9cc59000 	C:\Windows\System32\sechost.dll
0x00007fff9bf40000 - 0x00007fff9c065000 	C:\Windows\System32\RPCRT4.dll
0x00007fff9c120000 - 0x00007fff9c26a000 	C:\Windows\System32\USER32.dll
0x00007fff99c00000 - 0x00007fff99c1e000 	C:\Windows\System32\win32u.dll
0x00007fff9a7d0000 - 0x00007fff9a7f7000 	C:\Windows\System32\GDI32.dll
0x00007fff99a70000 - 0x00007fff99bf8000 	C:\Windows\System32\gdi32full.dll
0x00007fff99780000 - 0x00007fff9981a000 	C:\Windows\System32\msvcp_win.dll
0x00007fff99c20000 - 0x00007fff99d16000 	C:\Windows\System32\ucrtbase.dll
0x00007fff929e0000 - 0x00007fff92c47000 	C:\Windows\WinSxS\amd64_microsoft.windows.common-controls_6595b64144ccf1df_6.0.15063.1155_none_40c7922129a7722b\COMCTL32.dll
0x00007fff9ccf0000 - 0x00007fff9cfe9000 	C:\Windows\System32\combase.dll
0x00007fff99ef0000 - 0x00007fff99f5a000 	C:\Windows\System32\bcryptPrimitives.dll
0x00007fff9cc60000 - 0x00007fff9cc8d000 	C:\Windows\System32\IMM32.DLL
0x0000000072ac0000 - 0x0000000072b92000 	C:\Program Files\Java\jdk1.8.0_211\jre\bin\msvcr100.dll
0x0000000072210000 - 0x0000000072ab5000 	C:\Program Files\Java\jdk1.8.0_211\jre\bin\server\jvm.dll
0x00007fff9c270000 - 0x00007fff9c278000 	C:\Windows\System32\PSAPI.DLL
0x00007fff8fe00000 - 0x00007fff8fe09000 	C:\Windows\SYSTEM32\WSOCK32.dll
0x00007fff91240000 - 0x00007fff9124a000 	C:\Windows\SYSTEM32\VERSION.dll
0x00007fff935a0000 - 0x00007fff935c3000 	C:\Windows\SYSTEM32\WINMM.dll
0x00007fff9c340000 - 0x00007fff9c3ac000 	C:\Windows\System32\WS2_32.dll
0x00007fff93570000 - 0x00007fff9359b000 	C:\Windows\SYSTEM32\winmmbase.dll
0x00007fff99f60000 - 0x00007fff99fa9000 	C:\Windows\System32\cfgmgr32.dll
0x00007fff964c0000 - 0x00007fff964cf000 	C:\Program Files\Java\jdk1.8.0_211\jre\bin\verify.dll
0x00007fff95dd0000 - 0x00007fff95df9000 	C:\Program Files\Java\jdk1.8.0_211\jre\bin\java.dll
0x00007fff959f0000 - 0x00007fff95a25000 	C:\Program Files\Java\jdk1.8.0_211\jre\bin\jdwp.dll
0x00007fff964b0000 - 0x00007fff964b8000 	C:\Program Files\Java\jdk1.8.0_211\jre\bin\npt.dll
0x00007fff95f00000 - 0x00007fff95f16000 	C:\Program Files\Java\jdk1.8.0_211\jre\bin\zip.dll
0x00007fff9aa20000 - 0x00007fff9be58000 	C:\Windows\System32\SHELL32.dll
0x00007fff9cff0000 - 0x00007fff9d09a000 	C:\Windows\System32\shcore.dll
0x00007fff9a010000 - 0x00007fff9a701000 	C:\Windows\System32\windows.storage.dll
0x00007fff9cc90000 - 0x00007fff9cce1000 	C:\Windows\System32\shlwapi.dll
0x00007fff99660000 - 0x00007fff99671000 	C:\Windows\System32\kernel.appcore.dll
0x00007fff99680000 - 0x00007fff996cc000 	C:\Windows\System32\powrprof.dll
0x00007fff99620000 - 0x00007fff99635000 	C:\Windows\System32\profapi.dll
0x00007fff95dc0000 - 0x00007fff95dc9000 	C:\Program Files\Java\jdk1.8.0_211\jre\bin\dt_socket.dll
0x00007fff890f0000 - 0x00007fff89106000 	C:\Windows\system32\napinsp.dll
0x00007fff88f80000 - 0x00007fff88f9a000 	C:\Windows\system32\pnrpnsp.dll
0x00007fff96870000 - 0x00007fff96888000 	C:\Windows\system32\NLAapi.dll
0x00007fff98f30000 - 0x00007fff98f8c000 	C:\Windows\System32\mswsock.dll
0x00007fff98d10000 - 0x00007fff98db4000 	C:\Windows\SYSTEM32\DNSAPI.dll
0x00007fff9a800000 - 0x00007fff9a808000 	C:\Windows\System32\NSI.dll
0x00007fff98cd0000 - 0x00007fff98d07000 	C:\Windows\SYSTEM32\IPHLPAPI.DLL
0x00007fff89cb0000 - 0x00007fff89cbe000 	C:\Windows\System32\winrnr.dll
0x00007fff79e30000 - 0x00007fff79e45000 	C:\Windows\System32\wshbth.dll
0x00007fff92ec0000 - 0x00007fff92f2b000 	C:\Windows\System32\fwpuclnt.dll
0x00007fff991e0000 - 0x00007fff99205000 	C:\Windows\SYSTEM32\bcrypt.dll
0x00007fff92020000 - 0x00007fff9202a000 	C:\Windows\System32\rasadhlp.dll
0x00007fff95d10000 - 0x00007fff95d1d000 	C:\Program Files\Java\jdk1.8.0_211\jre\bin\management.dll
0x00007fff95cf0000 - 0x00007fff95d0a000 	C:\Program Files\Java\jdk1.8.0_211\jre\bin\net.dll
0x00007fff8c000000 - 0x00007fff8c1c7000 	C:\Windows\SYSTEM32\urlmon.dll
0x00007fff8bd60000 - 0x00007fff8bff5000 	C:\Windows\SYSTEM32\iertutil.dll
0x00007fff990f0000 - 0x00007fff990fb000 	C:\Windows\SYSTEM32\CRYPTBASE.DLL
0x00007fff954c0000 - 0x00007fff954d2000 	C:\Program Files\Java\jdk1.8.0_211\jre\bin\nio.dll
0x00007fff990d0000 - 0x00007fff990e7000 	C:\Windows\SYSTEM32\CRYPTSP.dll
0x00007fff98b40000 - 0x00007fff98b74000 	C:\Windows\system32\rsaenh.dll
0x00007fff99550000 - 0x00007fff99579000 	C:\Windows\SYSTEM32\USERENV.dll
0x00007fff94070000 - 0x00007fff94086000 	C:\Windows\SYSTEM32\dhcpcsvc6.DLL
0x00007fff94050000 - 0x00007fff9406a000 	C:\Windows\SYSTEM32\dhcpcsvc.DLL
0x00007fff92f60000 - 0x00007fff92f84000 	C:\Program Files\Java\jdk1.8.0_211\jre\bin\sunec.dll
0x00007fff95b20000 - 0x00007fff95b2b000 	C:\Program Files\Java\jdk1.8.0_211\jre\bin\sunmscapi.dll
0x00007fff99d20000 - 0x00007fff99ee9000 	C:\Windows\System32\CRYPT32.dll
0x00007fff99640000 - 0x00007fff99651000 	C:\Windows\System32\MSASN1.dll

VM Arguments:
jvm_args: -agentlib:jdwp=transport=dt_socket,server=n,suspend=y,address=localhost:59225 -Dfile.encoding=UTF-8 
java_command: vn.tpsc.it4u.It4uApplication
java_class_path (initial): C:\Users\Admin\AppData\Local\Temp\cp_bohqa6jlh83goee12vsbvvqes.jar
Launcher Type: SUN_STANDARD

Environment Variables:
JAVA_HOME=C:\Users\Admin\Downloads\openjdk-14.0.2_windows-x64_bin\jdk-14.0.2
CLASSPATH=.;
PATH=C:\Python27\;C:\Python27\Scripts;C:\Program Files\AdoptOpenJDK\jdk-8.0.232.09-hotspot\bin;C:\Windows\system32;C:\Windows;C:\Windows\System32\Wbem;C:\Windows\System32\WindowsPowerShell\v1.0\;E:\TPsTech\Software\nodejs\;C:\ProgramData\chocolatey\bin;E:\TPsTech\Software\Git\cmd;C:\Users\Admin\AppData\Local\Android\Sdk\platform-tools;C:\Program Files\Java\jdk1.8.0_211\bin;C:\Users\Admin\AppData\Local\Android\Sdk;C:\Program Files (x86)\Yarn\bin\;C:\Program Files\Genymobile\Genymotion\tools;C:\Program Files (x86)\PuTTY\;C:\Users\Admin\Downloads\php-7.4.9-nts-Win32-vc15-x64;C:\ProgramData\ComposerSetup\bin;C:\Program Files\Microsoft\Web Platform Installer\;C:\Ruby26-x64\bin;C:\Users\Admin\AppData\Local\Microsoft\WindowsApps;E:\TPsTech\Software\Microsoft VS Code\bin;C:\Users\Admin\AppData\Roaming\npm;C:\Users\Admin\Downloads\apache-maven-3.6.3-bin\apache-maven-3.6.3\bin;C:\Program Files\Genymobile\Genymotion\tools;C:\Users\Admin\AppData\Local\Android\Sdk\platform-tools;C:\Users\Admin\AppData\Local\Android\Sdk;C:\Users\Admin\AppData\Local\Yarn\bin;C:\Users\Admin\AppData\Local\Programs\Microsoft VS Code\bin;C:\Users\Admin\AppData\Roaming\Composer\vendor\bin
USERNAME=Admin
OS=Windows_NT
PROCESSOR_IDENTIFIER=Intel64 Family 6 Model 58 Stepping 9, GenuineIntel



---------------  S Y S T E M  ---------------

OS: Windows 10.0 , 64 bit Build 15063 (10.0.15063.1058)

CPU:total 4 (initial active 4) (2 cores per cpu, 2 threads per core) family 6 model 58 stepping 9, cmov, cx8, fxsr, mmx, sse, sse2, sse3, ssse3, sse4.1, sse4.2, popcnt, avx, clmul, erms, ht, tsc, tscinvbit, tscinv

Memory: 4k page, physical 7936520k(929848k free), swap 7936520k(27624k free)

vm_info: Java HotSpot(TM) 64-Bit Server VM (25.211-b12) for windows-amd64 JRE (1.8.0_211-b12), built on Apr  1 2019 20:53:26 by "java_re" with MS VC++ 10.0 (VS2010)

time: Mon Dec 21 08:59:31 2020
timezone: SE Asia Standard Time
elapsed time: 42 seconds (0d 0h 0m 42s)

