#
# A fatal error has been detected by the Java Runtime Environment:
#
#  EXCEPTION_ACCESS_VIOLATION (0xc0000005) at pc=0x00000000751b4ef7, pid=1316, tid=0x0000000000000e68
#
# JRE version: Java(TM) SE Runtime Environment (8.0_211-b12) (build 1.8.0_211-b12)
# Java VM: Java HotSpot(TM) 64-Bit Server VM (25.211-b12 mixed mode windows-amd64 compressed oops)
# Problematic frame:
# V  [jvm.dll+0x214ef7]
#
# Failed to write core dump. Minidumps are not enabled by default on client versions of Windows
#
# If you would like to submit a bug report, please visit:
#   http://bugreport.java.com/bugreport/crash.jsp
#

---------------  T H R E A D  ---------------

Current thread (0x0000000027e12800):  JavaThread "HandshakeCompletedNotify-Thread" daemon [_thread_in_vm, id=3688, stack(0x0000000043200000,0x0000000043300000)]

siginfo: ExceptionCode=0xc0000005, writing address 0x00000000432f8670

Registers:
RAX=0x00000000432f8670, RBX=0x0000000000000007, RCX=0x0000000000006000, RDX=0x0000000000000009
RSP=0x00000000432fe670, RBP=0x0000000000000000, RSI=0x00000000432fe670, RDI=0x0000000000000007
R8 =0x0000000000000009, R9 =0x0000000021acd2b0, R10=0x00000000291c3178, R11=0x000000004320a148
R12=0x0000000021acd2b0, R13=0x0000000027e12800, R14=0x00000000432fe738, R15=0x00000000291c3178
RIP=0x00000000751b4ef7, EFLAGS=0x0000000000010202

Top of Stack: (sp=0x00000000432fe670)
0x00000000432fe670:   00000000291c3178 0000000027e12800
0x00000000432fe680:   0000000027e12800 0000000021acd2b0
0x00000000432fe690:   00000000ffffffff 00000000751b5e27
0x00000000432fe6a0:   00000000432fe7a0 00000000291c3178
0x00000000432fe6b0:   0000000027e12800 00000000432fe7a0
0x00000000432fe6c0:   0000000000000000 0000000000000000
0x00000000432fe6d0:   0000000000000000 0000000000000000
0x00000000432fe6e0:   00000000291c3178 0000000027e12800
0x00000000432fe6f0:   000000000332a460 0000000000000000
0x00000000432fe700:   0000000000000000 0000000000000000
0x00000000432fe710:   0000000000000000 0000000000000000
0x00000000432fe720:   0000000000000000 00000000291c3178
0x00000000432fe730:   0000000027e12800 00000000230b9090
0x00000000432fe740:   0000000000000000 0000000000000000
0x00000000432fe750:   00000000432fe8f8 0000000000000000
0x00000000432fe760:   0000000000000000 0000000000000000 

Instructions: (pc=0x00000000751b4ef7)
0x00000000751b4ed7:   48 89 6c 24 30 33 ed 66 90 e8 4b 5d 08 00 ff c3
0x00000000751b4ee7:   48 63 c8 48 8b c6 48 0f af cf 48 ff c7 48 2b c1
0x00000000751b4ef7:   89 28 48 63 c3 48 3b 05 a5 a9 59 00 7e db 48 8b
0x00000000751b4f07:   6c 24 30 48 8b 5c 24 38 48 8b 74 24 40 48 83 c4 


Register to memory mapping:

RAX=0x00000000432f8670 is pointing into the stack for thread: 0x0000000027e12800
RBX=0x0000000000000007 is an unknown value
RCX=0x0000000000006000 is an unknown value
RDX=0x0000000000000009 is an unknown value
RSP=0x00000000432fe670 is pointing into the stack for thread: 0x0000000027e12800
RBP=0x0000000000000000 is an unknown value
RSI=0x00000000432fe670 is pointing into the stack for thread: 0x0000000027e12800
RDI=0x0000000000000007 is an unknown value
R8 =0x0000000000000009 is an unknown value
R9 =0x0000000021acd2b0 is an unknown value
R10={method} {0x00000000291c3180} 'run' '()Ljava/lang/Object;' in 'sun/security/ssl/SSLSocketImpl$NotifyHandshakeThread$1'
R11=0x000000004320a148 is pointing into the stack for thread: 0x0000000027e12800
R12=0x0000000021acd2b0 is an unknown value
R13=0x0000000027e12800 is a thread
R14=0x00000000432fe738 is pointing into the stack for thread: 0x0000000027e12800
R15={method} {0x00000000291c3180} 'run' '()Ljava/lang/Object;' in 'sun/security/ssl/SSLSocketImpl$NotifyHandshakeThread$1'


Stack: [0x0000000043200000,0x0000000043300000],  sp=0x00000000432fe670,  free space=1017k
Native frames: (J=compiled Java code, j=interpreted, Vv=VM code, C=native code)

Java frames: (J=compiled Java code, j=interpreted, Vv=VM code)
J 1150  java.security.AccessController.doPrivileged(Ljava/security/PrivilegedAction;Ljava/security/AccessControlContext;)Ljava/lang/Object; (0 bytes) @ 0x00000000037121a6 [0x0000000003712140+0x66]
j  sun.security.ssl.SSLSocketImpl$NotifyHandshakeThread.run()V+61
v  ~StubRoutines::call_stub

---------------  P R O C E S S  ---------------

Java Threads: ( => current thread )
=>0x0000000027e12800 JavaThread "HandshakeCompletedNotify-Thread" daemon [_thread_in_vm, id=3688, stack(0x0000000043200000,0x0000000043300000)]
  0x0000000027e17800 JavaThread "Keep-Alive-Timer" daemon [_thread_blocked, id=3752, stack(0x0000000042700000,0x0000000042800000)]
  0x0000000027e16000 JavaThread "http-nio-5000-Acceptor" daemon [_thread_in_native, id=3600, stack(0x0000000033a00000,0x0000000033b00000)]
  0x0000000023a23800 JavaThread "http-nio-5000-ClientPoller" daemon [_thread_in_native, id=944, stack(0x0000000033900000,0x0000000033a00000)]
  0x0000000023a21000 JavaThread "http-nio-5000-exec-10" daemon [_thread_in_native, id=696, stack(0x0000000033800000,0x0000000033900000)]
  0x0000000023a20800 JavaThread "http-nio-5000-exec-9" daemon [_thread_blocked, id=7484, stack(0x0000000033700000,0x0000000033800000)]
  0x0000000023a22800 JavaThread "http-nio-5000-exec-8" daemon [_thread_in_native, id=2556, stack(0x0000000033600000,0x0000000033700000)]
  0x0000000023a1f800 JavaThread "http-nio-5000-exec-7" daemon [_thread_blocked, id=9724, stack(0x0000000033500000,0x0000000033600000)]
  0x0000000023a1f000 JavaThread "http-nio-5000-exec-6" daemon [_thread_blocked, id=8084, stack(0x0000000033400000,0x0000000033500000)]
  0x0000000023a22000 JavaThread "http-nio-5000-exec-5" daemon [_thread_blocked, id=5708, stack(0x0000000033300000,0x0000000033400000)]
  0x0000000023a1d800 JavaThread "http-nio-5000-exec-4" daemon [_thread_blocked, id=4908, stack(0x0000000033200000,0x0000000033300000)]
  0x0000000023a17800 JavaThread "http-nio-5000-exec-3" daemon [_thread_blocked, id=2480, stack(0x0000000033100000,0x0000000033200000)]
  0x0000000023a1e000 JavaThread "http-nio-5000-exec-2" daemon [_thread_blocked, id=10708, stack(0x0000000033000000,0x0000000033100000)]
  0x0000000023a1c800 JavaThread "http-nio-5000-exec-1" daemon [_thread_blocked, id=6496, stack(0x0000000032f00000,0x0000000033000000)]
  0x0000000023a1c000 JavaThread "http-nio-5000-BlockPoller" daemon [_thread_in_native, id=4380, stack(0x0000000032e00000,0x0000000032f00000)]
  0x0000000023a1a800 JavaThread "File Watcher" daemon [_thread_blocked, id=5520, stack(0x0000000032d00000,0x0000000032e00000)]
  0x0000000023a16000 JavaThread "container-0" [_thread_blocked, id=1248, stack(0x0000000032c00000,0x0000000032d00000)]
  0x0000000023a19800 JavaThread "Catalina-utility-2" [_thread_blocked, id=10872, stack(0x0000000032b00000,0x0000000032c00000)]
  0x0000000023a16800 JavaThread "Catalina-utility-1" [_thread_blocked, id=9020, stack(0x0000000032a00000,0x0000000032b00000)]
  0x0000000023a14800 JavaThread "HikariPool-3 housekeeper" daemon [_thread_blocked, id=10904, stack(0x0000000032800000,0x0000000032900000)]
  0x0000000027e1c000 JavaThread "DestroyJavaVM" [_thread_blocked, id=9176, stack(0x0000000003110000,0x0000000003210000)]
  0x0000000027e15800 JavaThread "Live Reload Server" daemon [_thread_in_native, id=8604, stack(0x00000000267f0000,0x00000000268f0000)]
  0x000000001b56a800 JavaThread "PostgreSQL-JDBC-SharedTimer-1" daemon [_thread_blocked, id=5048, stack(0x00000000212e0000,0x00000000213e0000)]
  0x0000000019541800 JavaThread "Service Thread" daemon [_thread_blocked, id=2308, stack(0x0000000019eb0000,0x0000000019fb0000)]
  0x00000000194c4800 JavaThread "C1 CompilerThread2" daemon [_thread_blocked, id=332, stack(0x0000000019db0000,0x0000000019eb0000)]
  0x00000000194c3000 JavaThread "C2 CompilerThread1" daemon [_thread_blocked, id=2224, stack(0x0000000019cb0000,0x0000000019db0000)]
  0x00000000194c1000 JavaThread "C2 CompilerThread0" daemon [_thread_blocked, id=10628, stack(0x0000000019bb0000,0x0000000019cb0000)]
  0x00000000194b5000 JavaThread "JDWP Command Reader" daemon [_thread_in_native, id=9100, stack(0x0000000019ab0000,0x0000000019bb0000)]
  0x00000000194b2000 JavaThread "JDWP Event Helper Thread" daemon [_thread_blocked, id=10928, stack(0x00000000199b0000,0x0000000019ab0000)]
  0x0000000017b40800 JavaThread "JDWP Transport Listener: dt_socket" daemon [_thread_blocked, id=4840, stack(0x00000000198b0000,0x00000000199b0000)]
  0x0000000017b37800 JavaThread "Attach Listener" daemon [_thread_blocked, id=2504, stack(0x0000000019070000,0x0000000019170000)]
  0x0000000017b85800 JavaThread "Signal Dispatcher" daemon [_thread_blocked, id=4632, stack(0x0000000018f70000,0x0000000019070000)]
  0x000000000330c000 JavaThread "Finalizer" daemon [_thread_blocked, id=2992, stack(0x0000000018d80000,0x0000000018e80000)]
  0x0000000017b1a000 JavaThread "Reference Handler" daemon [_thread_blocked, id=2488, stack(0x0000000018c80000,0x0000000018d80000)]

Other Threads:
  0x0000000017af7800 VMThread [stack: 0x0000000018b80000,0x0000000018c80000] [id=220]
  0x000000001953e000 WatcherThread [stack: 0x0000000019fb0000,0x000000001a0b0000] [id=8464]

VM state:not at safepoint (normal execution)

VM Mutex/Monitor currently owned by a thread: None

heap address: 0x0000000086e00000, size: 1938 MB, Compressed Oops mode: 32-bit
Narrow klass base: 0x0000000000000000, Narrow klass shift: 3
Compressed class space size: 1073741824 Address: 0x0000000100000000

Heap:
 PSYoungGen      total 528384K, used 518921K [0x00000000d7a00000, 0x00000000fec80000, 0x0000000100000000)
  eden space 518656K, 98% used [0x00000000d7a00000,0x00000000f6b4dc30,0x00000000f7480000)
  from space 9728K, 99% used [0x00000000fd000000,0x00000000fd974990,0x00000000fd980000)
  to   space 18432K, 0% used [0x00000000fda80000,0x00000000fda80000,0x00000000fec80000)
 ParOldGen       total 82432K, used 50137K [0x0000000086e00000, 0x000000008be80000, 0x00000000d7a00000)
  object space 82432K, 60% used [0x0000000086e00000,0x0000000089ef67b0,0x000000008be80000)
 Metaspace       used 82027K, capacity 87128K, committed 87504K, reserved 1126400K
  class space    used 10319K, capacity 11169K, committed 11260K, reserved 1048576K

Card table byte_map: [0x00000000126d0000,0x0000000012aa0000] byte_map_base: 0x0000000012299000

Marking Bits: (ParMarkBitMap*) 0x00000000757c5ce0
 Begin Bits: [0x0000000013130000, 0x0000000014f78000)
 End Bits:   [0x0000000014f78000, 0x0000000016dc0000)

Polling page: 0x0000000001320000

CodeCache: size=245760Kb used=52030Kb max_used=52095Kb free=193729Kb
 bounds [0x0000000003310000, 0x0000000006650000, 0x0000000012310000]
 total_blobs=15366 nmethods=14766 adapters=517
 compilation: enabled

Compilation events (10 events):
Event: 3956.049 Thread 0x00000000194c1000 17961  s    4       sun.net.www.MessageHeader::remove (196 bytes)
Event: 3956.053 Thread 0x00000000194c1000 nmethod 17961 0x0000000005dd1350 code [0x0000000005dd14a0, 0x0000000005dd1888]
Event: 3956.171 Thread 0x00000000194c4800 17962       3       java.util.EnumMap::isValidKey (36 bytes)
Event: 3956.171 Thread 0x00000000194c4800 nmethod 17962 0x0000000005df4e10 code [0x0000000005df4f80, 0x0000000005df5328]
Event: 3956.173 Thread 0x00000000194c4800 17963       3       org.springframework.data.mapping.model.AbstractPersistentProperty::getType (10 bytes)
Event: 3956.174 Thread 0x00000000194c4800 nmethod 17963 0x00000000063468d0 code [0x0000000006346a40, 0x0000000006346c68]
Event: 3956.241 Thread 0x00000000194c4800 17964       3       org.apache.tomcat.util.buf.UDecoder::URLDecode (8 bytes)
Event: 3956.241 Thread 0x00000000194c4800 nmethod 17964 0x0000000006643a10 code [0x0000000006643b80, 0x0000000006643d08]
Event: 3956.270 Thread 0x00000000194c3000 17965  s!   4       javax.crypto.JceSecurity::getVerificationResult (143 bytes)
Event: 3956.278 Thread 0x00000000194c3000 nmethod 17965 0x0000000005df4490 code [0x0000000005df4600, 0x0000000005df4b08]

GC Heap History (10 events):
Event: 1798.295 GC heap before
{Heap before GC invocations=20 (full 5):
 PSYoungGen      total 459264K, used 446464K [0x00000000d7a00000, 0x00000000f5800000, 0x0000000100000000)
  eden space 446464K, 100% used [0x00000000d7a00000,0x00000000f2e00000,0x00000000f2e00000)
  from space 12800K, 0% used [0x00000000f4b80000,0x00000000f4b80000,0x00000000f5800000)
  to   space 19456K, 0% used [0x00000000f3200000,0x00000000f3200000,0x00000000f4500000)
 ParOldGen       total 82432K, used 38723K [0x0000000086e00000, 0x000000008be80000, 0x00000000d7a00000)
  object space 82432K, 46% used [0x0000000086e00000,0x00000000893d0f18,0x000000008be80000)
 Metaspace       used 78910K, capacity 83670K, committed 83792K, reserved 1122304K
  class space    used 10250K, capacity 11032K, committed 11132K, reserved 1048576K
Event: 1798.365 GC heap after
Heap after GC invocations=20 (full 5):
 PSYoungGen      total 470016K, used 18193K [0x00000000d7a00000, 0x00000000fde80000, 0x0000000100000000)
  eden space 450560K, 0% used [0x00000000d7a00000,0x00000000d7a00000,0x00000000f3200000)
  from space 19456K, 93% used [0x00000000f3200000,0x00000000f43c4418,0x00000000f4500000)
  to   space 22016K, 0% used [0x00000000fc900000,0x00000000fc900000,0x00000000fde80000)
 ParOldGen       total 82432K, used 38731K [0x0000000086e00000, 0x000000008be80000, 0x00000000d7a00000)
  object space 82432K, 46% used [0x0000000086e00000,0x00000000893d2f18,0x000000008be80000)
 Metaspace       used 78910K, capacity 83670K, committed 83792K, reserved 1122304K
  class space    used 10250K, capacity 11032K, committed 11132K, reserved 1048576K
}
Event: 2323.344 GC heap before
{Heap before GC invocations=21 (full 5):
 PSYoungGen      total 470016K, used 468507K [0x00000000d7a00000, 0x00000000fde80000, 0x0000000100000000)
  eden space 450560K, 99% used [0x00000000d7a00000,0x00000000f31c2800,0x00000000f3200000)
  from space 19456K, 93% used [0x00000000f3200000,0x00000000f43c4418,0x00000000f4500000)
  to   space 22016K, 0% used [0x00000000fc900000,0x00000000fc900000,0x00000000fde80000)
 ParOldGen       total 82432K, used 38731K [0x0000000086e00000, 0x000000008be80000, 0x00000000d7a00000)
  object space 82432K, 46% used [0x0000000086e00000,0x00000000893d2f18,0x000000008be80000)
 Metaspace       used 80057K, capacity 85006K, committed 85072K, reserved 1124352K
  class space    used 10281K, capacity 11082K, committed 11132K, reserved 1048576K
Event: 2323.371 GC heap after
Heap after GC invocations=21 (full 5):
 PSYoungGen      total 575488K, used 6555K [0x00000000d7a00000, 0x00000000fcf80000, 0x0000000100000000)
  eden space 568832K, 0% used [0x00000000d7a00000,0x00000000d7a00000,0x00000000fa580000)
  from space 6656K, 98% used [0x00000000fc900000,0x00000000fcf66f68,0x00000000fcf80000)
  to   space 21504K, 0% used [0x00000000fa580000,0x00000000fa580000,0x00000000fba80000)
 ParOldGen       total 82432K, used 50113K [0x0000000086e00000, 0x000000008be80000, 0x00000000d7a00000)
  object space 82432K, 60% used [0x0000000086e00000,0x0000000089ef07b0,0x000000008be80000)
 Metaspace       used 80057K, capacity 85006K, committed 85072K, reserved 1124352K
  class space    used 10281K, capacity 11082K, committed 11132K, reserved 1048576K
}
Event: 3225.665 GC heap before
{Heap before GC invocations=22 (full 5):
 PSYoungGen      total 575488K, used 574945K [0x00000000d7a00000, 0x00000000fcf80000, 0x0000000100000000)
  eden space 568832K, 99% used [0x00000000d7a00000,0x00000000fa511568,0x00000000fa580000)
  from space 6656K, 98% used [0x00000000fc900000,0x00000000fcf66f68,0x00000000fcf80000)
  to   space 21504K, 0% used [0x00000000fa580000,0x00000000fa580000,0x00000000fba80000)
 ParOldGen       total 82432K, used 50113K [0x0000000086e00000, 0x000000008be80000, 0x00000000d7a00000)
  object space 82432K, 60% used [0x0000000086e00000,0x0000000089ef07b0,0x000000008be80000)
 Metaspace       used 80936K, capacity 85818K, committed 86096K, reserved 1124352K
  class space    used 10287K, capacity 11088K, committed 11132K, reserved 1048576K
Event: 3225.683 GC heap after
Heap after GC invocations=22 (full 5):
 PSYoungGen      total 590336K, used 8870K [0x00000000d7a00000, 0x0000000100000000, 0x0000000100000000)
  eden space 568832K, 0% used [0x00000000d7a00000,0x00000000d7a00000,0x00000000fa580000)
  from space 21504K, 41% used [0x00000000fa580000,0x00000000fae29ab0,0x00000000fba80000)
  to   space 20480K, 0% used [0x00000000fec00000,0x00000000fec00000,0x0000000100000000)
 ParOldGen       total 82432K, used 50121K [0x0000000086e00000, 0x000000008be80000, 0x00000000d7a00000)
  object space 82432K, 60% used [0x0000000086e00000,0x0000000089ef27b0,0x000000008be80000)
 Metaspace       used 80936K, capacity 85818K, committed 86096K, reserved 1124352K
  class space    used 10287K, capacity 11088K, committed 11132K, reserved 1048576K
}
Event: 3498.470 GC heap before
{Heap before GC invocations=23 (full 5):
 PSYoungGen      total 590336K, used 577702K [0x00000000d7a00000, 0x0000000100000000, 0x0000000100000000)
  eden space 568832K, 100% used [0x00000000d7a00000,0x00000000fa580000,0x00000000fa580000)
  from space 21504K, 41% used [0x00000000fa580000,0x00000000fae29ab0,0x00000000fba80000)
  to   space 20480K, 0% used [0x00000000fec00000,0x00000000fec00000,0x0000000100000000)
 ParOldGen       total 82432K, used 50121K [0x0000000086e00000, 0x000000008be80000, 0x00000000d7a00000)
  object space 82432K, 60% used [0x0000000086e00000,0x0000000089ef27b0,0x000000008be80000)
 Metaspace       used 81408K, capacity 86454K, committed 86608K, reserved 1124352K
  class space    used 10297K, capacity 11106K, committed 11132K, reserved 1048576K
Event: 3498.498 GC heap after
Heap after GC invocations=23 (full 5):
 PSYoungGen      total 553472K, used 9855K [0x00000000d7a00000, 0x00000000ff600000, 0x0000000100000000)
  eden space 543232K, 0% used [0x00000000d7a00000,0x00000000d7a00000,0x00000000f8c80000)
  from space 10240K, 96% used [0x00000000fec00000,0x00000000ff59fe50,0x00000000ff600000)
  to   space 19456K, 0% used [0x00000000fd000000,0x00000000fd000000,0x00000000fe300000)
 ParOldGen       total 82432K, used 50129K [0x0000000086e00000, 0x000000008be80000, 0x00000000d7a00000)
  object space 82432K, 60% used [0x0000000086e00000,0x0000000089ef47b0,0x000000008be80000)
 Metaspace       used 81408K, capacity 86454K, committed 86608K, reserved 1124352K
  class space    used 10297K, capacity 11106K, committed 11132K, reserved 1048576K
}
Event: 3742.747 GC heap before
{Heap before GC invocations=24 (full 5):
 PSYoungGen      total 553472K, used 553087K [0x00000000d7a00000, 0x00000000ff600000, 0x0000000100000000)
  eden space 543232K, 100% used [0x00000000d7a00000,0x00000000f8c80000,0x00000000f8c80000)
  from space 10240K, 96% used [0x00000000fec00000,0x00000000ff59fe50,0x00000000ff600000)
  to   space 19456K, 0% used [0x00000000fd000000,0x00000000fd000000,0x00000000fe300000)
 ParOldGen       total 82432K, used 50129K [0x0000000086e00000, 0x000000008be80000, 0x00000000d7a00000)
  object space 82432K, 60% used [0x0000000086e00000,0x0000000089ef47b0,0x000000008be80000)
 Metaspace       used 81715K, capacity 86754K, committed 86992K, reserved 1124352K
  class space    used 10306K, capacity 11150K, committed 11260K, reserved 1048576K
Event: 3742.766 GC heap after
Heap after GC invocations=24 (full 5):
 PSYoungGen      total 528384K, used 9682K [0x00000000d7a00000, 0x00000000fec80000, 0x0000000100000000)
  eden space 518656K, 0% used [0x00000000d7a00000,0x00000000d7a00000,0x00000000f7480000)
  from space 9728K, 99% used [0x00000000fd000000,0x00000000fd974990,0x00000000fd980000)
  to   space 18432K, 0% used [0x00000000fda80000,0x00000000fda80000,0x00000000fec80000)
 ParOldGen       total 82432K, used 50137K [0x0000000086e00000, 0x000000008be80000, 0x00000000d7a00000)
  object space 82432K, 60% used [0x0000000086e00000,0x0000000089ef67b0,0x000000008be80000)
 Metaspace       used 81715K, capacity 86754K, committed 86992K, reserved 1124352K
  class space    used 10306K, capacity 11150K, committed 11260K, reserved 1048576K
}

Deoptimization events (10 events):
Event: 3927.316 Thread 0x0000000023a1d800 Uncommon trap: reason=unstable_if action=reinterpret pc=0x000000000429c29c method=sun.nio.cs.ThreadLocalCoders$1.hasName(Ljava/lang/Object;Ljava/lang/Object;)Z @ 4
Event: 3927.533 Thread 0x0000000023a1d800 Uncommon trap: reason=unstable_if action=reinterpret pc=0x00000000052bb9a8 method=java.security.MessageDigest.isEqual([B[B)Z @ 53
Event: 3934.170 Thread 0x0000000023a22000 Uncommon trap: reason=bimorphic action=maybe_recompile pc=0x000000000410d964 method=java.lang.reflect.Field.get(Ljava/lang/Object;)Ljava/lang/Object; @ 45
Event: 3934.278 Thread 0x0000000023a22000 Uncommon trap: reason=unstable_if action=reinterpret pc=0x0000000006347128 method=com.fasterxml.jackson.databind.introspect.BasicClassIntrospector._findStdTypeDesc(Lcom/fasterxml/jackson/databind/JavaType;)Lcom/fasterxml/jackson/databind/introspect/BasicB
Event: 3934.278 Thread 0x0000000023a22000 Uncommon trap: reason=unstable_if action=reinterpret pc=0x000000000633e018 method=com.fasterxml.jackson.databind.introspect.BasicClassIntrospector._findStdTypeDesc(Lcom/fasterxml/jackson/databind/JavaType;)Lcom/fasterxml/jackson/databind/introspect/BasicB
Event: 3934.278 Thread 0x0000000023a22000 Uncommon trap: reason=unstable_if action=reinterpret pc=0x00000000058bbacc method=com.fasterxml.jackson.databind.type.SimpleType.equals(Ljava/lang/Object;)Z @ 8
Event: 3934.278 Thread 0x0000000023a22000 Uncommon trap: reason=unstable_if action=reinterpret pc=0x0000000004bc0ee8 method=com.fasterxml.jackson.databind.introspect.BasicClassIntrospector._findStdTypeDesc(Lcom/fasterxml/jackson/databind/JavaType;)Lcom/fasterxml/jackson/databind/introspect/BasicB
Event: 3934.279 Thread 0x0000000023a22000 Uncommon trap: reason=class_check action=maybe_recompile pc=0x000000000655acc4 method=com.fasterxml.jackson.databind.ser.BeanPropertyWriter.serializeAsField(Ljava/lang/Object;Lcom/fasterxml/jackson/core/JsonGenerator;Lcom/fasterxml/jackson/databind/Serial
Event: 3934.869 Thread 0x0000000023a22800 Uncommon trap: reason=unstable_if action=reinterpret pc=0x0000000004c6c8d4 method=org.apache.coyote.AbstractProcessor.parseHost(Lorg/apache/tomcat/util/buf/MessageBytes;)V @ 73
Event: 3934.870 Thread 0x0000000023a22800 Uncommon trap: reason=null_check action=make_not_entrant pc=0x00000000065206c8 method=org.apache.catalina.core.ApplicationFilterFactory.createFilterChain(Ljavax/servlet/ServletRequest;Lorg/apache/catalina/Wrapper;Ljavax/servlet/Servlet;)Lorg/apache/catali

Classes redefined (0 events):
No events

Internal exceptions (10 events):
Event: 3500.550 Thread 0x0000000023a1d800 Exception <a 'java/lang/reflect/InvocationTargetException'> (0x00000000de888ea8) thrown at [C:\re\workspace\8-2-build-windows-amd64-cygwin\jdk8u211\12973\hotspot\src\share\vm\runtime\reflection.cpp, line 1092]
Event: 3500.552 Thread 0x0000000023a1d800 Exception <a 'java/lang/reflect/InvocationTargetException'> (0x00000000de88a2e0) thrown at [C:\re\workspace\8-2-build-windows-amd64-cygwin\jdk8u211\12973\hotspot\src\share\vm\runtime\reflection.cpp, line 1092]
Event: 3618.677 Thread 0x0000000023a1d800 Exception <a 'java/lang/reflect/InvocationTargetException'> (0x00000000e770fde8) thrown at [C:\re\workspace\8-2-build-windows-amd64-cygwin\jdk8u211\12973\hotspot\src\share\vm\runtime\reflection.cpp, line 1092]
Event: 3689.552 Thread 0x0000000023a1f800 Exception <a 'java/lang/reflect/InvocationTargetException'> (0x00000000eea836d8) thrown at [C:\re\workspace\8-2-build-windows-amd64-cygwin\jdk8u211\12973\hotspot\src\share\vm\runtime\reflection.cpp, line 1092]
Event: 3717.220 Thread 0x0000000023a20800 Exception <a 'java/lang/reflect/InvocationTargetException'> (0x00000000f76a8c48) thrown at [C:\re\workspace\8-2-build-windows-amd64-cygwin\jdk8u211\12973\hotspot\src\share\vm\runtime\reflection.cpp, line 1092]
Event: 3744.181 Thread 0x0000000023a22000 Exception <a 'java/lang/reflect/InvocationTargetException'> (0x00000000de729d08) thrown at [C:\re\workspace\8-2-build-windows-amd64-cygwin\jdk8u211\12973\hotspot\src\share\vm\runtime\reflection.cpp, line 1092]
Event: 3874.824 Thread 0x0000000023a1f800 Exception <a 'java/io/IOException'> (0x00000000e36315e0) thrown at [C:\re\workspace\8-2-build-windows-amd64-cygwin\jdk8u211\12973\hotspot\src\share\vm\prims\jni.cpp, line 710]
Event: 3927.534 Thread 0x0000000023a1d800 Exception <a 'java/lang/reflect/InvocationTargetException'> (0x00000000e82b7ca0) thrown at [C:\re\workspace\8-2-build-windows-amd64-cygwin\jdk8u211\12973\hotspot\src\share\vm\runtime\reflection.cpp, line 1092]
Event: 3934.278 Thread 0x0000000023a22000 Implicit null exception at 0x00000000058bba58 to 0x00000000058bbab9
Event: 3934.870 Thread 0x0000000023a22800 Implicit null exception at 0x000000000651d887 to 0x00000000065206b9

Events (10 events):
Event: 3956.329 Executing VM operation: RevokeBias done
Event: 3956.329 Executing VM operation: RevokeBias
Event: 3956.330 Executing VM operation: RevokeBias done
Event: 3956.358 Thread 0x0000000023a20800 DEOPT PACKING pc=0x00000000059b1f4c sp=0x00000000337f9aa0
Event: 3956.358 Thread 0x0000000023a20800 DEOPT UNPACKING pc=0x0000000003357890 sp=0x00000000337f9ac0 mode 1
Event: 3956.375 Thread 0x0000000023a1f800 DEOPT PACKING pc=0x00000000059b1f4c sp=0x00000000335f9c70
Event: 3956.376 Thread 0x0000000023a1f800 DEOPT UNPACKING pc=0x0000000003357890 sp=0x00000000335f9c90 mode 1
Event: 3956.400 Thread 0x0000000023a1c800 DEOPT PACKING pc=0x00000000059b1f4c sp=0x0000000032ff9eb0
Event: 3956.400 Thread 0x0000000023a1c800 DEOPT UNPACKING pc=0x0000000003357890 sp=0x0000000032ff9ed0 mode 1
Event: 3956.402 Thread 0x0000000027e12800 Thread added: 0x0000000027e12800


Dynamic libraries:
0x00007ff677f30000 - 0x00007ff677f67000 	C:\Program Files\Java\jdk1.8.0_211\bin\java.exe
0x00007ffcac9c0000 - 0x00007ffcacb9b000 	C:\Windows\SYSTEM32\ntdll.dll
0x00007ffcaa9c0000 - 0x00007ffcaaa6e000 	C:\Windows\System32\KERNEL32.DLL
0x00007ffca8f50000 - 0x00007ffca919a000 	C:\Windows\System32\KERNELBASE.dll
0x00007ffcaa910000 - 0x00007ffcaa9b1000 	C:\Windows\System32\ADVAPI32.dll
0x00007ffcaa850000 - 0x00007ffcaa8ed000 	C:\Windows\System32\msvcrt.dll
0x00007ffcac6b0000 - 0x00007ffcac709000 	C:\Windows\System32\sechost.dll
0x00007ffca9f20000 - 0x00007ffcaa045000 	C:\Windows\System32\RPCRT4.dll
0x00007ffcaad80000 - 0x00007ffcaaeca000 	C:\Windows\System32\USER32.dll
0x00007ffca9520000 - 0x00007ffca953e000 	C:\Windows\System32\win32u.dll
0x00007ffcaaa70000 - 0x00007ffcaaa97000 	C:\Windows\System32\GDI32.dll
0x00007ffca9c40000 - 0x00007ffca9dc8000 	C:\Windows\System32\gdi32full.dll
0x00007ffca9dd0000 - 0x00007ffca9e6a000 	C:\Windows\System32\msvcp_win.dll
0x00007ffca91a0000 - 0x00007ffca9296000 	C:\Windows\System32\ucrtbase.dll
0x00007ffca13c0000 - 0x00007ffca1627000 	C:\Windows\WinSxS\amd64_microsoft.windows.common-controls_6595b64144ccf1df_6.0.15063.1155_none_40c7922129a7722b\COMCTL32.dll
0x00007ffcaa550000 - 0x00007ffcaa849000 	C:\Windows\System32\combase.dll
0x00007ffca8ee0000 - 0x00007ffca8f4a000 	C:\Windows\System32\bcryptPrimitives.dll
0x00007ffcab0f0000 - 0x00007ffcab11d000 	C:\Windows\System32\IMM32.DLL
0x0000000075850000 - 0x0000000075922000 	C:\Program Files\Java\jdk1.8.0_211\jre\bin\msvcr100.dll
0x0000000074fa0000 - 0x0000000075845000 	C:\Program Files\Java\jdk1.8.0_211\jre\bin\server\jvm.dll
0x00007ffcaaed0000 - 0x00007ffcaaed8000 	C:\Windows\System32\PSAPI.DLL
0x00007ffca1680000 - 0x00007ffca168a000 	C:\Windows\SYSTEM32\VERSION.dll
0x00007ffc998e0000 - 0x00007ffc998e9000 	C:\Windows\SYSTEM32\WSOCK32.dll
0x00007ffca3180000 - 0x00007ffca31a3000 	C:\Windows\SYSTEM32\WINMM.dll
0x00007ffcac950000 - 0x00007ffcac9bc000 	C:\Windows\System32\WS2_32.dll
0x00007ffca3150000 - 0x00007ffca317b000 	C:\Windows\SYSTEM32\winmmbase.dll
0x00007ffca9300000 - 0x00007ffca9349000 	C:\Windows\System32\cfgmgr32.dll
0x00007ffc998a0000 - 0x00007ffc998af000 	C:\Program Files\Java\jdk1.8.0_211\jre\bin\verify.dll
0x00007ffc913d0000 - 0x00007ffc913f9000 	C:\Program Files\Java\jdk1.8.0_211\jre\bin\java.dll
0x00007ffca2840000 - 0x00007ffca2875000 	C:\Program Files\Java\jdk1.8.0_211\jre\bin\jdwp.dll
0x00007ffca4ba0000 - 0x00007ffca4ba8000 	C:\Program Files\Java\jdk1.8.0_211\jre\bin\npt.dll
0x00007ffc93880000 - 0x00007ffc93896000 	C:\Program Files\Java\jdk1.8.0_211\jre\bin\zip.dll
0x00007ffcab120000 - 0x00007ffcac558000 	C:\Windows\System32\SHELL32.dll
0x00007ffcac790000 - 0x00007ffcac83a000 	C:\Windows\System32\shcore.dll
0x00007ffca9540000 - 0x00007ffca9c31000 	C:\Windows\System32\windows.storage.dll
0x00007ffcab090000 - 0x00007ffcab0e1000 	C:\Windows\System32\shlwapi.dll
0x00007ffca8e30000 - 0x00007ffca8e41000 	C:\Windows\System32\kernel.appcore.dll
0x00007ffca8e90000 - 0x00007ffca8edc000 	C:\Windows\System32\powrprof.dll
0x00007ffca8e50000 - 0x00007ffca8e65000 	C:\Windows\System32\profapi.dll
0x00007ffca2830000 - 0x00007ffca2839000 	C:\Program Files\Java\jdk1.8.0_211\jre\bin\dt_socket.dll
0x00007ffc9c960000 - 0x00007ffc9c976000 	C:\Windows\system32\napinsp.dll
0x00007ffc9c940000 - 0x00007ffc9c95a000 	C:\Windows\system32\pnrpnsp.dll
0x00007ffca6070000 - 0x00007ffca6088000 	C:\Windows\system32\NLAapi.dll
0x00007ffca8740000 - 0x00007ffca879c000 	C:\Windows\System32\mswsock.dll
0x00007ffca8520000 - 0x00007ffca85c4000 	C:\Windows\SYSTEM32\DNSAPI.dll
0x00007ffcac940000 - 0x00007ffcac948000 	C:\Windows\System32\NSI.dll
0x00007ffca84e0000 - 0x00007ffca8517000 	C:\Windows\SYSTEM32\IPHLPAPI.DLL
0x00007ffc9eaf0000 - 0x00007ffc9eafe000 	C:\Windows\System32\winrnr.dll
0x00007ffc9a100000 - 0x00007ffc9a115000 	C:\Windows\System32\wshbth.dll
0x00007ffca29c0000 - 0x00007ffca2a2b000 	C:\Windows\System32\fwpuclnt.dll
0x00007ffca89f0000 - 0x00007ffca8a15000 	C:\Windows\SYSTEM32\bcrypt.dll
0x00007ffca1be0000 - 0x00007ffca1bea000 	C:\Windows\System32\rasadhlp.dll
0x00007ffca2820000 - 0x00007ffca282d000 	C:\Program Files\Java\jdk1.8.0_211\jre\bin\management.dll
0x00007ffc93800000 - 0x00007ffc9381a000 	C:\Program Files\Java\jdk1.8.0_211\jre\bin\net.dll
0x00007ffc9b7c0000 - 0x00007ffc9b987000 	C:\Windows\SYSTEM32\urlmon.dll
0x00007ffc9cbb0000 - 0x00007ffc9ce45000 	C:\Windows\SYSTEM32\iertutil.dll
0x00007ffca8900000 - 0x00007ffca890b000 	C:\Windows\SYSTEM32\CRYPTBASE.DLL
0x00007ffc93530000 - 0x00007ffc93542000 	C:\Program Files\Java\jdk1.8.0_211\jre\bin\nio.dll
0x00007ffca88e0000 - 0x00007ffca88f7000 	C:\Windows\SYSTEM32\CRYPTSP.dll
0x00007ffca8350000 - 0x00007ffca8384000 	C:\Windows\system32\rsaenh.dll
0x00007ffca8d60000 - 0x00007ffca8d89000 	C:\Windows\SYSTEM32\USERENV.dll
0x00007ffca3830000 - 0x00007ffca3846000 	C:\Windows\SYSTEM32\dhcpcsvc6.DLL
0x00007ffca3810000 - 0x00007ffca382a000 	C:\Windows\SYSTEM32\dhcpcsvc.DLL
0x00007ffc91c50000 - 0x00007ffc91c74000 	C:\Program Files\Java\jdk1.8.0_211\jre\bin\sunec.dll
0x00007ffc9c450000 - 0x00007ffc9c45b000 	C:\Program Files\Java\jdk1.8.0_211\jre\bin\sunmscapi.dll
0x00007ffca9350000 - 0x00007ffca9519000 	C:\Windows\System32\CRYPT32.dll
0x00007ffca8e70000 - 0x00007ffca8e81000 	C:\Windows\System32\MSASN1.dll
0x00007ffc80980000 - 0x00007ffc80b29000 	C:\Windows\SYSTEM32\dbghelp.dll

VM Arguments:
jvm_args: -agentlib:jdwp=transport=dt_socket,server=n,suspend=y,address=localhost:53580 -Dfile.encoding=UTF-8 
java_command: vn.tpsc.it4u.It4uApplication
java_class_path (initial): C:\Users\Admin\AppData\Local\Temp\cp_3807u262ll41511iu50oyrw53.jar
Launcher Type: SUN_STANDARD

Environment Variables:
JAVA_HOME=C:\Program Files\Java\jdk1.8.0_211
CLASSPATH=.;
PATH=C:\Python27\;C:\Python27\Scripts;C:\Program Files\AdoptOpenJDK\jdk-8.0.232.09-hotspot\bin;C:\Windows\system32;C:\Windows;C:\Windows\System32\Wbem;C:\Windows\System32\WindowsPowerShell\v1.0\;E:\TPsTech\Software\nodejs\;C:\ProgramData\chocolatey\bin;E:\TPsTech\Software\Git\cmd;C:\Users\Admin\AppData\Local\Android\Sdk\platform-tools;C:\Program Files\Java\jdk1.8.0_211\bin;C:\Users\Admin\AppData\Local\Android\Sdk;C:\Program Files (x86)\Yarn\bin\;C:\Ruby26-x64\bin;C:\Users\Admin\AppData\Local\Microsoft\WindowsApps;E:\TPsTech\Software\Microsoft VS Code\bin;C:\Users\Admin\AppData\Roaming\npm;C:\Users\Admin\Downloads\apache-maven-3.6.3-bin\apache-maven-3.6.3\bin;C:\Program Files\Genymobile\Genymotion\tools;C:\Users\Admin\AppData\Local\Android\Sdk\platform-tools;C:\Users\Admin\AppData\Local\Android\Sdk;C:\Users\Admin\AppData\Local\Yarn\bin;C:\Users\Admin\AppData\Local\Programs\Microsoft VS Code\bin
USERNAME=Admin
OS=Windows_NT
PROCESSOR_IDENTIFIER=Intel64 Family 6 Model 58 Stepping 9, GenuineIntel



---------------  S Y S T E M  ---------------

OS: Windows 10.0 , 64 bit Build 15063 (10.0.15063.1058)

CPU:total 4 (initial active 4) (2 cores per cpu, 2 threads per core) family 6 model 58 stepping 9, cmov, cx8, fxsr, mmx, sse, sse2, sse3, ssse3, sse4.1, sse4.2, popcnt, avx, clmul, erms, ht, tsc, tscinvbit, tscinv

Memory: 4k page, physical 7936520k(412500k free), swap 7936520k(96392k free)

vm_info: Java HotSpot(TM) 64-Bit Server VM (25.211-b12) for windows-amd64 JRE (1.8.0_211-b12), built on Apr  1 2019 20:53:26 by "java_re" with MS VC++ 10.0 (VS2010)

time: Wed May 13 10:38:33 2020
timezone: SE Asia Standard Time
elapsed time: 3956 seconds (0d 1h 5m 56s)

