#
# There is insufficient memory for the Java Runtime Environment to continue.
# Native memory allocation (malloc) failed to allocate 2971488 bytes for Chunk::new
# Possible reasons:
#   The system is out of physical RAM or swap space
#   The process is running with CompressedOops enabled, and the Java Heap may be blocking the growth of the native heap
# Possible solutions:
#   Reduce memory load on the system
#   Increase physical memory or swap space
#   Check if swap backing store is full
#   Decrease Java heap size (-Xmx/-Xms)
#   Decrease number of Java threads
#   Decrease Java thread stack sizes (-Xss)
#   Set larger code cache with -XX:ReservedCodeCacheSize=
#   JVM is running with Unscaled Compressed Oops mode in which the Java heap is
#     placed in the first 4GB address space. The Java Heap base address is the
#     maximum limit for the native heap growth. Please use -XX:HeapBaseMinAddress
#     to set the Java Heap base and to place the Java Heap above 4GB virtual address.
# This output file may be truncated or incomplete.
#
#  Out of Memory Error (allocation.cpp:389), pid=9768, tid=0x00000000000012f8
#
# JRE version: Java(TM) SE Runtime Environment (8.0_211-b12) (build 1.8.0_211-b12)
# Java VM: Java HotSpot(TM) 64-Bit Server VM (25.211-b12 mixed mode windows-amd64 compressed oops)
# Failed to write core dump. Minidumps are not enabled by default on client versions of Windows
#

---------------  T H R E A D  ---------------

Current thread (0x00000000187b2800):  JavaThread "C2 CompilerThread0" daemon [_thread_in_native, id=4856, stack(0x0000000018ea0000,0x0000000018fa0000)]

Stack: [0x0000000018ea0000,0x0000000018fa0000]
[error occurred during error reporting (printing stack bounds), id 0xc0000005]

Native frames: (J=compiled Java code, j=interpreted, Vv=VM code, C=native code)


Current CompileTask:
C2:  25329 6698   !   4       org.springframework.util.ReflectionUtils::doWithMethods (193 bytes)


---------------  P R O C E S S  ---------------

Java Threads: ( => current thread )
  0x000000001c2d0000 JavaThread "Live Reload Server" daemon [_thread_in_native, id=5404, stack(0x0000000026e50000,0x0000000026f50000)]
  0x000000001b97f000 JavaThread "container-0" [_thread_blocked, id=5280, stack(0x0000000026c50000,0x0000000026d50000)]
  0x000000001a365800 JavaThread "Catalina-utility-2" [_thread_blocked, id=5468, stack(0x00000000267f0000,0x00000000268f0000)]
  0x0000000019d6b800 JavaThread "Catalina-utility-1" [_thread_blocked, id=5928, stack(0x00000000261e0000,0x00000000262e0000)]
  0x000000001a1c9800 JavaThread "HikariPool-1 housekeeper" daemon [_thread_blocked, id=1512, stack(0x00000000213a0000,0x00000000214a0000)]
  0x000000001a7fb000 JavaThread "PostgreSQL-JDBC-SharedTimer-1" daemon [_thread_blocked, id=10328, stack(0x0000000021020000,0x0000000021120000)]
  0x0000000019e44000 JavaThread "restartedMain" [_thread_in_Java, id=5876, stack(0x000000001ada0000,0x000000001aea0000)]
  0x0000000019dda800 JavaThread "Thread-0" [_thread_blocked, id=884, stack(0x000000001aca0000,0x000000001ada0000)]
  0x000000001881e000 JavaThread "Service Thread" daemon [_thread_blocked, id=12424, stack(0x00000000191a0000,0x00000000192a0000)]
  0x0000000018815000 JavaThread "C1 CompilerThread2" daemon [_thread_in_vm, id=13204, stack(0x00000000190a0000,0x00000000191a0000)]
  0x0000000018814000 JavaThread "C2 CompilerThread1" daemon [_thread_in_native, id=12940, stack(0x0000000018fa0000,0x00000000190a0000)]
=>0x00000000187b2800 JavaThread "C2 CompilerThread0" daemon [_thread_in_native, id=4856, stack(0x0000000018ea0000,0x0000000018fa0000)]
  0x00000000187a5800 JavaThread "JDWP Command Reader" daemon [_thread_in_native, id=5360, stack(0x0000000018da0000,0x0000000018ea0000)]
  0x00000000187a2000 JavaThread "JDWP Event Helper Thread" daemon [_thread_blocked, id=5336, stack(0x0000000018ca0000,0x0000000018da0000)]
  0x0000000016e30800 JavaThread "JDWP Transport Listener: dt_socket" daemon [_thread_blocked, id=7316, stack(0x0000000018ba0000,0x0000000018ca0000)]
  0x0000000016e28000 JavaThread "Attach Listener" daemon [_thread_blocked, id=9820, stack(0x0000000018360000,0x0000000018460000)]
  0x0000000016e75800 JavaThread "Signal Dispatcher" daemon [_thread_blocked, id=5720, stack(0x0000000018260000,0x0000000018360000)]
  0x00000000025fc800 JavaThread "Finalizer" daemon [_thread_blocked, id=8744, stack(0x0000000018070000,0x0000000018170000)]
  0x0000000016e0a000 JavaThread "Reference Handler" daemon [_thread_blocked, id=11604, stack(0x0000000017f70000,0x0000000018070000)]
  0x0000000002502800 JavaThread "main" [_thread_blocked, id=7472, stack(0x0000000002400000,0x0000000002500000)]

Other Threads:
  0x0000000016de8000 VMThread [stack: 0x0000000017e70000,0x0000000017f70000] [id=3204]
  0x0000000018824000 WatcherThread [stack: 0x00000000192a0000,0x00000000193a0000] [id=1864]

VM state:not at safepoint (normal execution)

VM Mutex/Monitor currently owned by a thread: None

heap address: 0x0000000086e00000, size: 1938 MB, Compressed Oops mode: 32-bit
Narrow klass base: 0x0000000000000000, Narrow klass shift: 3
Compressed class space size: 1073741824 Address: 0x0000000100000000

Heap:
 PSYoungGen      total 253952K, used 142059K [0x00000000d7a00000, 0x00000000e9e80000, 0x0000000100000000)
  eden space 238080K, 59% used [0x00000000d7a00000,0x00000000e04bae48,0x00000000e6280000)
  from space 15872K, 0% used [0x00000000e7280000,0x00000000e7280000,0x00000000e8200000)
  to   space 16384K, 0% used [0x00000000e6280000,0x00000000e6280000,0x00000000e7280000)
 ParOldGen       total 110592K, used 21964K [0x0000000086e00000, 0x000000008da00000, 0x00000000d7a00000)
  object space 110592K, 19% used [0x0000000086e00000,0x0000000088373200,0x000000008da00000)
 Metaspace       used 60123K, capacity 63534K, committed 63704K, reserved 1103872K
  class space    used 8111K, capacity 8674K, committed 8704K, reserved 1048576K

Card table byte_map: [0x00000000119c0000,0x0000000011d90000] byte_map_base: 0x0000000011589000

Marking Bits: (ParMarkBitMap*) 0x0000000068bb5ce0
 Begin Bits: [0x0000000012420000, 0x0000000014268000)
 End Bits:   [0x0000000014268000, 0x00000000160b0000)

Polling page: 0x0000000000740000

CodeCache: size=245760Kb used=21555Kb max_used=21555Kb free=224204Kb
 bounds [0x0000000002600000, 0x0000000003b30000, 0x0000000011600000]
 total_blobs=6751 nmethods=6253 adapters=417
 compilation: enabled

Compilation events (10 events):
Event: 25.286 Thread 0x0000000018815000 nmethod 6920 0x0000000003af5f10 code [0x0000000003af6080, 0x0000000003af62c8]
Event: 25.286 Thread 0x0000000018815000 6921       3       java.lang.reflect.Modifier::isVolatile (13 bytes)
Event: 25.286 Thread 0x0000000018815000 nmethod 6921 0x0000000003af48d0 code [0x0000000003af4a20, 0x0000000003af4bb0]
Event: 25.292 Thread 0x0000000018815000 6923       3       org.springframework.beans.factory.support.AbstractBeanFactory::getBean (9 bytes)
Event: 25.292 Thread 0x0000000018815000 nmethod 6923 0x0000000003b1bbd0 code [0x0000000003b1bd40, 0x0000000003b1bf88]
Event: 25.296 Thread 0x0000000018815000 6924       3       org.springframework.beans.AbstractNestablePropertyAccessor::getWrappedClass (8 bytes)
Event: 25.296 Thread 0x0000000018815000 nmethod 6924 0x0000000003b1e610 code [0x0000000003b1e7a0, 0x0000000003b1ec28]
Event: 25.312 Thread 0x0000000018815000 6926       3       org.springframework.util.ReflectionUtils::findField (119 bytes)
Event: 25.313 Thread 0x0000000018815000 nmethod 6926 0x0000000003b1ee10 code [0x0000000003b1f040, 0x0000000003b1fbe8]
Event: 25.318 Thread 0x0000000018815000 6927   !   3       org.springframework.beans.factory.support.AbstractAutowireCapableBeanFactory::createBean (247 bytes)

GC Heap History (10 events):
Event: 13.705 GC heap before
{Heap before GC invocations=11 (full 2):
 PSYoungGen      total 158720K, used 7080K [0x00000000d7a00000, 0x00000000e5280000, 0x0000000100000000)
  eden space 146432K, 0% used [0x00000000d7a00000,0x00000000d7a00000,0x00000000e0900000)
  from space 12288K, 57% used [0x00000000e0900000,0x00000000e0fea018,0x00000000e1500000)
  to   space 11776K, 0% used [0x00000000e4700000,0x00000000e4700000,0x00000000e5280000)
 ParOldGen       total 54784K, used 14640K [0x0000000086e00000, 0x000000008a380000, 0x00000000d7a00000)
  object space 54784K, 26% used [0x0000000086e00000,0x0000000087c4c118,0x000000008a380000)
 Metaspace       used 33553K, capacity 35386K, committed 35416K, reserved 1079296K
  class space    used 4390K, capacity 4724K, committed 4736K, reserved 1048576K
Event: 13.916 GC heap after
Heap after GC invocations=11 (full 2):
 PSYoungGen      total 158720K, used 0K [0x00000000d7a00000, 0x00000000e5280000, 0x0000000100000000)
  eden space 146432K, 0% used [0x00000000d7a00000,0x00000000d7a00000,0x00000000e0900000)
  from space 12288K, 0% used [0x00000000e0900000,0x00000000e0900000,0x00000000e1500000)
  to   space 11776K, 0% used [0x00000000e4700000,0x00000000e4700000,0x00000000e5280000)
 ParOldGen       total 83456K, used 13572K [0x0000000086e00000, 0x000000008bf80000, 0x00000000d7a00000)
  object space 83456K, 16% used [0x0000000086e00000,0x0000000087b41218,0x000000008bf80000)
 Metaspace       used 33553K, capacity 35386K, committed 35416K, reserved 1079296K
  class space    used 4390K, capacity 4724K, committed 4736K, reserved 1048576K
}
Event: 17.650 GC heap before
{Heap before GC invocations=12 (full 2):
 PSYoungGen      total 158720K, used 146432K [0x00000000d7a00000, 0x00000000e5280000, 0x0000000100000000)
  eden space 146432K, 100% used [0x00000000d7a00000,0x00000000e0900000,0x00000000e0900000)
  from space 12288K, 0% used [0x00000000e0900000,0x00000000e0900000,0x00000000e1500000)
  to   space 11776K, 0% used [0x00000000e4700000,0x00000000e4700000,0x00000000e5280000)
 ParOldGen       total 83456K, used 13572K [0x0000000086e00000, 0x000000008bf80000, 0x00000000d7a00000)
  object space 83456K, 16% used [0x0000000086e00000,0x0000000087b41218,0x000000008bf80000)
 Metaspace       used 43145K, capacity 45222K, committed 45400K, reserved 1089536K
  class space    used 5779K, capacity 6148K, committed 6272K, reserved 1048576K
Event: 17.677 GC heap after
Heap after GC invocations=12 (full 2):
 PSYoungGen      total 199680K, used 10613K [0x00000000d7a00000, 0x00000000e5180000, 0x0000000100000000)
  eden space 188928K, 0% used [0x00000000d7a00000,0x00000000d7a00000,0x00000000e3280000)
  from space 10752K, 98% used [0x00000000e4700000,0x00000000e515d5f0,0x00000000e5180000)
  to   space 12800K, 0% used [0x00000000e3880000,0x00000000e3880000,0x00000000e4500000)
 ParOldGen       total 83456K, used 13572K [0x0000000086e00000, 0x000000008bf80000, 0x00000000d7a00000)
  object space 83456K, 16% used [0x0000000086e00000,0x0000000087b41218,0x000000008bf80000)
 Metaspace       used 43145K, capacity 45222K, committed 45400K, reserved 1089536K
  class space    used 5779K, capacity 6148K, committed 6272K, reserved 1048576K
}
Event: 22.827 GC heap before
{Heap before GC invocations=13 (full 2):
 PSYoungGen      total 199680K, used 199541K [0x00000000d7a00000, 0x00000000e5180000, 0x0000000100000000)
  eden space 188928K, 100% used [0x00000000d7a00000,0x00000000e3280000,0x00000000e3280000)
  from space 10752K, 98% used [0x00000000e4700000,0x00000000e515d5f0,0x00000000e5180000)
  to   space 12800K, 0% used [0x00000000e3880000,0x00000000e3880000,0x00000000e4500000)
 ParOldGen       total 83456K, used 13572K [0x0000000086e00000, 0x000000008bf80000, 0x00000000d7a00000)
  object space 83456K, 16% used [0x0000000086e00000,0x0000000087b41218,0x000000008bf80000)
 Metaspace       used 55342K, capacity 58122K, committed 58200K, reserved 1099776K
  class space    used 7508K, capacity 8002K, committed 8064K, reserved 1048576K
Event: 22.859 GC heap after
Heap after GC invocations=13 (full 2):
 PSYoungGen      total 207872K, used 12797K [0x00000000d7a00000, 0x00000000e8200000, 0x0000000100000000)
  eden space 195072K, 0% used [0x00000000d7a00000,0x00000000d7a00000,0x00000000e3880000)
  from space 12800K, 99% used [0x00000000e3880000,0x00000000e44ff740,0x00000000e4500000)
  to   space 15872K, 0% used [0x00000000e7280000,0x00000000e7280000,0x00000000e8200000)
 ParOldGen       total 83456K, used 17967K [0x0000000086e00000, 0x000000008bf80000, 0x00000000d7a00000)
  object space 83456K, 21% used [0x0000000086e00000,0x0000000087f8bca0,0x000000008bf80000)
 Metaspace       used 55342K, capacity 58122K, committed 58200K, reserved 1099776K
  class space    used 7508K, capacity 8002K, committed 8064K, reserved 1048576K
}
Event: 22.997 GC heap before
{Heap before GC invocations=14 (full 2):
 PSYoungGen      total 207872K, used 19925K [0x00000000d7a00000, 0x00000000e8200000, 0x0000000100000000)
  eden space 195072K, 3% used [0x00000000d7a00000,0x00000000d80f5ff8,0x00000000e3880000)
  from space 12800K, 99% used [0x00000000e3880000,0x00000000e44ff740,0x00000000e4500000)
  to   space 15872K, 0% used [0x00000000e7280000,0x00000000e7280000,0x00000000e8200000)
 ParOldGen       total 83456K, used 17967K [0x0000000086e00000, 0x000000008bf80000, 0x00000000d7a00000)
  object space 83456K, 21% used [0x0000000086e00000,0x0000000087f8bca0,0x000000008bf80000)
 Metaspace       used 56072K, capacity 58894K, committed 59028K, reserved 1099776K
  class space    used 7621K, capacity 8108K, committed 8192K, reserved 1048576K
Event: 23.010 GC heap after
Heap after GC invocations=14 (full 2):
 PSYoungGen      total 253952K, used 970K [0x00000000d7a00000, 0x00000000e9e80000, 0x0000000100000000)
  eden space 238080K, 0% used [0x00000000d7a00000,0x00000000d7a00000,0x00000000e6280000)
  from space 15872K, 6% used [0x00000000e7280000,0x00000000e7372a30,0x00000000e8200000)
  to   space 16384K, 0% used [0x00000000e6280000,0x00000000e6280000,0x00000000e7280000)
 ParOldGen       total 83456K, used 26355K [0x0000000086e00000, 0x000000008bf80000, 0x00000000d7a00000)
  object space 83456K, 31% used [0x0000000086e00000,0x00000000887bcc30,0x000000008bf80000)
 Metaspace       used 56072K, capacity 58894K, committed 59028K, reserved 1099776K
  class space    used 7621K, capacity 8108K, committed 8192K, reserved 1048576K
}
Event: 23.010 GC heap before
{Heap before GC invocations=15 (full 3):
 PSYoungGen      total 253952K, used 970K [0x00000000d7a00000, 0x00000000e9e80000, 0x0000000100000000)
  eden space 238080K, 0% used [0x00000000d7a00000,0x00000000d7a00000,0x00000000e6280000)
  from space 15872K, 6% used [0x00000000e7280000,0x00000000e7372a30,0x00000000e8200000)
  to   space 16384K, 0% used [0x00000000e6280000,0x00000000e6280000,0x00000000e7280000)
 ParOldGen       total 83456K, used 26355K [0x0000000086e00000, 0x000000008bf80000, 0x00000000d7a00000)
  object space 83456K, 31% used [0x0000000086e00000,0x00000000887bcc30,0x000000008bf80000)
 Metaspace       used 56072K, capacity 58894K, committed 59028K, reserved 1099776K
  class space    used 7621K, capacity 8108K, committed 8192K, reserved 1048576K
Event: 23.225 GC heap after
Heap after GC invocations=15 (full 3):
 PSYoungGen      total 253952K, used 0K [0x00000000d7a00000, 0x00000000e9e80000, 0x0000000100000000)
  eden space 238080K, 0% used [0x00000000d7a00000,0x00000000d7a00000,0x00000000e6280000)
  from space 15872K, 0% used [0x00000000e7280000,0x00000000e7280000,0x00000000e8200000)
  to   space 16384K, 0% used [0x00000000e6280000,0x00000000e6280000,0x00000000e7280000)
 ParOldGen       total 110592K, used 21964K [0x0000000086e00000, 0x000000008da00000, 0x00000000d7a00000)
  object space 110592K, 19% used [0x0000000086e00000,0x0000000088373200,0x000000008da00000)
 Metaspace       used 56072K, capacity 58894K, committed 59028K, reserved 1099776K
  class space    used 7621K, capacity 8108K, committed 8192K, reserved 1048576K
}

Deoptimization events (10 events):
Event: 24.393 Thread 0x0000000019e44000 Uncommon trap: reason=class_check action=maybe_recompile pc=0x00000000038f4eb4 method=org.springframework.core.annotation.AnnotationUtils.findAnnotation(Ljava/lang/reflect/Method;Ljava/lang/Class;)Ljava/lang/annotation/Annotation; @ 47
Event: 24.413 Thread 0x0000000019e44000 Uncommon trap: reason=unstable_if action=reinterpret pc=0x0000000002a33230 method=java.util.regex.Pattern$BmpCharProperty.match(Ljava/util/regex/Matcher;ILjava/lang/CharSequence;)Z @ 34
Event: 24.425 Thread 0x0000000019e44000 Uncommon trap: reason=unstable_if action=reinterpret pc=0x0000000002b91028 method=java.util.regex.Matcher.match(II)Z @ 30
Event: 24.454 Thread 0x0000000019e44000 Uncommon trap: reason=predicate action=maybe_recompile pc=0x0000000002a56a40 method=java.util.StringTokenizer.skipDelimiters(I)I @ 17
Event: 24.454 Thread 0x0000000019e44000 Uncommon trap: reason=unstable_if action=reinterpret pc=0x0000000002b8d504 method=java.util.StringTokenizer.scanToken(I)I @ 96
Event: 24.520 Thread 0x0000000019e44000 Uncommon trap: reason=bimorphic action=maybe_recompile pc=0x0000000002920bc4 method=java.util.Hashtable.get(Ljava/lang/Object;)Ljava/lang/Object; @ 6
Event: 24.524 Thread 0x0000000019e44000 Uncommon trap: reason=bimorphic action=maybe_recompile pc=0x0000000002920bc4 method=java.util.Hashtable.get(Ljava/lang/Object;)Ljava/lang/Object; @ 6
Event: 24.526 Thread 0x0000000019e44000 Uncommon trap: reason=unstable_if action=reinterpret pc=0x0000000002725900 method=java.lang.CharacterData.of(I)Ljava/lang/CharacterData; @ 4
Event: 24.533 Thread 0x0000000019e44000 Uncommon trap: reason=unstable_if action=reinterpret pc=0x00000000037f4ff4 method=java.util.regex.Pattern$Curly.match0(Ljava/util/regex/Matcher;IILjava/lang/CharSequence;)Z @ 5
Event: 24.809 Thread 0x0000000019e44000 Uncommon trap: reason=unstable_if action=reinterpret pc=0x0000000002f61a78 method=java.util.regex.Pattern$LastNode.match(Ljava/util/regex/Matcher;ILjava/lang/CharSequence;)Z @ 13

Classes redefined (0 events):
No events

Internal exceptions (10 events):
Event: 25.298 Thread 0x0000000019e44000 Exception <a 'java/lang/ClassNotFoundException': java/lang/ObjectCustomizer> (0x00000000e0083d48) thrown at [C:\re\workspace\8-2-build-windows-amd64-cygwin\jdk8u211\12973\hotspot\src\share\vm\classfile\systemDictionary.cpp, line 210]
Event: 25.299 Thread 0x0000000019e44000 Exception <a 'java/lang/ClassNotFoundException': org/springframework/messaging/simp/config/AbstractMessageBrokerConfigurationCustomizer> (0x00000000e00b76f0) thrown at [C:\re\workspace\8-2-build-windows-amd64-cygwin\jdk8u211\12973\hotspot\src\share\vm\cla
Event: 25.303 Thread 0x0000000019e44000 Exception <a 'java/lang/ClassNotFoundException': org/springframework/web/socket/config/annotation/WebSocketMessageBrokerConfigurationSupportCustomizer> (0x00000000e00fee98) thrown at [C:\re\workspace\8-2-build-windows-amd64-cygwin\jdk8u211\12973\hotspot\s
Event: 25.304 Thread 0x0000000019e44000 Exception <a 'java/lang/ClassNotFoundException': org/springframework/web/socket/config/annotation/DelegatingWebSocketMessageBrokerConfigurationCustomizer> (0x00000000e013b880) thrown at [C:\re\workspace\8-2-build-windows-amd64-cygwin\jdk8u211\12973\hotspo
Event: 25.306 Thread 0x0000000019e44000 Exception <a 'java/lang/ClassNotFoundException': org/springframework/web/socket/config/annotation/DelegatingWebSocketMessageBrokerConfiguration$$EnhancerBySpringCGLIB$$1fd01054Customizer> (0x00000000e0187b98) thrown at [C:\re\workspace\8-2-build-windows-a
Event: 25.308 Thread 0x0000000019e44000 Exception <a 'java/lang/ClassNotFoundException': org/springframework/context/annotation/ConfigurationClassEnhancer$EnhancedConfigurationCustomizer> (0x00000000e01dfb50) thrown at [C:\re\workspace\8-2-build-windows-amd64-cygwin\jdk8u211\12973\hotspot\src\s
Event: 25.309 Thread 0x0000000019e44000 Exception <a 'java/lang/ClassNotFoundException': org/springframework/beans/factory/BeanFactoryAwareCustomizer> (0x00000000e0204be0) thrown at [C:\re\workspace\8-2-build-windows-amd64-cygwin\jdk8u211\12973\hotspot\src\share\vm\classfile\systemDictionary.cp
Event: 25.310 Thread 0x0000000019e44000 Exception <a 'java/lang/ClassNotFoundException': org/springframework/beans/factory/AwareCustomizer> (0x00000000e02260e8) thrown at [C:\re\workspace\8-2-build-windows-amd64-cygwin\jdk8u211\12973\hotspot\src\share\vm\classfile\systemDictionary.cpp, line 210
Event: 25.311 Thread 0x0000000019e44000 Exception <a 'java/lang/ClassNotFoundException': org/springframework/context/ApplicationContextAwareCustomizer> (0x00000000e024bb18) thrown at [C:\re\workspace\8-2-build-windows-amd64-cygwin\jdk8u211\12973\hotspot\src\share\vm\classfile\systemDictionary.c
Event: 25.311 Thread 0x0000000019e44000 Exception <a 'java/lang/ClassNotFoundException': org/springframework/beans/factory/AwareCustomizer> (0x00000000e026ce10) thrown at [C:\re\workspace\8-2-build-windows-amd64-cygwin\jdk8u211\12973\hotspot\src\share\vm\classfile\systemDictionary.cpp, line 210

Events (10 events):
Event: 25.311 Thread 0x0000000019e44000 DEOPT PACKING pc=0x00000000027350c8 sp=0x000000001ae9b330
Event: 25.311 Thread 0x0000000019e44000 DEOPT UNPACKING pc=0x0000000002647890 sp=0x000000001ae9b050 mode 1
Event: 25.311 Thread 0x0000000019e44000 DEOPT PACKING pc=0x00000000027350c8 sp=0x000000001ae9b420
Event: 25.311 Thread 0x0000000019e44000 DEOPT UNPACKING pc=0x0000000002647890 sp=0x000000001ae9b140 mode 1
Event: 25.311 Thread 0x0000000019e44000 DEOPT PACKING pc=0x00000000027e3994 sp=0x000000001ae9bd30
Event: 25.311 Thread 0x0000000019e44000 DEOPT UNPACKING pc=0x0000000002647890 sp=0x000000001ae9ba48 mode 1
Event: 25.311 loading class org/springframework/beans/factory/AwareCustomizer
Event: 25.311 loading class org/springframework/beans/factory/AwareCustomizer done
Event: 25.311 Thread 0x0000000019e44000 DEOPT PACKING pc=0x0000000002be271c sp=0x000000001ae9bd10
Event: 25.311 Thread 0x0000000019e44000 DEOPT UNPACKING pc=0x0000000002647890 sp=0x000000001ae9ba68 mode 1


Dynamic libraries:
0x00007ff7fe7e0000 - 0x00007ff7fe817000 	C:\Program Files\Java\jdk1.8.0_211\bin\java.exe
0x00007ffdf60a0000 - 0x00007ffdf627b000 	C:\Windows\SYSTEM32\ntdll.dll
0x00007ffdf3aa0000 - 0x00007ffdf3b4e000 	C:\Windows\System32\KERNEL32.DLL
0x00007ffdf3110000 - 0x00007ffdf335a000 	C:\Windows\System32\KERNELBASE.dll
0x00007ffdf5f90000 - 0x00007ffdf6031000 	C:\Windows\System32\ADVAPI32.dll
0x00007ffdf5570000 - 0x00007ffdf560d000 	C:\Windows\System32\msvcrt.dll
0x00007ffdf5d20000 - 0x00007ffdf5d79000 	C:\Windows\System32\sechost.dll
0x00007ffdf5860000 - 0x00007ffdf5985000 	C:\Windows\System32\RPCRT4.dll
0x00007ffdf5680000 - 0x00007ffdf57ca000 	C:\Windows\System32\USER32.dll
0x00007ffdf28a0000 - 0x00007ffdf28be000 	C:\Windows\System32\win32u.dll
0x00007ffdf3ff0000 - 0x00007ffdf4017000 	C:\Windows\System32\GDI32.dll
0x00007ffdf33c0000 - 0x00007ffdf3548000 	C:\Windows\System32\gdi32full.dll
0x00007ffdf2630000 - 0x00007ffdf26ca000 	C:\Windows\System32\msvcp_win.dll
0x00007ffdf28c0000 - 0x00007ffdf29b6000 	C:\Windows\System32\ucrtbase.dll
0x00007ffdeb4e0000 - 0x00007ffdeb747000 	C:\Windows\WinSxS\amd64_microsoft.windows.common-controls_6595b64144ccf1df_6.0.15063.1155_none_40c7922129a7722b\COMCTL32.dll
0x00007ffdf3b50000 - 0x00007ffdf3e49000 	C:\Windows\System32\combase.dll
0x00007ffdf25c0000 - 0x00007ffdf262a000 	C:\Windows\System32\bcryptPrimitives.dll
0x00007ffdf3fc0000 - 0x00007ffdf3fed000 	C:\Windows\System32\IMM32.DLL
0x0000000068c40000 - 0x0000000068d12000 	C:\Program Files\Java\jdk1.8.0_211\jre\bin\msvcr100.dll
0x0000000068390000 - 0x0000000068c35000 	C:\Program Files\Java\jdk1.8.0_211\jre\bin\server\jvm.dll
0x00007ffdf5d80000 - 0x00007ffdf5d88000 	C:\Windows\System32\PSAPI.DLL
0x00007ffdea360000 - 0x00007ffdea369000 	C:\Windows\SYSTEM32\WSOCK32.dll
0x00007ffdec480000 - 0x00007ffdec4a3000 	C:\Windows\SYSTEM32\WINMM.dll
0x00007ffdea090000 - 0x00007ffdea09a000 	C:\Windows\SYSTEM32\VERSION.dll
0x00007ffdf5610000 - 0x00007ffdf567c000 	C:\Windows\System32\WS2_32.dll
0x00007ffdec450000 - 0x00007ffdec47b000 	C:\Windows\SYSTEM32\WINMMBASE.dll
0x00007ffdf29c0000 - 0x00007ffdf2a09000 	C:\Windows\System32\cfgmgr32.dll
0x00007ffdef3f0000 - 0x00007ffdef3ff000 	C:\Program Files\Java\jdk1.8.0_211\jre\bin\verify.dll
0x00007ffdeea30000 - 0x00007ffdeea59000 	C:\Program Files\Java\jdk1.8.0_211\jre\bin\java.dll
0x00007ffdee9e0000 - 0x00007ffdeea15000 	C:\Program Files\Java\jdk1.8.0_211\jre\bin\jdwp.dll
0x00007ffdef110000 - 0x00007ffdef118000 	C:\Program Files\Java\jdk1.8.0_211\jre\bin\npt.dll
0x00007ffdee9c0000 - 0x00007ffdee9d6000 	C:\Program Files\Java\jdk1.8.0_211\jre\bin\zip.dll
0x00007ffdf4130000 - 0x00007ffdf5568000 	C:\Windows\System32\SHELL32.dll
0x00007ffdf4020000 - 0x00007ffdf40ca000 	C:\Windows\System32\shcore.dll
0x00007ffdf2a10000 - 0x00007ffdf3101000 	C:\Windows\System32\windows.storage.dll
0x00007ffdf3600000 - 0x00007ffdf3651000 	C:\Windows\System32\shlwapi.dll
0x00007ffdf25a0000 - 0x00007ffdf25b1000 	C:\Windows\System32\kernel.appcore.dll
0x00007ffdf2510000 - 0x00007ffdf255c000 	C:\Windows\System32\powrprof.dll
0x00007ffdf2580000 - 0x00007ffdf2595000 	C:\Windows\System32\profapi.dll
0x00007ffdee3b0000 - 0x00007ffdee3b9000 	C:\Program Files\Java\jdk1.8.0_211\jre\bin\dt_socket.dll
0x00007ffde79a0000 - 0x00007ffde79b6000 	C:\Windows\system32\napinsp.dll
0x00007ffde3a40000 - 0x00007ffde3a5a000 	C:\Windows\system32\pnrpnsp.dll
0x00007ffdef7a0000 - 0x00007ffdef7b8000 	C:\Windows\system32\NLAapi.dll
0x00007ffdf1e20000 - 0x00007ffdf1e7c000 	C:\Windows\System32\mswsock.dll
0x00007ffdf1c00000 - 0x00007ffdf1ca4000 	C:\Windows\SYSTEM32\DNSAPI.dll
0x00007ffdf5ea0000 - 0x00007ffdf5ea8000 	C:\Windows\System32\NSI.dll
0x00007ffdf1bc0000 - 0x00007ffdf1bf7000 	C:\Windows\SYSTEM32\IPHLPAPI.DLL
0x00007ffde3a30000 - 0x00007ffde3a3e000 	C:\Windows\System32\winrnr.dll
0x00007ffdd3290000 - 0x00007ffdd32a5000 	C:\Windows\System32\wshbth.dll
0x00007ffdec240000 - 0x00007ffdec2ab000 	C:\Windows\System32\fwpuclnt.dll
0x00007ffdf20d0000 - 0x00007ffdf20f5000 	C:\Windows\SYSTEM32\bcrypt.dll
0x00007ffdeb260000 - 0x00007ffdeb26a000 	C:\Windows\System32\rasadhlp.dll
0x00007ffdecaa0000 - 0x00007ffdecaad000 	C:\Program Files\Java\jdk1.8.0_211\jre\bin\management.dll
0x00007ffdeca80000 - 0x00007ffdeca9a000 	C:\Program Files\Java\jdk1.8.0_211\jre\bin\net.dll
0x00007ffde8580000 - 0x00007ffde8747000 	C:\Windows\SYSTEM32\urlmon.dll
0x00007ffde82e0000 - 0x00007ffde8575000 	C:\Windows\SYSTEM32\iertutil.dll
0x00007ffdf1fe0000 - 0x00007ffdf1feb000 	C:\Windows\SYSTEM32\CRYPTBASE.DLL
0x00007ffdec9d0000 - 0x00007ffdec9e2000 	C:\Program Files\Java\jdk1.8.0_211\jre\bin\nio.dll
0x00007ffdf1fc0000 - 0x00007ffdf1fd7000 	C:\Windows\SYSTEM32\CRYPTSP.dll
0x00007ffdf1a30000 - 0x00007ffdf1a64000 	C:\Windows\system32\rsaenh.dll
0x00007ffdf2410000 - 0x00007ffdf2439000 	C:\Windows\SYSTEM32\USERENV.dll
0x00007ffdecc30000 - 0x00007ffdecc46000 	C:\Windows\SYSTEM32\dhcpcsvc6.DLL
0x00007ffdec8f0000 - 0x00007ffdec90a000 	C:\Windows\SYSTEM32\dhcpcsvc.DLL

VM Arguments:
jvm_args: -agentlib:jdwp=transport=dt_socket,server=n,suspend=y,address=localhost:59601 -Dfile.encoding=UTF-8 
java_command: vn.tpsc.it4u.It4uApplication
java_class_path (initial): C:\Users\Admin\AppData\Local\Temp\cp_bohqa6jlh83goee12vsbvvqes.jar
Launcher Type: SUN_STANDARD

Environment Variables:
JAVA_HOME=C:\Users\Admin\Downloads\openjdk-14.0.2_windows-x64_bin\jdk-14.0.2
CLASSPATH=.;
PATH=C:\Python27\;C:\Python27\Scripts;C:\Program Files\AdoptOpenJDK\jdk-8.0.232.09-hotspot\bin;C:\Windows\system32;C:\Windows;C:\Windows\System32\Wbem;C:\Windows\System32\WindowsPowerShell\v1.0\;E:\TPsTech\Software\nodejs\;C:\ProgramData\chocolatey\bin;E:\TPsTech\Software\Git\cmd;C:\Users\Admin\AppData\Local\Android\Sdk\platform-tools;C:\Program Files\Java\jdk1.8.0_211\bin;C:\Users\Admin\AppData\Local\Android\Sdk;C:\Program Files (x86)\Yarn\bin\;C:\Program Files\Genymobile\Genymotion\tools;C:\Program Files (x86)\PuTTY\;C:\Users\Admin\Downloads\php-7.4.9-nts-Win32-vc15-x64;C:\ProgramData\ComposerSetup\bin;C:\Ruby26-x64\bin;C:\Users\Admin\AppData\Local\Microsoft\WindowsApps;E:\TPsTech\Software\Microsoft VS Code\bin;C:\Users\Admin\AppData\Roaming\npm;C:\Users\Admin\Downloads\apache-maven-3.6.3-bin\apache-maven-3.6.3\bin;C:\Program Files\Genymobile\Genymotion\tools;C:\Users\Admin\AppData\Local\Android\Sdk\platform-tools;C:\Users\Admin\AppData\Local\Android\Sdk;C:\Users\Admin\AppData\Local\Yarn\bin;C:\Users\Admin\AppData\Local\Programs\Microsoft VS Code\bin;C:\Users\Admin\AppData\Roaming\Composer\vendor\bin
USERNAME=Admin
OS=Windows_NT
PROCESSOR_IDENTIFIER=Intel64 Family 6 Model 58 Stepping 9, GenuineIntel



---------------  S Y S T E M  ---------------

OS: Windows 10.0 , 64 bit Build 15063 (10.0.15063.1058)

CPU:total 4 (initial active 4) (2 cores per cpu, 2 threads per core) family 6 model 58 stepping 9, cmov, cx8, fxsr, mmx, sse, sse2, sse3, ssse3, sse4.1, sse4.2, popcnt, avx, clmul, erms, ht, tsc, tscinvbit, tscinv

Memory: 4k page, physical 7936520k(705268k free), swap 7936520k(5232k free)

vm_info: Java HotSpot(TM) 64-Bit Server VM (25.211-b12) for windows-amd64 JRE (1.8.0_211-b12), built on Apr  1 2019 20:53:26 by "java_re" with MS VC++ 10.0 (VS2010)

time: Fri Nov 13 11:11:00 2020
timezone: SE Asia Standard Time
elapsed time: 25 seconds (0d 0h 0m 25s)

