#
# There is insufficient memory for the Java Runtime Environment to continue.
# Native memory allocation (malloc) failed to allocate 32744 bytes for ChunkPool::allocate
# Possible reasons:
#   The system is out of physical RAM or swap space
#   The process is running with CompressedOops enabled, and the Java Heap may be blocking the growth of the native heap
# Possible solutions:
#   Reduce memory load on the system
#   Increase physical memory or swap space
#   Check if swap backing store is full
#   Decrease Java heap size (-Xmx/-Xms)
#   Decrease number of Java threads
#   Decrease Java thread stack sizes (-Xss)
#   Set larger code cache with -XX:ReservedCodeCacheSize=
#   JVM is running with Unscaled Compressed Oops mode in which the Java heap is
#     placed in the first 4GB address space. The Java Heap base address is the
#     maximum limit for the native heap growth. Please use -XX:HeapBaseMinAddress
#     to set the Java Heap base and to place the Java Heap above 4GB virtual address.
# This output file may be truncated or incomplete.
#
#  Out of Memory Error (allocation.cpp:272), pid=8376, tid=0x000000000000284c
#
# JRE version: Java(TM) SE Runtime Environment (8.0_211-b12) (build 1.8.0_211-b12)
# Java VM: Java HotSpot(TM) 64-Bit Server VM (25.211-b12 mixed mode windows-amd64 compressed oops)
# Failed to write core dump. Minidumps are not enabled by default on client versions of Windows
#

---------------  T H R E A D  ---------------

Current thread (0x0000000018683000):  JavaThread "C2 CompilerThread0" daemon [_thread_in_native, id=10316, stack(0x00000000191b0000,0x00000000192b0000)]

Stack: [0x00000000191b0000,0x00000000192b0000]
[error occurred during error reporting (printing stack bounds), id 0xc0000005]

Native frames: (J=compiled Java code, j=interpreted, Vv=VM code, C=native code)


Current CompileTask:
C2:  30944 5919       4       org.springframework.core.annotation.AnnotationsScanner::scan (20 bytes)


---------------  P R O C E S S  ---------------

Java Threads: ( => current thread )
  0x000000001bf17800 JavaThread "Live Reload Server" daemon [_thread_in_native, id=10388, stack(0x0000000028b10000,0x0000000028c10000)]
  0x000000001bf1c800 JavaThread "container-0" [_thread_blocked, id=4548, stack(0x0000000025630000,0x0000000025730000)]
  0x000000001bf1b800 JavaThread "Catalina-utility-2" [_thread_blocked, id=6736, stack(0x0000000025530000,0x0000000025630000)]
  0x000000001bf1a000 JavaThread "Catalina-utility-1" [_thread_blocked, id=9396, stack(0x00000000243b0000,0x00000000244b0000)]
  0x000000001abdf000 JavaThread "HikariPool-1 housekeeper" daemon [_thread_blocked, id=10824, stack(0x00000000235b0000,0x00000000236b0000)]
  0x000000001b84d000 JavaThread "PostgreSQL-JDBC-SharedTimer-1" daemon [_thread_blocked, id=6680, stack(0x0000000020b10000,0x0000000020c10000)]
  0x0000000019db2800 JavaThread "restartedMain" [_thread_blocked, id=364, stack(0x000000001b0b0000,0x000000001b1b0000)]
  0x000000001a105800 JavaThread "Thread-0" [_thread_blocked, id=4472, stack(0x000000001afb0000,0x000000001b0b0000)]
  0x00000000186e7800 JavaThread "Service Thread" daemon [_thread_blocked, id=11200, stack(0x00000000194b0000,0x00000000195b0000)]
  0x00000000186db800 JavaThread "C1 CompilerThread2" daemon [_thread_blocked, id=2384, stack(0x00000000193b0000,0x00000000194b0000)]
  0x00000000186d9800 JavaThread "C2 CompilerThread1" daemon [_thread_in_native, id=4948, stack(0x00000000192b0000,0x00000000193b0000)]
=>0x0000000018683000 JavaThread "C2 CompilerThread0" daemon [_thread_in_native, id=10316, stack(0x00000000191b0000,0x00000000192b0000)]
  0x0000000018677000 JavaThread "JDWP Command Reader" daemon [_thread_in_native, id=9500, stack(0x00000000190b0000,0x00000000191b0000)]
  0x0000000018674800 JavaThread "JDWP Event Helper Thread" daemon [_thread_blocked, id=32, stack(0x0000000018fb0000,0x00000000190b0000)]
  0x0000000017020800 JavaThread "JDWP Transport Listener: dt_socket" daemon [_thread_blocked, id=8832, stack(0x0000000018eb0000,0x0000000018fb0000)]
  0x0000000017066800 JavaThread "Attach Listener" daemon [_thread_blocked, id=7992, stack(0x0000000018570000,0x0000000018670000)]
  0x000000001700d800 JavaThread "Signal Dispatcher" daemon [_thread_blocked, id=4644, stack(0x0000000018470000,0x0000000018570000)]
  0x00000000027ee000 JavaThread "Finalizer" daemon [_thread_blocked, id=3956, stack(0x0000000018280000,0x0000000018380000)]
  0x0000000016ffa000 JavaThread "Reference Handler" daemon [_thread_blocked, id=6984, stack(0x0000000018180000,0x0000000018280000)]
  0x00000000026f2800 JavaThread "main" [_thread_blocked, id=4284, stack(0x0000000002570000,0x0000000002670000)]

Other Threads:
  0x0000000016fd8800 VMThread [stack: 0x0000000018080000,0x0000000018180000] [id=9560]
  0x0000000018725000 WatcherThread [stack: 0x00000000195b0000,0x00000000196b0000] [id=2736]

VM state:at safepoint (normal execution)

VM Mutex/Monitor currently owned by a thread:  ([mutex/lock_event])
[0x00000000026ee760] Threads_lock - owner thread: 0x0000000016fd8800
[0x00000000026ee560] Heap_lock - owner thread: 0x00000000186db800
[0x00000000026f1ed0] MethodData_lock - owner thread: 0x00000000186db800

heap address: 0x0000000086e00000, size: 1938 MB, Compressed Oops mode: 32-bit
Narrow klass base: 0x0000000000000000, Narrow klass shift: 3
Compressed class space size: 1073741824 Address: 0x0000000100000000

Heap:
 PSYoungGen      total 250880K, used 111330K [0x00000000d7a00000, 0x00000000ee580000, 0x0000000100000000)
  eden space 236544K, 47% used [0x00000000d7a00000,0x00000000de6b88e0,0x00000000e6100000)
  from space 14336K, 0% used [0x00000000e6100000,0x00000000e6100000,0x00000000e6f00000)
  to   space 14336K, 0% used [0x00000000ed780000,0x00000000ed780000,0x00000000ee580000)
 ParOldGen       total 91136K, used 25719K [0x0000000086e00000, 0x000000008c700000, 0x00000000d7a00000)
  object space 91136K, 28% used [0x0000000086e00000,0x000000008871dcf0,0x000000008c700000)
 Metaspace       used 60775K, capacity 64154K, committed 64216K, reserved 1107968K
  class space    used 8375K, capacity 8920K, committed 8960K, reserved 1048576K

Card table byte_map: [0x0000000011bb0000,0x0000000011f80000] byte_map_base: 0x0000000011779000

Marking Bits: (ParMarkBitMap*) 0x0000000075a65ce0
 Begin Bits: [0x0000000012610000, 0x0000000014458000)
 End Bits:   [0x0000000014458000, 0x00000000162a0000)

Polling page: 0x00000000024d0000

CodeCache: size=245760Kb used=19991Kb max_used=20328Kb free=225768Kb
 bounds [0x00000000027f0000, 0x0000000003be0000, 0x00000000117f0000]
 total_blobs=5952 nmethods=5443 adapters=428
 compilation: enabled

Compilation events (10 events):
Event: 30.854 Thread 0x00000000186db800 6121       2       org.springframework.boot.web.server.WebServerFactoryCustomizerBeanPostProcessor::postProcessAfterInitialization (2 bytes)
Event: 30.854 Thread 0x00000000186db800 nmethod 6121 0x0000000002cd6dd0 code [0x0000000002cd6f20, 0x0000000002cd7070]
Event: 30.854 Thread 0x00000000186db800 6122       2       org.springframework.boot.web.server.ErrorPageRegistrarBeanPostProcessor::postProcessAfterInitialization (2 bytes)
Event: 30.854 Thread 0x00000000186db800 nmethod 6122 0x0000000002faac50 code [0x0000000002faada0, 0x0000000002faaef0]
Event: 30.855 Thread 0x00000000186db800 6123       2       org.springframework.web.context.support.ServletContextAwareProcessor::postProcessBeforeInitialization (56 bytes)
Event: 30.856 Thread 0x00000000186db800 nmethod 6123 0x000000000300f150 code [0x000000000300f320, 0x000000000300f758]
Event: 30.856 Thread 0x00000000186db800 6125       2       org.springframework.aop.support.AopUtils::findAdvisorsThatCanApply (155 bytes)
Event: 30.858 Thread 0x00000000186db800 nmethod 6125 0x0000000002afce50 code [0x0000000002afd080, 0x0000000002afd9c8]
Event: 30.858 Thread 0x00000000186db800 6124       2       org.springframework.context.support.ApplicationListenerDetector::postProcessBeforeInitialization (2 bytes)
Event: 30.858 Thread 0x00000000186db800 nmethod 6124 0x0000000002b14550 code [0x0000000002b146a0, 0x0000000002b147f0]

GC Heap History (10 events):
Event: 16.622 GC heap before
{Heap before GC invocations=10 (full 1):
 PSYoungGen      total 169472K, used 42244K [0x00000000d7a00000, 0x00000000e4d00000, 0x0000000100000000)
  eden space 160256K, 20% used [0x00000000d7a00000,0x00000000d9a48908,0x00000000e1680000)
  from space 9216K, 99% used [0x00000000e2280000,0x00000000e2b788f0,0x00000000e2b80000)
  to   space 12288K, 0% used [0x00000000e1680000,0x00000000e1680000,0x00000000e2280000)
 ParOldGen       total 53248K, used 12151K [0x0000000086e00000, 0x000000008a200000, 0x00000000d7a00000)
  object space 53248K, 22% used [0x0000000086e00000,0x00000000879dddf8,0x000000008a200000)
 Metaspace       used 33530K, capacity 35376K, committed 35416K, reserved 1079296K
  class space    used 4400K, capacity 4725K, committed 4736K, reserved 1048576K
Event: 16.659 GC heap after
Heap after GC invocations=10 (full 1):
 PSYoungGen      total 172544K, used 7043K [0x00000000d7a00000, 0x00000000e7c80000, 0x0000000100000000)
  eden space 160256K, 0% used [0x00000000d7a00000,0x00000000d7a00000,0x00000000e1680000)
  from space 12288K, 57% used [0x00000000e1680000,0x00000000e1d60e50,0x00000000e2280000)
  to   space 11776K, 0% used [0x00000000e7100000,0x00000000e7100000,0x00000000e7c80000)
 ParOldGen       total 53248K, used 13997K [0x0000000086e00000, 0x000000008a200000, 0x00000000d7a00000)
  object space 53248K, 26% used [0x0000000086e00000,0x0000000087bab6a8,0x000000008a200000)
 Metaspace       used 33530K, capacity 35376K, committed 35416K, reserved 1079296K
  class space    used 4400K, capacity 4725K, committed 4736K, reserved 1048576K
}
Event: 16.659 GC heap before
{Heap before GC invocations=11 (full 2):
 PSYoungGen      total 172544K, used 7043K [0x00000000d7a00000, 0x00000000e7c80000, 0x0000000100000000)
  eden space 160256K, 0% used [0x00000000d7a00000,0x00000000d7a00000,0x00000000e1680000)
  from space 12288K, 57% used [0x00000000e1680000,0x00000000e1d60e50,0x00000000e2280000)
  to   space 11776K, 0% used [0x00000000e7100000,0x00000000e7100000,0x00000000e7c80000)
 ParOldGen       total 53248K, used 13997K [0x0000000086e00000, 0x000000008a200000, 0x00000000d7a00000)
  object space 53248K, 26% used [0x0000000086e00000,0x0000000087bab6a8,0x000000008a200000)
 Metaspace       used 33530K, capacity 35376K, committed 35416K, reserved 1079296K
  class space    used 4400K, capacity 4725K, committed 4736K, reserved 1048576K
Event: 16.827 GC heap after
Heap after GC invocations=11 (full 2):
 PSYoungGen      total 172544K, used 0K [0x00000000d7a00000, 0x00000000e7c80000, 0x0000000100000000)
  eden space 160256K, 0% used [0x00000000d7a00000,0x00000000d7a00000,0x00000000e1680000)
  from space 12288K, 0% used [0x00000000e1680000,0x00000000e1680000,0x00000000e2280000)
  to   space 11776K, 0% used [0x00000000e7100000,0x00000000e7100000,0x00000000e7c80000)
 ParOldGen       total 68096K, used 13054K [0x0000000086e00000, 0x000000008b080000, 0x00000000d7a00000)
  object space 68096K, 19% used [0x0000000086e00000,0x0000000087abf9e0,0x000000008b080000)
 Metaspace       used 33530K, capacity 35376K, committed 35416K, reserved 1079296K
  class space    used 4400K, capacity 4725K, committed 4736K, reserved 1048576K
}
Event: 25.113 GC heap before
{Heap before GC invocations=12 (full 2):
 PSYoungGen      total 172544K, used 160256K [0x00000000d7a00000, 0x00000000e7c80000, 0x0000000100000000)
  eden space 160256K, 100% used [0x00000000d7a00000,0x00000000e1680000,0x00000000e1680000)
  from space 12288K, 0% used [0x00000000e1680000,0x00000000e1680000,0x00000000e2280000)
  to   space 11776K, 0% used [0x00000000e7100000,0x00000000e7100000,0x00000000e7c80000)
 ParOldGen       total 68096K, used 13054K [0x0000000086e00000, 0x000000008b080000, 0x00000000d7a00000)
  object space 68096K, 19% used [0x0000000086e00000,0x0000000087abf9e0,0x000000008b080000)
 Metaspace       used 48420K, capacity 50628K, committed 50776K, reserved 1093632K
  class space    used 6624K, capacity 7029K, committed 7040K, reserved 1048576K
Event: 25.135 GC heap after
Heap after GC invocations=12 (full 2):
 PSYoungGen      total 248320K, used 11774K [0x00000000d7a00000, 0x00000000e7d00000, 0x0000000100000000)
  eden space 236544K, 0% used [0x00000000d7a00000,0x00000000d7a00000,0x00000000e6100000)
  from space 11776K, 99% used [0x00000000e7100000,0x00000000e7c7fad8,0x00000000e7c80000)
  to   space 14336K, 0% used [0x00000000e6100000,0x00000000e6100000,0x00000000e6f00000)
 ParOldGen       total 68096K, used 17211K [0x0000000086e00000, 0x000000008b080000, 0x00000000d7a00000)
  object space 68096K, 25% used [0x0000000086e00000,0x0000000087ecee78,0x000000008b080000)
 Metaspace       used 48420K, capacity 50628K, committed 50776K, reserved 1093632K
  class space    used 6624K, capacity 7029K, committed 7040K, reserved 1048576K
}
Event: 28.300 GC heap before
{Heap before GC invocations=13 (full 2):
 PSYoungGen      total 248320K, used 144881K [0x00000000d7a00000, 0x00000000e7d00000, 0x0000000100000000)
  eden space 236544K, 56% used [0x00000000d7a00000,0x00000000dfbfcae0,0x00000000e6100000)
  from space 11776K, 99% used [0x00000000e7100000,0x00000000e7c7fad8,0x00000000e7c80000)
  to   space 14336K, 0% used [0x00000000e6100000,0x00000000e6100000,0x00000000e6f00000)
 ParOldGen       total 68096K, used 17211K [0x0000000086e00000, 0x000000008b080000, 0x00000000d7a00000)
  object space 68096K, 25% used [0x0000000086e00000,0x0000000087ecee78,0x000000008b080000)
 Metaspace       used 56093K, capacity 59022K, committed 59028K, reserved 1099776K
  class space    used 7691K, capacity 8186K, committed 8192K, reserved 1048576K
Event: 28.333 GC heap after
Heap after GC invocations=13 (full 2):
 PSYoungGen      total 250880K, used 9199K [0x00000000d7a00000, 0x00000000ee580000, 0x0000000100000000)
  eden space 236544K, 0% used [0x00000000d7a00000,0x00000000d7a00000,0x00000000e6100000)
  from space 14336K, 64% used [0x00000000e6100000,0x00000000e69fbec0,0x00000000e6f00000)
  to   space 14336K, 0% used [0x00000000ed780000,0x00000000ed780000,0x00000000ee580000)
 ParOldGen       total 68096K, used 21904K [0x0000000086e00000, 0x000000008b080000, 0x00000000d7a00000)
  object space 68096K, 32% used [0x0000000086e00000,0x0000000088364108,0x000000008b080000)
 Metaspace       used 56093K, capacity 59022K, committed 59028K, reserved 1099776K
  class space    used 7691K, capacity 8186K, committed 8192K, reserved 1048576K
}
Event: 28.333 GC heap before
{Heap before GC invocations=14 (full 3):
 PSYoungGen      total 250880K, used 9199K [0x00000000d7a00000, 0x00000000ee580000, 0x0000000100000000)
  eden space 236544K, 0% used [0x00000000d7a00000,0x00000000d7a00000,0x00000000e6100000)
  from space 14336K, 64% used [0x00000000e6100000,0x00000000e69fbec0,0x00000000e6f00000)
  to   space 14336K, 0% used [0x00000000ed780000,0x00000000ed780000,0x00000000ee580000)
 ParOldGen       total 68096K, used 21904K [0x0000000086e00000, 0x000000008b080000, 0x00000000d7a00000)
  object space 68096K, 32% used [0x0000000086e00000,0x0000000088364108,0x000000008b080000)
 Metaspace       used 56093K, capacity 59022K, committed 59028K, reserved 1099776K
  class space    used 7691K, capacity 8186K, committed 8192K, reserved 1048576K
Event: 28.552 GC heap after
Heap after GC invocations=14 (full 3):
 PSYoungGen      total 250880K, used 0K [0x00000000d7a00000, 0x00000000ee580000, 0x0000000100000000)
  eden space 236544K, 0% used [0x00000000d7a00000,0x00000000d7a00000,0x00000000e6100000)
  from space 14336K, 0% used [0x00000000e6100000,0x00000000e6100000,0x00000000e6f00000)
  to   space 14336K, 0% used [0x00000000ed780000,0x00000000ed780000,0x00000000ee580000)
 ParOldGen       total 91136K, used 25719K [0x0000000086e00000, 0x000000008c700000, 0x00000000d7a00000)
  object space 91136K, 28% used [0x0000000086e00000,0x000000008871dcf0,0x000000008c700000)
 Metaspace       used 56089K, capacity 59016K, committed 59028K, reserved 1099776K
  class space    used 7690K, capacity 8185K, committed 8192K, reserved 1048576K
}

Deoptimization events (10 events):
Event: 30.160 Thread 0x0000000019db2800 Uncommon trap: reason=bimorphic action=maybe_recompile pc=0x0000000003b533d4 method=org.springframework.core.SerializableTypeWrapper.unwrap(Ljava/lang/reflect/Type;)Ljava/lang/reflect/Type; @ 18
Event: 30.162 Thread 0x0000000019db2800 Uncommon trap: reason=class_check action=maybe_recompile pc=0x0000000003b53a54 method=org.springframework.core.SerializableTypeWrapper.unwrap(Ljava/lang/reflect/Type;)Ljava/lang/reflect/Type; @ 10
Event: 30.167 Thread 0x0000000019db2800 Uncommon trap: reason=bimorphic action=maybe_recompile pc=0x0000000003b533d4 method=org.springframework.core.SerializableTypeWrapper.unwrap(Ljava/lang/reflect/Type;)Ljava/lang/reflect/Type; @ 18
Event: 30.167 Thread 0x0000000019db2800 Uncommon trap: reason=bimorphic action=maybe_recompile pc=0x0000000003b533d4 method=org.springframework.core.SerializableTypeWrapper.unwrap(Ljava/lang/reflect/Type;)Ljava/lang/reflect/Type; @ 18
Event: 30.181 Thread 0x0000000019db2800 Uncommon trap: reason=bimorphic action=maybe_recompile pc=0x00000000031242cc method=java.util.Collections$SetFromMap.contains(Ljava/lang/Object;)Z @ 5
Event: 30.186 Thread 0x0000000019db2800 Uncommon trap: reason=unstable_if action=reinterpret pc=0x000000000398d8ac method=org.springframework.boot.context.properties.source.ConfigurationPropertyName.elementDiffers(Lorg/springframework/boot/context/properties/source/ConfigurationPropertyName$Ele
Event: 30.187 Thread 0x0000000019db2800 Uncommon trap: reason=unstable_if action=reinterpret pc=0x0000000002c972b0 method=org.springframework.util.Assert.notNull(Ljava/lang/Object;Ljava/lang/String;)V @ 1
Event: 30.262 Thread 0x0000000019db2800 Uncommon trap: reason=unstable_if action=reinterpret pc=0x0000000003468870 method=java.util.concurrent.ConcurrentHashMap.get(Ljava/lang/Object;)Ljava/lang/Object; @ 86
Event: 30.520 Thread 0x0000000019db2800 Uncommon trap: reason=unstable_if action=reinterpret pc=0x0000000002ee96fc method=java.io.WinNTFileSystem.isLetter(C)Z @ 3
Event: 30.550 Thread 0x0000000019db2800 Uncommon trap: reason=unstable_if action=reinterpret pc=0x0000000003b88e24 method=org.springframework.beans.factory.support.AbstractBeanFactory.isTypeMatch(Ljava/lang/String;Lorg/springframework/core/ResolvableType;Z)Z @ 34

Classes redefined (0 events):
No events

Internal exceptions (10 events):
Event: 29.662 Thread 0x0000000019db2800 Exception <a 'java/lang/ClassNotFoundException': org/springframework/beans/factory/InitializingBeanCustomizer> (0x00000000daa1f8f0) thrown at [C:\re\workspace\8-2-build-windows-amd64-cygwin\jdk8u211\12973\hotspot\src\share\vm\classfile\systemDictionary.cp
Event: 29.720 Thread 0x0000000019db2800 Exception <a 'java/lang/ClassNotFoundException': java/lang/ObjectCustomizer> (0x00000000dae38b88) thrown at [C:\re\workspace\8-2-build-windows-amd64-cygwin\jdk8u211\12973\hotspot\src\share\vm\classfile\systemDictionary.cpp, line 210]
Event: 29.721 Thread 0x0000000019db2800 Exception <a 'java/lang/ClassNotFoundException': org/springframework/security/config/annotation/web/configuration/WebSecurityConfigurationCustomizer> (0x00000000dae6d0d8) thrown at [C:\re\workspace\8-2-build-windows-amd64-cygwin\jdk8u211\12973\hotspot\src
Event: 29.723 Thread 0x0000000019db2800 Exception <a 'java/lang/ClassNotFoundException': org/springframework/context/annotation/ImportAwareCustomizer> (0x00000000dae9d4f0) thrown at [C:\re\workspace\8-2-build-windows-amd64-cygwin\jdk8u211\12973\hotspot\src\share\vm\classfile\systemDictionary.cp
Event: 29.724 Thread 0x0000000019db2800 Exception <a 'java/lang/ClassNotFoundException': org/springframework/beans/factory/AwareCustomizer> (0x00000000daebac90) thrown at [C:\re\workspace\8-2-build-windows-amd64-cygwin\jdk8u211\12973\hotspot\src\share\vm\classfile\systemDictionary.cpp, line 210
Event: 29.725 Thread 0x0000000019db2800 Exception <a 'java/lang/ClassNotFoundException': org/springframework/beans/factory/BeanClassLoaderAwareCustomizer> (0x00000000daedd630) thrown at [C:\re\workspace\8-2-build-windows-amd64-cygwin\jdk8u211\12973\hotspot\src\share\vm\classfile\systemDictionar
Event: 29.726 Thread 0x0000000019db2800 Exception <a 'java/lang/ClassNotFoundException': org/springframework/beans/factory/AwareCustomizer> (0x00000000daefadb0) thrown at [C:\re\workspace\8-2-build-windows-amd64-cygwin\jdk8u211\12973\hotspot\src\share\vm\classfile\systemDictionary.cpp, line 210
Event: 30.212 Thread 0x0000000019db2800 Exception <a 'java/lang/ClassNotFoundException': org/springframework/core/annotation/SynthesizedAnnotation> (0x00000000dcb8fa68) thrown at [C:\re\workspace\8-2-build-windows-amd64-cygwin\jdk8u211\12973\hotspot\src\share\vm\classfile\systemDictionary.cpp, 
Event: 30.571 Thread 0x0000000019db2800 Exception <a 'java/lang/IncompatibleClassChangeError': Found class java.lang.Object, but interface was expected> (0x00000000ddd85318) thrown at [C:\re\workspace\8-2-build-windows-amd64-cygwin\jdk8u211\12973\hotspot\src\share\vm\interpreter\linkResolver.cp
Event: 30.834 Thread 0x0000000019db2800 Exception <a 'java/lang/ClassNotFoundException': org/springframework/core/annotation/SynthesizedAnnotation> (0x00000000de4523c8) thrown at [C:\re\workspace\8-2-build-windows-amd64-cygwin\jdk8u211\12973\hotspot\src\share\vm\classfile\systemDictionary.cpp, 

Events (10 events):
Event: 30.864 Thread 0x0000000019db2800 DEOPT PACKING pc=0x0000000003359304 sp=0x000000001b1ab2c0
Event: 30.864 Thread 0x0000000019db2800 DEOPT UNPACKING pc=0x0000000002837890 sp=0x000000001b1aaf90 mode 1
Event: 30.865 loading class org/springframework/util/LinkedCaseInsensitiveMap$EntrySetIterator
Event: 30.865 loading class org/springframework/util/LinkedCaseInsensitiveMap$EntrySetIterator done
Event: 30.865 Thread 0x0000000019db2800 DEOPT PACKING pc=0x0000000003359304 sp=0x000000001b1ab2d0
Event: 30.865 Thread 0x0000000019db2800 DEOPT UNPACKING pc=0x0000000002837890 sp=0x000000001b1aafa0 mode 1
Event: 30.865 loading class org/springframework/util/LinkedCaseInsensitiveMap$EntryIterator
Event: 30.865 loading class org/springframework/util/LinkedCaseInsensitiveMap$EntryIterator done
Event: 30.865 Thread 0x0000000019db2800 DEOPT PACKING pc=0x0000000003359304 sp=0x000000001b1a8d90
Event: 30.865 Thread 0x0000000019db2800 DEOPT UNPACKING pc=0x0000000002837890 sp=0x000000001b1a8a60 mode 1


Dynamic libraries:
0x00007ff6887d0000 - 0x00007ff688807000 	C:\Program Files\Java\jdk1.8.0_211\bin\java.exe
0x00007ffcac9c0000 - 0x00007ffcacb9b000 	C:\Windows\SYSTEM32\ntdll.dll
0x00007ffcaa9c0000 - 0x00007ffcaaa6e000 	C:\Windows\System32\KERNEL32.DLL
0x00007ffca8f50000 - 0x00007ffca919a000 	C:\Windows\System32\KERNELBASE.dll
0x00007ffcaa910000 - 0x00007ffcaa9b1000 	C:\Windows\System32\ADVAPI32.dll
0x00007ffcaa850000 - 0x00007ffcaa8ed000 	C:\Windows\System32\msvcrt.dll
0x00007ffcac6b0000 - 0x00007ffcac709000 	C:\Windows\System32\sechost.dll
0x00007ffca9f20000 - 0x00007ffcaa045000 	C:\Windows\System32\RPCRT4.dll
0x00007ffcaad80000 - 0x00007ffcaaeca000 	C:\Windows\System32\USER32.dll
0x00007ffca9520000 - 0x00007ffca953e000 	C:\Windows\System32\win32u.dll
0x00007ffcaaa70000 - 0x00007ffcaaa97000 	C:\Windows\System32\GDI32.dll
0x00007ffca9c40000 - 0x00007ffca9dc8000 	C:\Windows\System32\gdi32full.dll
0x00007ffca9dd0000 - 0x00007ffca9e6a000 	C:\Windows\System32\msvcp_win.dll
0x00007ffca91a0000 - 0x00007ffca9296000 	C:\Windows\System32\ucrtbase.dll
0x00007ffca13c0000 - 0x00007ffca1627000 	C:\Windows\WinSxS\amd64_microsoft.windows.common-controls_6595b64144ccf1df_6.0.15063.1155_none_40c7922129a7722b\COMCTL32.dll
0x00007ffcaa550000 - 0x00007ffcaa849000 	C:\Windows\System32\combase.dll
0x00007ffca8ee0000 - 0x00007ffca8f4a000 	C:\Windows\System32\bcryptPrimitives.dll
0x00007ffcab0f0000 - 0x00007ffcab11d000 	C:\Windows\System32\IMM32.DLL
0x0000000075af0000 - 0x0000000075bc2000 	C:\Program Files\Java\jdk1.8.0_211\jre\bin\msvcr100.dll
0x0000000075240000 - 0x0000000075ae5000 	C:\Program Files\Java\jdk1.8.0_211\jre\bin\server\jvm.dll
0x00007ffcaaed0000 - 0x00007ffcaaed8000 	C:\Windows\System32\PSAPI.DLL
0x00007ffca1630000 - 0x00007ffca1639000 	C:\Windows\SYSTEM32\WSOCK32.dll
0x00007ffcac950000 - 0x00007ffcac9bc000 	C:\Windows\System32\WS2_32.dll
0x00007ffca3180000 - 0x00007ffca31a3000 	C:\Windows\SYSTEM32\WINMM.dll
0x00007ffca1680000 - 0x00007ffca168a000 	C:\Windows\SYSTEM32\VERSION.dll
0x00007ffca3150000 - 0x00007ffca317b000 	C:\Windows\SYSTEM32\WINMMBASE.dll
0x00007ffca9300000 - 0x00007ffca9349000 	C:\Windows\System32\cfgmgr32.dll
0x00007ffc9ed40000 - 0x00007ffc9ed4f000 	C:\Program Files\Java\jdk1.8.0_211\jre\bin\verify.dll
0x00007ffc9b640000 - 0x00007ffc9b669000 	C:\Program Files\Java\jdk1.8.0_211\jre\bin\java.dll
0x00007ffc94d30000 - 0x00007ffc94d65000 	C:\Program Files\Java\jdk1.8.0_211\jre\bin\jdwp.dll
0x00007ffc9c790000 - 0x00007ffc9c798000 	C:\Program Files\Java\jdk1.8.0_211\jre\bin\npt.dll
0x00007ffc9c720000 - 0x00007ffc9c736000 	C:\Program Files\Java\jdk1.8.0_211\jre\bin\zip.dll
0x00007ffcab120000 - 0x00007ffcac558000 	C:\Windows\System32\SHELL32.dll
0x00007ffcac790000 - 0x00007ffcac83a000 	C:\Windows\System32\shcore.dll
0x00007ffca9540000 - 0x00007ffca9c31000 	C:\Windows\System32\windows.storage.dll
0x00007ffcab090000 - 0x00007ffcab0e1000 	C:\Windows\System32\shlwapi.dll
0x00007ffca8e30000 - 0x00007ffca8e41000 	C:\Windows\System32\kernel.appcore.dll
0x00007ffca8e90000 - 0x00007ffca8edc000 	C:\Windows\System32\powrprof.dll
0x00007ffca8e50000 - 0x00007ffca8e65000 	C:\Windows\System32\profapi.dll
0x00007ffc9c780000 - 0x00007ffc9c789000 	C:\Program Files\Java\jdk1.8.0_211\jre\bin\dt_socket.dll
0x00007ffca5400000 - 0x00007ffca5416000 	C:\Windows\system32\napinsp.dll
0x00007ffca5da0000 - 0x00007ffca5dba000 	C:\Windows\system32\pnrpnsp.dll
0x00007ffca6070000 - 0x00007ffca6088000 	C:\Windows\system32\NLAapi.dll
0x00007ffca8740000 - 0x00007ffca879c000 	C:\Windows\System32\mswsock.dll
0x00007ffca8520000 - 0x00007ffca85c4000 	C:\Windows\SYSTEM32\DNSAPI.dll
0x00007ffcac940000 - 0x00007ffcac948000 	C:\Windows\System32\NSI.dll
0x00007ffca84e0000 - 0x00007ffca8517000 	C:\Windows\SYSTEM32\IPHLPAPI.DLL
0x00007ffca5e40000 - 0x00007ffca5e4e000 	C:\Windows\System32\winrnr.dll
0x00007ffc9a100000 - 0x00007ffc9a115000 	C:\Windows\System32\wshbth.dll
0x00007ffca29c0000 - 0x00007ffca2a2b000 	C:\Windows\System32\fwpuclnt.dll
0x00007ffca89f0000 - 0x00007ffca8a15000 	C:\Windows\SYSTEM32\bcrypt.dll
0x00007ffca1be0000 - 0x00007ffca1bea000 	C:\Windows\System32\rasadhlp.dll
0x00007ffc9c770000 - 0x00007ffc9c77d000 	C:\Program Files\Java\jdk1.8.0_211\jre\bin\management.dll
0x00007ffc9e200000 - 0x00007ffc9e21a000 	C:\Program Files\Java\jdk1.8.0_211\jre\bin\net.dll
0x00007ffc9b7c0000 - 0x00007ffc9b987000 	C:\Windows\SYSTEM32\urlmon.dll
0x00007ffc9cbb0000 - 0x00007ffc9ce45000 	C:\Windows\SYSTEM32\iertutil.dll
0x00007ffca8900000 - 0x00007ffca890b000 	C:\Windows\SYSTEM32\CRYPTBASE.DLL
0x00007ffc9c7a0000 - 0x00007ffc9c7b2000 	C:\Program Files\Java\jdk1.8.0_211\jre\bin\nio.dll
0x00007ffca88e0000 - 0x00007ffca88f7000 	C:\Windows\SYSTEM32\CRYPTSP.dll
0x00007ffca8350000 - 0x00007ffca8384000 	C:\Windows\system32\rsaenh.dll
0x00007ffca8d60000 - 0x00007ffca8d89000 	C:\Windows\SYSTEM32\USERENV.dll
0x00007ffca3830000 - 0x00007ffca3846000 	C:\Windows\SYSTEM32\dhcpcsvc6.DLL
0x00007ffca3810000 - 0x00007ffca382a000 	C:\Windows\SYSTEM32\dhcpcsvc.DLL

VM Arguments:
jvm_args: -agentlib:jdwp=transport=dt_socket,server=n,suspend=y,address=localhost:56825 -Dfile.encoding=UTF-8 
java_command: vn.tpsc.it4u.It4uApplication
java_class_path (initial): C:\Users\Admin\AppData\Local\Temp\cp_3807u262ll41511iu50oyrw53.jar
Launcher Type: SUN_STANDARD

Environment Variables:
JAVA_HOME=C:\Program Files\Java\jdk1.8.0_211
CLASSPATH=.;
PATH=C:\Python27\;C:\Python27\Scripts;C:\Program Files\AdoptOpenJDK\jdk-8.0.232.09-hotspot\bin;C:\Windows\system32;C:\Windows;C:\Windows\System32\Wbem;C:\Windows\System32\WindowsPowerShell\v1.0\;E:\TPsTech\Software\nodejs\;C:\ProgramData\chocolatey\bin;E:\TPsTech\Software\Git\cmd;C:\Users\Admin\AppData\Local\Android\Sdk\platform-tools;C:\Program Files\Java\jdk1.8.0_211\bin;C:\Users\Admin\AppData\Local\Android\Sdk;C:\Program Files (x86)\Yarn\bin\;C:\Ruby26-x64\bin;C:\Users\Admin\AppData\Local\Microsoft\WindowsApps;E:\TPsTech\Software\Microsoft VS Code\bin;C:\Users\Admin\AppData\Roaming\npm;C:\Users\Admin\Downloads\apache-maven-3.6.3-bin\apache-maven-3.6.3\bin;C:\Program Files\Genymobile\Genymotion\tools;C:\Users\Admin\AppData\Local\Android\Sdk\platform-tools;C:\Users\Admin\AppData\Local\Android\Sdk;C:\Users\Admin\AppData\Local\Yarn\bin;C:\Users\Admin\AppData\Local\Programs\Microsoft VS Code\bin
USERNAME=Admin
OS=Windows_NT
PROCESSOR_IDENTIFIER=Intel64 Family 6 Model 58 Stepping 9, GenuineIntel



---------------  S Y S T E M  ---------------

OS: Windows 10.0 , 64 bit Build 15063 (10.0.15063.1058)

CPU:total 4 (initial active 4) (2 cores per cpu, 2 threads per core) family 6 model 58 stepping 9, cmov, cx8, fxsr, mmx, sse, sse2, sse3, ssse3, sse4.1, sse4.2, popcnt, avx, clmul, erms, ht, tsc, tscinvbit, tscinv

Memory: 4k page, physical 7936520k(621676k free), swap 7936520k(9568k free)

vm_info: Java HotSpot(TM) 64-Bit Server VM (25.211-b12) for windows-amd64 JRE (1.8.0_211-b12), built on Apr  1 2019 20:53:26 by "java_re" with MS VC++ 10.0 (VS2010)

time: Tue May 12 08:26:20 2020
timezone: SE Asia Standard Time
elapsed time: 30 seconds (0d 0h 0m 30s)

