#
# There is insufficient memory for the Java Runtime Environment to continue.
# Native memory allocation (malloc) failed to allocate 320656 bytes for Chunk::new
# Possible reasons:
#   The system is out of physical RAM or swap space
#   The process is running with CompressedOops enabled, and the Java Heap may be blocking the growth of the native heap
# Possible solutions:
#   Reduce memory load on the system
#   Increase physical memory or swap space
#   Check if swap backing store is full
#   Decrease Java heap size (-Xmx/-Xms)
#   Decrease number of Java threads
#   Decrease Java thread stack sizes (-Xss)
#   Set larger code cache with -XX:ReservedCodeCacheSize=
#   JVM is running with Unscaled Compressed Oops mode in which the Java heap is
#     placed in the first 4GB address space. The Java Heap base address is the
#     maximum limit for the native heap growth. Please use -XX:HeapBaseMinAddress
#     to set the Java Heap base and to place the Java Heap above 4GB virtual address.
# This output file may be truncated or incomplete.
#
#  Out of Memory Error (allocation.cpp:389), pid=6380, tid=0x0000000000000788
#
# JRE version: Java(TM) SE Runtime Environment (8.0_211-b12) (build 1.8.0_211-b12)
# Java VM: Java HotSpot(TM) 64-Bit Server VM (25.211-b12 mixed mode windows-amd64 compressed oops)
# Failed to write core dump. Minidumps are not enabled by default on client versions of Windows
#

---------------  T H R E A D  ---------------

Current thread (0x00000000179f0800):  JavaThread "C2 CompilerThread0" daemon [_thread_in_native, id=1928, stack(0x0000000019030000,0x0000000019130000)]

Stack: [0x0000000019030000,0x0000000019130000]
[error occurred during error reporting (printing stack bounds), id 0xc0000005]

Native frames: (J=compiled Java code, j=interpreted, Vv=VM code, C=native code)


Current CompileTask:
C2:   1469  403       4       java.io.WinNTFileSystem::normalize (143 bytes)


---------------  P R O C E S S  ---------------

Java Threads: ( => current thread )
  0x0000000019339000 JavaThread "Service Thread" daemon [_thread_blocked, id=8352, stack(0x0000000019730000,0x0000000019830000)]
  0x0000000017a45800 JavaThread "C1 CompilerThread2" daemon [_thread_blocked, id=8404, stack(0x0000000019230000,0x0000000019330000)]
  0x00000000179f4800 JavaThread "C2 CompilerThread1" daemon [_thread_in_native, id=8624, stack(0x0000000019130000,0x0000000019230000)]
=>0x00000000179f0800 JavaThread "C2 CompilerThread0" daemon [_thread_in_native, id=1928, stack(0x0000000019030000,0x0000000019130000)]
  0x00000000179ef000 JavaThread "Attach Listener" daemon [_thread_blocked, id=7104, stack(0x0000000018f30000,0x0000000019030000)]
  0x00000000179ee000 JavaThread "Signal Dispatcher" daemon [_thread_blocked, id=8484, stack(0x0000000018e30000,0x0000000018f30000)]
  0x00000000031c6800 JavaThread "Finalizer" daemon [_thread_blocked, id=5800, stack(0x0000000018c40000,0x0000000018d40000)]
  0x00000000179da000 JavaThread "Reference Handler" daemon [_thread_blocked, id=4588, stack(0x0000000018b40000,0x0000000018c40000)]
  0x00000000030d2800 JavaThread "main" [_thread_in_Java, id=1104, stack(0x0000000002ed0000,0x0000000002fd0000)]

Other Threads:
  0x00000000179b8000 VMThread [stack: 0x0000000018a40000,0x0000000018b40000] [id=784]
  0x000000001933b000 WatcherThread [stack: 0x0000000019830000,0x0000000019930000] [id=4688]

VM state:not at safepoint (normal execution)

VM Mutex/Monitor currently owned by a thread: None

heap address: 0x0000000086e00000, size: 1938 MB, Compressed Oops mode: 32-bit
Narrow klass base: 0x0000000000000000, Narrow klass shift: 3
Compressed class space size: 1073741824 Address: 0x0000000100000000

Heap:
 PSYoungGen      total 36352K, used 10643K [0x00000000d7a00000, 0x00000000da280000, 0x0000000100000000)
  eden space 31232K, 34% used [0x00000000d7a00000,0x00000000d8464ff8,0x00000000d9880000)
  from space 5120K, 0% used [0x00000000d9d80000,0x00000000d9d80000,0x00000000da280000)
  to   space 5120K, 0% used [0x00000000d9880000,0x00000000d9880000,0x00000000d9d80000)
 ParOldGen       total 83456K, used 0K [0x0000000086e00000, 0x000000008bf80000, 0x00000000d7a00000)
  object space 83456K, 0% used [0x0000000086e00000,0x0000000086e00000,0x000000008bf80000)
 Metaspace       used 6169K, capacity 6356K, committed 6400K, reserved 1056768K
  class space    used 659K, capacity 736K, committed 768K, reserved 1048576K

Card table byte_map: [0x0000000012590000,0x0000000012960000] byte_map_base: 0x0000000012159000

Marking Bits: (ParMarkBitMap*) 0x0000000075a65ce0
 Begin Bits: [0x0000000012ff0000, 0x0000000014e38000)
 End Bits:   [0x0000000014e38000, 0x0000000016c80000)

Polling page: 0x0000000000ff0000

CodeCache: size=245760Kb used=2060Kb max_used=2060Kb free=243699Kb
 bounds [0x00000000031d0000, 0x0000000003440000, 0x00000000121d0000]
 total_blobs=725 nmethods=412 adapters=226
 compilation: enabled

Compilation events (10 events):
Event: 1.460 Thread 0x00000000179f4800  411   !   4       sun.misc.URLClassPath$JarLoader::getResource (85 bytes)
Event: 1.462 Thread 0x0000000017a45800 nmethod 409 0x00000000033d00d0 code [0x00000000033d0420, 0x00000000033d1eb8]
Event: 1.462 Thread 0x0000000017a45800  412       3       java.util.jar.Attributes::putValue (17 bytes)
Event: 1.463 Thread 0x0000000017a45800 nmethod 412 0x00000000033d2dd0 code [0x00000000033d2f60, 0x00000000033d3378]
Event: 1.463 Thread 0x0000000017a45800  410       3       java.lang.Throwable::<init> (39 bytes)
Event: 1.463 Thread 0x0000000017a45800 nmethod 410 0x00000000033d3510 code [0x00000000033d36a0, 0x00000000033d3c48]
Event: 1.463 Thread 0x0000000017a45800  413       1       java.util.TreeMap::access$100 (5 bytes)
Event: 1.463 Thread 0x0000000017a45800 nmethod 413 0x00000000033d3d90 code [0x00000000033d3ee0, 0x00000000033d3fd0]
Event: 1.464 Thread 0x0000000017a45800  415       3       java.util.Vector::ensureCapacityHelper (16 bytes)
Event: 1.464 Thread 0x0000000017a45800 nmethod 415 0x00000000033d4050 code [0x00000000033d41c0, 0x00000000033d4388]

GC Heap History (0 events):
No events

Deoptimization events (1 events):
Event: 1.448 Thread 0x00000000030d2800 Uncommon trap: reason=unstable_if action=reinterpret pc=0x00000000033c83a4 method=org.codehaus.plexus.util.xml.pull.MXParser.more()C @ 8

Classes redefined (0 events):
No events

Internal exceptions (6 events):
Event: 0.159 Thread 0x00000000030d2800 Exception <a 'java/lang/NoSuchMethodError': Method sun.misc.Unsafe.defineClass(Ljava/lang/String;[BII)Ljava/lang/Class; name or signature does not match> (0x00000000d7a07cb0) thrown at [C:\re\workspace\8-2-build-windows-amd64-cygwin\jdk8u211\12973\hotspot
Event: 0.159 Thread 0x00000000030d2800 Exception <a 'java/lang/NoSuchMethodError': Method sun.misc.Unsafe.prefetchRead(Ljava/lang/Object;J)V name or signature does not match> (0x00000000d7a07f98) thrown at [C:\re\workspace\8-2-build-windows-amd64-cygwin\jdk8u211\12973\hotspot\src\share\vm\prim
Event: 0.319 Thread 0x00000000030d2800 Exception <a 'java/security/PrivilegedActionException'> (0x00000000d7a8ca88) thrown at [C:\re\workspace\8-2-build-windows-amd64-cygwin\jdk8u211\12973\hotspot\src\share\vm\prims\jvm.cpp, line 1502]
Event: 0.319 Thread 0x00000000030d2800 Exception <a 'java/security/PrivilegedActionException'> (0x00000000d7a8cc98) thrown at [C:\re\workspace\8-2-build-windows-amd64-cygwin\jdk8u211\12973\hotspot\src\share\vm\prims\jvm.cpp, line 1502]
Event: 0.320 Thread 0x00000000030d2800 Exception <a 'java/security/PrivilegedActionException'> (0x00000000d7a90ba8) thrown at [C:\re\workspace\8-2-build-windows-amd64-cygwin\jdk8u211\12973\hotspot\src\share\vm\prims\jvm.cpp, line 1502]
Event: 0.320 Thread 0x00000000030d2800 Exception <a 'java/security/PrivilegedActionException'> (0x00000000d7a90db8) thrown at [C:\re\workspace\8-2-build-windows-amd64-cygwin\jdk8u211\12973\hotspot\src\share\vm\prims\jvm.cpp, line 1502]

Events (10 events):
Event: 1.462 loading class org/eclipse/sisu/bean/BeanManager
Event: 1.462 loading class org/eclipse/sisu/bean/BeanManager done
Event: 1.463 loading class javax/inject/Provider
Event: 1.463 loading class javax/inject/Provider done
Event: 1.463 loading class org/eclipse/sisu/space/ClassSpace
Event: 1.463 loading class org/eclipse/sisu/space/ClassSpace done
Event: 1.464 loading class org/codehaus/plexus/component/repository/exception/ComponentLookupException
Event: 1.464 loading class org/codehaus/plexus/component/repository/exception/ComponentLookupException done
Event: 1.465 loading class java/lang/TypeNotPresentException
Event: 1.466 loading class java/lang/TypeNotPresentException done


Dynamic libraries:
0x00007ff6887d0000 - 0x00007ff688807000 	C:\Program Files\Java\jdk1.8.0_211\bin\java.exe
0x00007ffcac9c0000 - 0x00007ffcacb9b000 	C:\Windows\SYSTEM32\ntdll.dll
0x00007ffcaa9c0000 - 0x00007ffcaaa6e000 	C:\Windows\System32\KERNEL32.DLL
0x00007ffca8f50000 - 0x00007ffca919a000 	C:\Windows\System32\KERNELBASE.dll
0x00007ffcaa910000 - 0x00007ffcaa9b1000 	C:\Windows\System32\ADVAPI32.dll
0x00007ffcaa850000 - 0x00007ffcaa8ed000 	C:\Windows\System32\msvcrt.dll
0x00007ffcac6b0000 - 0x00007ffcac709000 	C:\Windows\System32\sechost.dll
0x00007ffca9f20000 - 0x00007ffcaa045000 	C:\Windows\System32\RPCRT4.dll
0x00007ffcaad80000 - 0x00007ffcaaeca000 	C:\Windows\System32\USER32.dll
0x00007ffca9520000 - 0x00007ffca953e000 	C:\Windows\System32\win32u.dll
0x00007ffcaaa70000 - 0x00007ffcaaa97000 	C:\Windows\System32\GDI32.dll
0x00007ffca9c40000 - 0x00007ffca9dc8000 	C:\Windows\System32\gdi32full.dll
0x00007ffca9dd0000 - 0x00007ffca9e6a000 	C:\Windows\System32\msvcp_win.dll
0x00007ffca91a0000 - 0x00007ffca9296000 	C:\Windows\System32\ucrtbase.dll
0x00007ffca13c0000 - 0x00007ffca1627000 	C:\Windows\WinSxS\amd64_microsoft.windows.common-controls_6595b64144ccf1df_6.0.15063.1155_none_40c7922129a7722b\COMCTL32.dll
0x00007ffcaa550000 - 0x00007ffcaa849000 	C:\Windows\System32\combase.dll
0x00007ffca8ee0000 - 0x00007ffca8f4a000 	C:\Windows\System32\bcryptPrimitives.dll
0x00007ffcab0f0000 - 0x00007ffcab11d000 	C:\Windows\System32\IMM32.DLL
0x0000000075af0000 - 0x0000000075bc2000 	C:\Program Files\Java\jdk1.8.0_211\jre\bin\msvcr100.dll
0x0000000075240000 - 0x0000000075ae5000 	C:\Program Files\Java\jdk1.8.0_211\jre\bin\server\jvm.dll
0x00007ffcaaed0000 - 0x00007ffcaaed8000 	C:\Windows\System32\PSAPI.DLL
0x00007ffca23d0000 - 0x00007ffca23d9000 	C:\Windows\SYSTEM32\WSOCK32.dll
0x00007ffcac950000 - 0x00007ffcac9bc000 	C:\Windows\System32\WS2_32.dll
0x00007ffca3180000 - 0x00007ffca31a3000 	C:\Windows\SYSTEM32\WINMM.dll
0x00007ffca1680000 - 0x00007ffca168a000 	C:\Windows\SYSTEM32\VERSION.dll
0x00007ffca3150000 - 0x00007ffca317b000 	C:\Windows\SYSTEM32\WINMMBASE.dll
0x00007ffca9300000 - 0x00007ffca9349000 	C:\Windows\System32\cfgmgr32.dll
0x00007ffca1d00000 - 0x00007ffca1d0f000 	C:\Program Files\Java\jdk1.8.0_211\jre\bin\verify.dll
0x00007ffc98c20000 - 0x00007ffc98c49000 	C:\Program Files\Java\jdk1.8.0_211\jre\bin\java.dll
0x00007ffc9a8e0000 - 0x00007ffc9a8f6000 	C:\Program Files\Java\jdk1.8.0_211\jre\bin\zip.dll
0x00007ffcab120000 - 0x00007ffcac558000 	C:\Windows\System32\SHELL32.dll
0x00007ffcac790000 - 0x00007ffcac83a000 	C:\Windows\System32\shcore.dll
0x00007ffca9540000 - 0x00007ffca9c31000 	C:\Windows\System32\windows.storage.dll
0x00007ffcab090000 - 0x00007ffcab0e1000 	C:\Windows\System32\shlwapi.dll
0x00007ffca8e30000 - 0x00007ffca8e41000 	C:\Windows\System32\kernel.appcore.dll
0x00007ffca8e90000 - 0x00007ffca8edc000 	C:\Windows\System32\powrprof.dll
0x00007ffca8e50000 - 0x00007ffca8e65000 	C:\Windows\System32\profapi.dll
0x00007ffca88e0000 - 0x00007ffca88f7000 	C:\Windows\SYSTEM32\CRYPTSP.dll
0x00007ffca8350000 - 0x00007ffca8384000 	C:\Windows\system32\rsaenh.dll
0x00007ffca89f0000 - 0x00007ffca8a15000 	C:\Windows\SYSTEM32\bcrypt.dll
0x00007ffca8d60000 - 0x00007ffca8d89000 	C:\Windows\SYSTEM32\USERENV.dll
0x00007ffca8900000 - 0x00007ffca890b000 	C:\Windows\SYSTEM32\CRYPTBASE.dll
0x00007ffc9a4d0000 - 0x00007ffc9a4ea000 	C:\Program Files\Java\jdk1.8.0_211\jre\bin\net.dll
0x00007ffc9b7c0000 - 0x00007ffc9b987000 	C:\Windows\SYSTEM32\urlmon.dll
0x00007ffc9cbb0000 - 0x00007ffc9ce45000 	C:\Windows\SYSTEM32\iertutil.dll
0x00007ffca8740000 - 0x00007ffca879c000 	C:\Windows\system32\mswsock.dll
0x00007ffca84e0000 - 0x00007ffca8517000 	C:\Windows\SYSTEM32\IPHLPAPI.DLL
0x00007ffcac940000 - 0x00007ffcac948000 	C:\Windows\System32\NSI.dll
0x00007ffca3830000 - 0x00007ffca3846000 	C:\Windows\SYSTEM32\dhcpcsvc6.DLL
0x00007ffca3810000 - 0x00007ffca382a000 	C:\Windows\SYSTEM32\dhcpcsvc.DLL
0x00007ffc9a310000 - 0x00007ffc9a322000 	C:\Program Files\Java\jdk1.8.0_211\jre\bin\nio.dll
0x00007ffca1d10000 - 0x00007ffca1d1a000 	C:\Users\Admin\AppData\Local\Temp\jansi-1.17.1-937268030494656039.dll
0x00007ffc9e200000 - 0x00007ffc9e20a000 	C:\Users\Admin\AppData\Local\Temp\jansi-1.17.1-2677642987814047199.dll

VM Arguments:
jvm_args: -Dmaven.multiModuleProjectDirectory=e:\TPsTech\Dev\IT4U\it4u-server 
java_command: org.apache.maven.wrapper.MavenWrapperMain help:effective-pom -Doutput=c:\Users\Admin\AppData\Roaming\Code\User\workspaceStorage\91923981f1182df43a6612c1e14db501\vscjava.vscode-maven\8ddd64ca515211f11dbc51f25d9b0167 -f e:\TPsTech\Dev\IT4U\it4u-server\pom.xml
java_class_path (initial): e:\TPsTech\Dev\IT4U\it4u-server\.mvn\wrapper\maven-wrapper.jar
Launcher Type: SUN_STANDARD

Environment Variables:
JAVA_HOME=C:\Program Files\Java\jdk1.8.0_211
CLASSPATH=.;
PATH=C:\Python27\;C:\Python27\Scripts;C:\Program Files\AdoptOpenJDK\jdk-8.0.232.09-hotspot\bin;C:\Windows\system32;C:\Windows;C:\Windows\System32\Wbem;C:\Windows\System32\WindowsPowerShell\v1.0\;E:\TPsTech\Software\nodejs\;C:\ProgramData\chocolatey\bin;E:\TPsTech\Software\Git\cmd;C:\Users\Admin\AppData\Local\Android\Sdk\platform-tools;C:\Program Files\Java\jdk1.8.0_211\bin;C:\Users\Admin\AppData\Local\Android\Sdk;C:\Program Files (x86)\Yarn\bin\;C:\Ruby26-x64\bin;C:\Users\Admin\AppData\Local\Microsoft\WindowsApps;E:\TPsTech\Software\Microsoft VS Code\bin;C:\Users\Admin\AppData\Roaming\npm;C:\Users\Admin\Downloads\apache-maven-3.6.3-bin\apache-maven-3.6.3\bin;C:\Program Files\Genymobile\Genymotion\tools;C:\Users\Admin\AppData\Local\Yarn\bin;C:\Users\Admin\AppData\Local\Programs\Microsoft VS Code\bin
USERNAME=Admin
OS=Windows_NT
PROCESSOR_IDENTIFIER=Intel64 Family 6 Model 58 Stepping 9, GenuineIntel



---------------  S Y S T E M  ---------------

OS: Windows 10.0 , 64 bit Build 15063 (10.0.15063.1058)

CPU:total 4 (initial active 4) (2 cores per cpu, 2 threads per core) family 6 model 58 stepping 9, cmov, cx8, fxsr, mmx, sse, sse2, sse3, ssse3, sse4.1, sse4.2, popcnt, avx, clmul, erms, ht, tsc, tscinvbit, tscinv

Memory: 4k page, physical 7936520k(1098824k free), swap 7936520k(4788k free)

vm_info: Java HotSpot(TM) 64-Bit Server VM (25.211-b12) for windows-amd64 JRE (1.8.0_211-b12), built on Apr  1 2019 20:53:26 by "java_re" with MS VC++ 10.0 (VS2010)

time: Tue May 12 14:48:30 2020
timezone: SE Asia Standard Time
elapsed time: 1 seconds (0d 0h 0m 1s)

