JvmtiExport can_access_local_variables 1
JvmtiExport can_hotswap_or_post_breakpoint 1
JvmtiExport can_post_on_exceptions 1
# 355 ciObject found
ciMethod java/lang/Object <init> ()V 4097 1 1480851 0 0
ciMethod java/lang/Object clone ()Ljava/lang/Object; 2049 1 256 0 -1
ciMethod java/lang/String equals (Ljava/lang/Object;)Z 2089 12097 4002 0 -1
ciMethod java/lang/String startsWith (Ljava/lang/String;I)Z 2049 1841 5573 0 512
ciMethod java/lang/String startsWith (Ljava/lang/String;)Z 2049 1 344427 0 416
ciMethod java/lang/String lastIndexOf (I)I 2049 1 40256 0 -1
ciMethod java/lang/String substring (II)Ljava/lang/String; 2049 1 5464 0 -1
ciMethod java/lang/reflect/AnnotatedElement getDeclaredAnnotations ()[Ljava/lang/annotation/Annotation; 0 0 1 0 -1
ciMethod java/lang/Class getName ()Ljava/lang/String; 2097 1 317547 0 96
ciMethod java/lang/Class getName0 ()Ljava/lang/String; 3113 1 389 0 -1
ciMethod java/lang/Class getClassLoader0 ()Ljava/lang/ClassLoader; 1057 1 132 0 0
ciMethod java/lang/Class getSuperclass ()Ljava/lang/Class; 2049 1 256 0 -1
ciMethod java/lang/Class getInterfaces ()[Ljava/lang/Class; 1 1 5219 0 1792
ciMethod java/lang/Class getInterfaces0 ()[Ljava/lang/Class; 2057 1 257 0 -1
ciMethod java/lang/Class getEnclosingMethod0 ()[Ljava/lang/Object; 3073 1 384 0 -1
ciMethod java/lang/Class getEnclosingMethodInfo ()Ljava/lang/Class$EnclosingMethodInfo; 3137 1 49557 0 0
ciMethod java/lang/Class getDeclaringClass ()Ljava/lang/Class; 2057 1 50355 0 0
ciMethod java/lang/Class getDeclaringClass0 ()Ljava/lang/Class; 3089 1 386 0 -1
ciMethod java/lang/Class getEnclosingClass ()Ljava/lang/Class; 2049 1 49236 0 480
ciMethod java/lang/Class checkPackageAccess (Ljava/lang/ClassLoader;Z)V 145 1 1868 0 0
ciMethod java/lang/Class reflectionData ()Ljava/lang/Class$ReflectionData; 2049 1 7620 0 1472
ciMethod java/lang/Class newReflectionData (Ljava/lang/ref/SoftReference;I)Ljava/lang/Class$ReflectionData; 697 1 882 0 0
ciMethod java/lang/Class getAnnotations ()[Ljava/lang/annotation/Annotation; 2049 1 6641 0 -1
ciMethod java/lang/ClassLoader getClassLoader (Ljava/lang/Class;)Ljava/lang/ClassLoader; 49 1 4845 0 0
ciMethod java/lang/System getSecurityManager ()Ljava/lang/SecurityManager; 2049 1 79928 0 0
ciMethod java/lang/SecurityManager checkPackageAccess (Ljava/lang/String;)V 0 0 1 0 -1
ciMethod java/lang/ref/Reference get ()Ljava/lang/Object; 1025 1 128 0 -1
ciMethod java/lang/ref/Reference <init> (Ljava/lang/Object;)V 2057 1 17706 0 0
ciMethod java/lang/ref/Reference <init> (Ljava/lang/Object;Ljava/lang/ref/ReferenceQueue;)V 2049 1 30174 0 96
ciMethod java/lang/ref/SoftReference <init> (Ljava/lang/Object;)V 2049 1 2758 0 0
ciMethod java/lang/ref/SoftReference get ()Ljava/lang/Object; 2049 1 31345 0 96
ciMethod java/util/Map get (Ljava/lang/Object;)Ljava/lang/Object; 0 0 1 0 -1
ciMethod java/util/Map put (Ljava/lang/Object;Ljava/lang/Object;)Ljava/lang/Object; 0 0 1 0 -1
ciMethod java/util/Map computeIfAbsent (Ljava/lang/Object;Ljava/util/function/Function;)Ljava/lang/Object; 0 0 1 0 -1
ciMethod java/lang/reflect/Method getDeclaringClass ()Ljava/lang/Class; 1033 1 129 0 -1
ciMethod java/lang/annotation/Annotation annotationType ()Ljava/lang/Class; 0 0 1 0 -1
ciMethod sun/misc/Unsafe compareAndSwapObject (Ljava/lang/Object;JLjava/lang/Object;Ljava/lang/Object;)Z 3073 1 384 0 -1
ciMethod java/util/List size ()I 0 0 1 0 -1
ciMethod java/util/List get (I)Ljava/lang/Object; 0 0 1 0 -1
ciMethod java/util/ArrayList size ()I 1025 1 128 0 0
ciMethod java/util/ArrayList elementData (I)Ljava/lang/Object; 2089 1 11641 0 128
ciMethod java/util/ArrayList get (I)Ljava/lang/Object; 2057 1 11269 0 192
ciMethod java/util/ArrayList rangeCheck (I)V 2089 1 11631 0 64
ciMethod sun/reflect/Reflection getCallerClass ()Ljava/lang/Class; 2049 1 256 0 -1
ciMethod java/util/Objects requireNonNull (Ljava/lang/Object;)Ljava/lang/Object; 2137 1 487480 0 64
ciMethod java/lang/Class$ReflectionData <init> (I)V 1721 1 882 0 0
ciMethod java/lang/Class$Atomic casReflectionData (Ljava/lang/Class;Ljava/lang/ref/SoftReference;Ljava/lang/ref/SoftReference;)Z 1721 1 88